#
# A fatal error has been detected by the Java Runtime Environment:
#
#  SIGSEGV (0xb) at pc=0x00007f8b0e717b35, pid=11204, tid=0x00007f8b0c8cf700
#
# JRE version: Java(TM) SE Runtime Environment (8.0_181-b13) (build 1.8.0_181-b13)
# Java VM: Java HotSpot(TM) 64-Bit Server VM (25.181-b13 mixed mode linux-amd64 compressed oops)
# Problematic frame:
# V  [libjvm.so+0x654b35]  InstanceKlass::oop_follow_contents(ParCompactionManager*, oopDesc*)+0x2d5
#
# Core dump written. Default location: /home/roger/NetBeansProjects/SalesAssistant/core or core.11204
#
# If you would like to submit a bug report, please visit:
#   http://bugreport.java.com/bugreport/crash.jsp
#

---------------  T H R E A D  ---------------

Current thread (0x00007f8b08025000):  GCTaskThread [stack: 0x00007f8b0c7d0000,0x00007f8b0c8d0000] [id=11212]

siginfo: si_signo: 11 (SIGSEGV), si_code: 128 (SI_KERNEL), si_addr: 0x0000000000000000

Registers:
RAX=0x00007f8aea1b0000, RBX=0x00000000c28b5e70, RCX=0x000000000000000e, RDX=0x007fffffffff95af
RSP=0x00007f8b0c8ce740, RBP=0x00007f8b0c8ce7a0, RSI=0x0000000000004000, RDI=0x00000001000016d0
R8 =0x00000000c38b5e68, R9 =0x0000000000000800, R10=0x0000000000000003, R11=0x00007f8b0f093040
R12=0x00007f8b0f0970a0, R13=0x00000000c38b5e64, R14=0x00007f8b080fc440, R15=0x00007f8b080fc440
RIP=0x00007f8b0e717b35, EFLAGS=0x0000000000010206, CSGSFS=0x002b000000000033, ERR=0x0000000000000000
  TRAPNO=0x000000000000000d

Top of Stack: (sp=0x00007f8b0c8ce740)
0x00007f8b0c8ce740:   00000000c38b5e34 00000000c38b5e58
0x00007f8b0c8ce750:   0000000100001938 0000000100001940
0x00007f8b0c8ce760:   00007f8b0f04bb48 00007f8b080fc480
0x00007f8b0c8ce770:   00000000ecc86588 00007f8b0f093040
0x00007f8b0c8ce780:   00007f8b080fc440 00007f8b08025800
0x00007f8b0c8ce790:   00007f8b080fc440 00007f8b0804e970
0x00007f8b0c8ce7a0:   00007f8b0c8ce930 00007f8b0ea48da2
0x00007f8b0c8ce7b0:   00007f8b0c8ce830 00007f8b0ea5b921
0x00007f8b0c8ce7c0:   00007f8b080fc450 00007f8b0c8ce8e0
0x00007f8b0c8ce7d0:   00007f8b0c8ce8b0 00007f8b0c8ce890
0x00007f8b0c8ce7e0:   00007f8b0c8ce880 00007f8b0c8ce870
0x00007f8b0c8ce7f0:   00007f8b0c8ce860 00007f8b0c8ce850
0x00007f8b0c8ce800:   00007f8b08025d18 00007f8b080fc500
0x00007f8b0c8ce810:   00007f8b0813cc00 00007f8b0f0639f0
0x00007f8b0c8ce820:   00000000c3848a6d 00007f8b0813cc68
0x00007f8b0c8ce830:   0000000100002178 00007f8b0f8a6ee8
0x00007f8b0c8ce840:   00007f8b080fc480 00007f8b0c8ce8f8
0x00007f8b0c8ce850:   00007f8b0c8ce880 0000000000000001
0x00007f8b0c8ce860:   0000000000000004 00007f8b0c8ce8a0
0x00007f8b0c8ce870:   00007f8b08026328 0000000000000000
0x00007f8b0c8ce880:   00007f8b0f8a4ef1 00007f8b0c8ce8a0
0x00007f8b0c8ce890:   00007f8b0f8a4ef1 0000000000000000
0x00007f8b0c8ce8a0:   000000000000001b 00007f8b08026350
0x00007f8b0c8ce8b0:   00007f8b08026328 00007f8b00000000
0x00007f8b0c8ce8c0:   000000000000000b 0000000000000c00
0x00007f8b0c8ce8d0:   0000000000000000 0000000000000000
0x00007f8b0c8ce8e0:   00007f8b0c8ce900 00007f8aa84ab800
0x00007f8b0c8ce8f0:   00007f8b08025001 00000000c38b5e58
0x00007f8b0c8ce900:   0000000000000000 00007f8b0c8ce9c0
0x00007f8b0c8ce910:   00007f8b080257c0 00007f8b08025800
0x00007f8b0c8ce920:   00007f8b080fc440 00007f8b0804e970
0x00007f8b0c8ce930:   00007f8b0c8cea10 00007f8b0ea2e44e 

Instructions: (pc=0x00007f8b0e717b35)
0x00007f8b0e717b15:   49 8b 44 24 30 48 c1 ee 03 48 d3 ee 48 89 f2 89
0x00007f8b0e717b25:   f1 be 01 00 00 00 83 e1 3f 48 c1 ea 06 48 d3 e6
0x00007f8b0e717b35:   48 85 34 d0 75 95 48 8b 05 b6 f2 92 00 0f b6 10
0x00007f8b0e717b45:   84 d2 0f 85 b3 01 00 00 48 8b 7b 08 8b 77 08 83 

Register to memory mapping:

RAX=0x00007f8aea1b0000 is an unknown value
RBX=0x00000000c28b5e70 is an unknown value
RCX=0x000000000000000e is an unknown value
RDX=0x007fffffffff95af is an unknown value
RSP=0x00007f8b0c8ce740 is an unknown value
RBP=0x00007f8b0c8ce7a0 is an unknown value
RSI=0x0000000000004000 is an unknown value
RDI=0x00000001000016d0 is pointing into metadata
R8 =0x00000000c38b5e68 is pointing into object: 0x00000000c38b5e58
java.lang.String 
 - klass: 'java/lang/String'
R9 =0x0000000000000800 is an unknown value
R10=0x0000000000000003 is an unknown value
R11=0x00007f8b0f093040: <offset 0xfd0040> in /usr/lib/jvm/java-8-jdk/jre/lib/amd64/server/libjvm.so at 0x00007f8b0e0c3000
R12=0x00007f8b0f0970a0: <offset 0xfd40a0> in /usr/lib/jvm/java-8-jdk/jre/lib/amd64/server/libjvm.so at 0x00007f8b0e0c3000
R13=0x00000000c38b5e64 is pointing into object: 0x00000000c38b5e58
java.lang.String 
 - klass: 'java/lang/String'
R14=0x00007f8b080fc440 is an unknown value
R15=0x00007f8b080fc440 is an unknown value


Stack: [0x00007f8b0c7d0000,0x00007f8b0c8d0000],  sp=0x00007f8b0c8ce740,  free space=1017k
Native frames: (J=compiled Java code, j=interpreted, Vv=VM code, C=native code)
V  [libjvm.so+0x654b35]  InstanceKlass::oop_follow_contents(ParCompactionManager*, oopDesc*)+0x2d5
V  [libjvm.so+0x985da2]  ParCompactionManager::follow_marking_stacks()+0x232
V  [libjvm.so+0x96b44e]  ThreadRootsMarkingTask::do_it(GCTaskManager*, unsigned int)+0x12e
V  [libjvm.so+0x5de82f]  GCTaskThread::run()+0x12f
V  [libjvm.so+0x930198]  java_start(Thread*)+0x108


---------------  P R O C E S S  ---------------

Java Threads: ( => current thread )
  0x00007f8aa84ab800 JavaThread "derby.rawStoreDaemon" daemon [_thread_blocked, id=11230, stack(0x00007f8aa20ac000,0x00007f8aa21ad000)]
  0x00007f8aa8463000 JavaThread "Timer-0" daemon [_thread_blocked, id=11229, stack(0x00007f8aa23d2000,0x00007f8aa24d3000)]
  0x00007f8aa8326800 JavaThread "Prism Font Disposer" daemon [_thread_blocked, id=11228, stack(0x00007f8aa2907000,0x00007f8aa2a08000)]
  0x00007f8b08378800 JavaThread "JavaFX-Launcher" [_thread_blocked, id=11227, stack(0x00007f8ab0357000,0x00007f8ab0458000)]
  0x00007f8b08375000 JavaThread "JavaFX Application Thread" [_thread_blocked, id=11225, stack(0x00007f8ab0599000,0x00007f8ab069a000)]
  0x00007f8b08372000 JavaThread "Thread-1" daemon [_thread_blocked, id=11224, stack(0x00007f8ab069a000,0x00007f8ab079b000)]
  0x00007f8b082af000 JavaThread "QuantumRenderer-0" daemon [_thread_blocked, id=11222, stack(0x00007f8ae90ba000,0x00007f8ae91bb000)]
  0x00007f8b08197800 JavaThread "Service Thread" daemon [_thread_blocked, id=11220, stack(0x00007f8ae92bc000,0x00007f8ae93bd000)]
  0x00007f8b08184800 JavaThread "C1 CompilerThread2" daemon [_thread_blocked, id=11219, stack(0x00007f8ae93be000,0x00007f8ae94be000)]
  0x00007f8b08182800 JavaThread "C2 CompilerThread1" daemon [_thread_blocked, id=11218, stack(0x00007f8ae94bf000,0x00007f8ae95bf000)]
  0x00007f8b0817f800 JavaThread "C2 CompilerThread0" daemon [_thread_blocked, id=11217, stack(0x00007f8ae95c0000,0x00007f8ae96c0000)]
  0x00007f8b0817e800 JavaThread "Signal Dispatcher" daemon [_thread_blocked, id=11216, stack(0x00007f8ae96c0000,0x00007f8ae97c1000)]
  0x00007f8b0814b800 JavaThread "Finalizer" daemon [_thread_blocked, id=11215, stack(0x00007f8ae99a8000,0x00007f8ae9aa9000)]
  0x00007f8b08149000 JavaThread "Reference Handler" daemon [_thread_blocked, id=11214, stack(0x00007f8ae9aa9000,0x00007f8ae9baa000)]
  0x00007f8b0800a800 JavaThread "main" [_thread_blocked, id=11208, stack(0x00007f8b0fbaa000,0x00007f8b0fcaa000)]

Other Threads:
  0x00007f8b0813f800 VMThread [stack: 0x00007f8ae9bab000,0x00007f8ae9cab000] [id=11213]
  0x00007f8b0819c800 WatcherThread [stack: 0x00007f8ae91bc000,0x00007f8ae92bc000] [id=11221]

=>0x00007f8b08025000 (exited) GCTaskThread [stack: 0x00007f8b0c7d0000,0x00007f8b0c8d0000] [id=11212]

VM state:at safepoint (normal execution)

VM Mutex/Monitor currently owned by a thread:  ([mutex/lock_event])
[0x00007f8b08007ee0] Threads_lock - owner thread: 0x00007f8b0813f800
[0x00007f8b080083e0] Heap_lock - owner thread: 0x00007f8b08375000

Heap:
 PSYoungGen      total 18432K, used 2544K [0x00000000ebd00000, 0x00000000ee100000, 0x0000000100000000)
  eden space 15872K, 0% used [0x00000000ebd00000,0x00000000ebd00000,0x00000000ecc80000)
  from space 2560K, 99% used [0x00000000ecc80000,0x00000000ecefc040,0x00000000ecf00000)
  to   space 2560K, 0% used [0x00000000ede80000,0x00000000ede80000,0x00000000ee100000)
 ParOldGen       total 42496K, used 8327K [0x00000000c3600000, 0x00000000c5f80000, 0x00000000ebd00000)
  object space 42496K, 19% used [0x00000000c3600000,0x00000000c3e21c28,0x00000000c5f80000)
 Metaspace       used 20496K, capacity 21162K, committed 21296K, reserved 1067008K
  class space    used 2703K, capacity 2924K, committed 2944K, reserved 1048576K

Card table byte_map: [0x00007f8b0cd17000,0x00007f8b0cefd000] byte_map_base: 0x00007f8b0c6fc000

Marking Bits: (ParMarkBitMap*) 0x00007f8b0f0970a0
 Begin Bits: [0x00007f8aea1b0000, 0x00007f8aeb0d8000)
 End Bits:   [0x00007f8aeb0d8000, 0x00007f8aec000000)

Polling page: 0x00007f8b0fcdb000

CodeCache: size=245760Kb used=4371Kb max_used=4378Kb free=241388Kb
 bounds [0x00007f8af9000000, 0x00007f8af9450000, 0x00007f8b08000000]
 total_blobs=1898 nmethods=1246 adapters=565
 compilation: enabled

Compilation events (10 events):
Event: 2.168 Thread 0x00007f8b08184800 1245       3       org.apache.derby.impl.store.raw.data.StoredFieldHeader::readStatus (4 bytes)
Event: 2.168 Thread 0x00007f8b08184800 nmethod 1245 0x00007f8af9444810 code [0x00007f8af9444980, 0x00007f8af9444ad0]
Event: 2.168 Thread 0x00007f8b08184800 1246       3       org.apache.derby.impl.store.raw.data.StoredFieldHeader::readFieldLengthAndSetStreamPosition (272 bytes)
Event: 2.169 Thread 0x00007f8b08184800 nmethod 1246 0x00007f8af9444bd0 code [0x00007f8af9444de0, 0x00007f8af94459c8]
Event: 2.171 Thread 0x00007f8b08184800 1247       1       org.apache.derby.impl.services.locks.Lock::getCount (5 bytes)
Event: 2.172 Thread 0x00007f8b08184800 nmethod 1247 0x00007f8af9446010 code [0x00007f8af9446160, 0x00007f8af9446270]
Event: 2.172 Thread 0x00007f8b08184800 1248       3       java.lang.ClassLoader::checkName (43 bytes)
Event: 2.172 Thread 0x00007f8b0817f800 1249       4       sun.misc.VM::allowArraySyntax (4 bytes)
Event: 2.173 Thread 0x00007f8b0817f800 nmethod 1249 0x00007f8af9448f10 code [0x00007f8af9449060, 0x00007f8af94490b8]
Event: 2.173 Thread 0x00007f8b08184800 nmethod 1248 0x00007f8af9448350 code [0x00007f8af9448500, 0x00007f8af9448c78]

GC Heap History (7 events):
Event: 0.719 GC heap before
{Heap before GC invocations=1 (full 0):
 PSYoungGen      total 18432K, used 15872K [0x00000000ebd00000, 0x00000000ed180000, 0x0000000100000000)
  eden space 15872K, 100% used [0x00000000ebd00000,0x00000000ecc80000,0x00000000ecc80000)
  from space 2560K, 0% used [0x00000000ecf00000,0x00000000ecf00000,0x00000000ed180000)
  to   space 2560K, 0% used [0x00000000ecc80000,0x00000000ecc80000,0x00000000ecf00000)
 ParOldGen       total 42496K, used 0K [0x00000000c3600000, 0x00000000c5f80000, 0x00000000ebd00000)
  object space 42496K, 0% used [0x00000000c3600000,0x00000000c3600000,0x00000000c5f80000)
 Metaspace       used 9656K, capacity 9994K, committed 10112K, reserved 1058816K
  class space    used 1216K, capacity 1339K, committed 1408K, reserved 1048576K
Event: 0.724 GC heap after
Heap after GC invocations=1 (full 0):
 PSYoungGen      total 18432K, used 2549K [0x00000000ebd00000, 0x00000000ed180000, 0x0000000100000000)
  eden space 15872K, 0% used [0x00000000ebd00000,0x00000000ebd00000,0x00000000ecc80000)
  from space 2560K, 99% used [0x00000000ecc80000,0x00000000ecefd570,0x00000000ecf00000)
  to   space 2560K, 0% used [0x00000000ecf00000,0x00000000ecf00000,0x00000000ed180000)
 ParOldGen       total 42496K, used 310K [0x00000000c3600000, 0x00000000c5f80000, 0x00000000ebd00000)
  object space 42496K, 0% used [0x00000000c3600000,0x00000000c364db78,0x00000000c5f80000)
 Metaspace       used 9656K, capacity 9994K, committed 10112K, reserved 1058816K
  class space    used 1216K, capacity 1339K, committed 1408K, reserved 1048576K
}
Event: 1.248 GC heap before
{Heap before GC invocations=2 (full 0):
 PSYoungGen      total 18432K, used 18421K [0x00000000ebd00000, 0x00000000ed180000, 0x0000000100000000)
  eden space 15872K, 100% used [0x00000000ebd00000,0x00000000ecc80000,0x00000000ecc80000)
  from space 2560K, 99% used [0x00000000ecc80000,0x00000000ecefd570,0x00000000ecf00000)
  to   space 2560K, 0% used [0x00000000ecf00000,0x00000000ecf00000,0x00000000ed180000)
 ParOldGen       total 42496K, used 310K [0x00000000c3600000, 0x00000000c5f80000, 0x00000000ebd00000)
  object space 42496K, 0% used [0x00000000c3600000,0x00000000c364db78,0x00000000c5f80000)
 Metaspace       used 15207K, capacity 15782K, committed 16128K, reserved 1062912K
  class space    used 2014K, capacity 2179K, committed 2304K, reserved 1048576K
Event: 1.256 GC heap after
Heap after GC invocations=2 (full 0):
 PSYoungGen      total 18432K, used 2528K [0x00000000ebd00000, 0x00000000ed180000, 0x0000000100000000)
  eden space 15872K, 0% used [0x00000000ebd00000,0x00000000ebd00000,0x00000000ecc80000)
  from space 2560K, 98% used [0x00000000ecf00000,0x00000000ed178020,0x00000000ed180000)
  to   space 2560K, 0% used [0x00000000ecc80000,0x00000000ecc80000,0x00000000ecf00000)
 ParOldGen       total 42496K, used 3985K [0x00000000c3600000, 0x00000000c5f80000, 0x00000000ebd00000)
  object space 42496K, 9% used [0x00000000c3600000,0x00000000c39e45e8,0x00000000c5f80000)
 Metaspace       used 15207K, capacity 15782K, committed 16128K, reserved 1062912K
  class space    used 2014K, capacity 2179K, committed 2304K, reserved 1048576K
}
Event: 2.184 GC heap before
{Heap before GC invocations=3 (full 0):
 PSYoungGen      total 18432K, used 16920K [0x00000000ebd00000, 0x00000000ed180000, 0x0000000100000000)
  eden space 15872K, 90% used [0x00000000ebd00000,0x00000000ecb0e3a8,0x00000000ecc80000)
  from space 2560K, 98% used [0x00000000ecf00000,0x00000000ed178020,0x00000000ed180000)
  to   space 2560K, 0% used [0x00000000ecc80000,0x00000000ecc80000,0x00000000ecf00000)
 ParOldGen       total 42496K, used 3985K [0x00000000c3600000, 0x00000000c5f80000, 0x00000000ebd00000)
  object space 42496K, 9% used [0x00000000c3600000,0x00000000c39e45e8,0x00000000c5f80000)
 Metaspace       used 20496K, capacity 21162K, committed 21296K, reserved 1067008K
  class space    used 2703K, capacity 2924K, committed 2944K, reserved 1048576K
Event: 2.198 GC heap after
Heap after GC invocations=3 (full 0):
 PSYoungGen      total 18432K, used 2544K [0x00000000ebd00000, 0x00000000ee100000, 0x0000000100000000)
  eden space 15872K, 0% used [0x00000000ebd00000,0x00000000ebd00000,0x00000000ecc80000)
  from space 2560K, 99% used [0x00000000ecc80000,0x00000000ecefc040,0x00000000ecf00000)
  to   space 2560K, 0% used [0x00000000ede80000,0x00000000ede80000,0x00000000ee100000)
 ParOldGen       total 42496K, used 8327K [0x00000000c3600000, 0x00000000c5f80000, 0x00000000ebd00000)
  object space 42496K, 19% used [0x00000000c3600000,0x00000000c3e21c28,0x00000000c5f80000)
 Metaspace       used 20496K, capacity 21162K, committed 21296K, reserved 1067008K
  class space    used 2703K, capacity 2924K, committed 2944K, reserved 1048576K
}
Event: 2.198 GC heap before
{Heap before GC invocations=4 (full 1):
 PSYoungGen      total 18432K, used 2544K [0x00000000ebd00000, 0x00000000ee100000, 0x0000000100000000)
  eden space 15872K, 0% used [0x00000000ebd00000,0x00000000ebd00000,0x00000000ecc80000)
  from space 2560K, 99% used [0x00000000ecc80000,0x00000000ecefc040,0x00000000ecf00000)
  to   space 2560K, 0% used [0x00000000ede80000,0x00000000ede80000,0x00000000ee100000)
 ParOldGen       total 42496K, used 8327K [0x00000000c3600000, 0x00000000c5f80000, 0x00000000ebd00000)
  object space 42496K, 19% used [0x00000000c3600000,0x00000000c3e21c28,0x00000000c5f80000)
 Metaspace       used 20496K, capacity 21162K, committed 21296K, reserved 1067008K
  class space    used 2703K, capacity 2924K, committed 2944K, reserved 1048576K

Deoptimization events (10 events):
Event: 1.038 Thread 0x00007f8b08375000 Uncommon trap: reason=class_check action=maybe_recompile pc=0x00007f8af92f63b0 method=java.util.HashMap.putVal(ILjava/lang/Object;Ljava/lang/Object;ZZ)Ljava/lang/Object; @ 203
Event: 1.112 Thread 0x00007f8b08375000 Uncommon trap: reason=range_check action=make_not_entrant pc=0x00007f8af9326540 method=sun.reflect.generics.parser.SignatureParser.current()C @ 34
Event: 1.195 Thread 0x00007f8b08375000 Uncommon trap: reason=unstable_if action=reinterpret pc=0x00007f8af92ee018 method=java.lang.AbstractStringBuilder.append(Ljava/lang/String;)Ljava/lang/AbstractStringBuilder; @ 1
Event: 1.291 Thread 0x00007f8b08375000 Uncommon trap: reason=unstable_if action=reinterpret pc=0x00007f8af92ed070 method=sun.net.www.ParseUtil.encodePath(Ljava/lang/String;Z)Ljava/lang/String; @ 109
Event: 1.334 Thread 0x00007f8b08375000 Uncommon trap: reason=class_check action=maybe_recompile pc=0x00007f8af92f63b0 method=java.util.HashMap.putVal(ILjava/lang/Object;Ljava/lang/Object;ZZ)Ljava/lang/Object; @ 203
Event: 1.344 Thread 0x00007f8b08375000 Uncommon trap: reason=class_check action=maybe_recompile pc=0x00007f8af92f63b0 method=java.util.HashMap.putVal(ILjava/lang/Object;Ljava/lang/Object;ZZ)Ljava/lang/Object; @ 203
Event: 1.629 Thread 0x00007f8b08375000 Uncommon trap: reason=unstable_if action=reinterpret pc=0x00007f8af9230b00 method=java.lang.AbstractStringBuilder.append(Ljava/lang/String;)Ljava/lang/AbstractStringBuilder; @ 1
Event: 2.106 Thread 0x00007f8b08375000 Uncommon trap: reason=unstable_if action=reinterpret pc=0x00007f8af923e860 method=java.lang.CharacterData.of(I)Ljava/lang/CharacterData; @ 4
Event: 2.155 Thread 0x00007f8b08375000 Uncommon trap: reason=unstable_if action=reinterpret pc=0x00007f8af93c6654 method=java.lang.ClassLoader.checkName(Ljava/lang/String;)Z @ 36
Event: 2.156 Thread 0x00007f8b08375000 Uncommon trap: reason=unstable_if action=reinterpret pc=0x00007f8af941f970 method=java.util.concurrent.ConcurrentHashMap.putVal(Ljava/lang/Object;Ljava/lang/Object;Z)Ljava/lang/Object; @ 181

Classes redefined (0 events):
No events

Internal exceptions (10 events):
Event: 0.599 Thread 0x00007f8b08375000 Exception <a 'java/lang/NullPointerException'> (0x00000000ec937cd0) thrown at [/HUDSON/workspace/8-2-build-linux-amd64/jdk8u181/11358/hotspot/src/share/vm/prims/jvm.cpp, line 1439]
Event: 0.976 Thread 0x00007f8b08375000 Exception <a 'java/lang/ArrayIndexOutOfBoundsException'> (0x00000000ec1dc100) thrown at [/HUDSON/workspace/8-2-build-linux-amd64/jdk8u181/11358/hotspot/src/share/vm/runtime/sharedRuntime.cpp, line 605]
Event: 0.977 Thread 0x00007f8b08375000 Exception <a 'java/lang/ArrayIndexOutOfBoundsException'> (0x00000000ec1dce00) thrown at [/HUDSON/workspace/8-2-build-linux-amd64/jdk8u181/11358/hotspot/src/share/vm/runtime/sharedRuntime.cpp, line 605]
Event: 0.977 Thread 0x00007f8b08375000 Exception <a 'java/lang/ArrayIndexOutOfBoundsException'> (0x00000000ec1de1a8) thrown at [/HUDSON/workspace/8-2-build-linux-amd64/jdk8u181/11358/hotspot/src/share/vm/runtime/sharedRuntime.cpp, line 605]
Event: 1.008 Thread 0x00007f8b08375000 Exception <a 'java/lang/ArrayIndexOutOfBoundsException'> (0x00000000ec27e9a0) thrown at [/HUDSON/workspace/8-2-build-linux-amd64/jdk8u181/11358/hotspot/src/share/vm/runtime/sharedRuntime.cpp, line 605]
Event: 1.008 Thread 0x00007f8b08375000 Exception <a 'java/lang/ArrayIndexOutOfBoundsException'> (0x00000000ec2809c8) thrown at [/HUDSON/workspace/8-2-build-linux-amd64/jdk8u181/11358/hotspot/src/share/vm/runtime/sharedRuntime.cpp, line 605]
Event: 1.112 Thread 0x00007f8b08375000 Exception <a 'java/lang/ArrayIndexOutOfBoundsException': 57> (0x00000000ec547ca0) thrown at [/HUDSON/workspace/8-2-build-linux-amd64/jdk8u181/11358/hotspot/src/share/vm/interpreter/interpreterRuntime.cpp, line 366]
Event: 1.113 Thread 0x00007f8b08375000 Exception <a 'java/lang/ArrayIndexOutOfBoundsException': 57> (0x00000000ec549090) thrown at [/HUDSON/workspace/8-2-build-linux-amd64/jdk8u181/11358/hotspot/src/share/vm/interpreter/interpreterRuntime.cpp, line 366]
Event: 1.195 Thread 0x00007f8b08375000 Implicit null exception at 0x00007f8af92edc33 to 0x00007f8af92ee005
Event: 1.629 Thread 0x00007f8b08375000 Implicit null exception at 0x00007f8af9230736 to 0x00007f8af9230ae9

Events (10 events):
Event: 2.182 loading class org/apache/derby/impl/sql/compile/CharStream done
Event: 2.182 loading class org/apache/derby/impl/sql/compile/QueryTreeNode
Event: 2.182 loading class org/apache/derby/impl/sql/compile/QueryTreeNode done
Event: 2.183 loading class org/apache/derby/impl/sql/compile/StatementNode
Event: 2.183 loading class org/apache/derby/impl/sql/compile/StatementNode done
Event: 2.183 loading class org/apache/derby/impl/sql/compile/ValueNode
Event: 2.183 loading class org/apache/derby/impl/sql/compile/ValueNode done
Event: 2.184 loading class org/apache/derby/impl/sql/compile/UCode_CharStream
Event: 2.184 loading class org/apache/derby/impl/sql/compile/UCode_CharStream done
Event: 2.184 Executing VM operation: CollectForMetadataAllocation


Dynamic libraries:
00400000-00401000 r-xp 00000000 08:02 1852936                            /usr/lib/jvm/java-8-jdk/jre/bin/java
00600000-00601000 rw-p 00000000 08:02 1852936                            /usr/lib/jvm/java-8-jdk/jre/bin/java
00a6a000-00a8b000 rw-p 00000000 00:00 0                                  [heap]
c3600000-c5f80000 rw-p 00000000 00:00 0 
c5f80000-ebd00000 ---p 00000000 00:00 0 
ebd00000-ee100000 rw-p 00000000 00:00 0 
ee100000-100000000 ---p 00000000 00:00 0 
100000000-1002e0000 rw-p 00000000 00:00 0 
1002e0000-140000000 ---p 00000000 00:00 0 
7f8a8c000000-7f8a8c021000 rw-p 00000000 00:00 0 
7f8a8c021000-7f8a90000000 ---p 00000000 00:00 0 
7f8a90000000-7f8a90021000 rw-p 00000000 00:00 0 
7f8a90021000-7f8a94000000 ---p 00000000 00:00 0 
7f8a94000000-7f8a94021000 rw-p 00000000 00:00 0 
7f8a94021000-7f8a98000000 ---p 00000000 00:00 0 
7f8a98000000-7f8a98021000 rw-p 00000000 00:00 0 
7f8a98021000-7f8a9c000000 ---p 00000000 00:00 0 
7f8a9c000000-7f8a9c021000 rw-p 00000000 00:00 0 
7f8a9c021000-7f8aa0000000 ---p 00000000 00:00 0 
7f8aa1eac000-7f8aa2098000 rw-p 00000000 00:00 0 
7f8aa2098000-7f8aa20ac000 ---p 00000000 00:00 0 
7f8aa20ac000-7f8aa20af000 ---p 00000000 00:00 0 
7f8aa20af000-7f8aa21ad000 rw-p 00000000 00:00 0 
7f8aa21ad000-7f8aa21b6000 r-xp 00000000 08:02 1980926                    /usr/lib/jvm/java-8-jdk/jre/lib/amd64/libmanagement.so
7f8aa21b6000-7f8aa23b5000 ---p 00009000 08:02 1980926                    /usr/lib/jvm/java-8-jdk/jre/lib/amd64/libmanagement.so
7f8aa23b5000-7f8aa23b6000 rw-p 00008000 08:02 1980926                    /usr/lib/jvm/java-8-jdk/jre/lib/amd64/libmanagement.so
7f8aa23b6000-7f8aa23d2000 r--s 00393000 08:02 2236110                    /usr/lib/jvm/java-8-jdk/jre/lib/ext/cldrdata.jar
7f8aa23d2000-7f8aa23d5000 ---p 00000000 00:00 0 
7f8aa23d5000-7f8aa26d3000 rw-p 00000000 00:00 0 
7f8aa26d3000-7f8aa28d3000 rw-p 00000000 00:00 0 
7f8aa28d3000-7f8aa28fc000 r--p 00000000 00:2d 144738                     /tmp/+JXF1542812373085814183.tmp
7f8aa28fc000-7f8aa2907000 r--p 00000000 00:2d 144737                     /tmp/+JXF1849046752057586123.tmp
7f8aa2907000-7f8aa290a000 ---p 00000000 00:00 0 
7f8aa290a000-7f8aa2a08000 rw-p 00000000 00:00 0 
7f8aa2a08000-7f8aa2a8f000 r--p 00000000 08:02 1216049                    /usr/share/fonts/noto/NotoSerif-Regular.ttf
7f8aa2a8f000-7f8aa2b3a000 r--p 00000000 08:02 2236127                    /usr/lib/jvm/java-8-jdk/jre/lib/fonts/LucidaSansRegular.ttf
7f8aa2b3a000-7f8aa2b76000 r--p 00000000 08:02 2236129                    /usr/lib/jvm/java-8-jdk/jre/lib/fonts/LucidaTypewriterRegular.ttf
7f8aa2b76000-7f8aa2bcb000 r--p 00000000 08:02 2236125                    /usr/lib/jvm/java-8-jdk/jre/lib/fonts/LucidaBrightRegular.ttf
7f8aa2bcb000-7f8aa2dcb000 rw-p 00000000 00:00 0 
7f8aa2dcb000-7f8aa2dcf000 r-xp 00000000 08:02 1980911                    /usr/lib/jvm/java-8-jdk/jre/lib/amd64/libjavafx_font_pango.so
7f8aa2dcf000-7f8aa2fce000 ---p 00004000 08:02 1980911                    /usr/lib/jvm/java-8-jdk/jre/lib/amd64/libjavafx_font_pango.so
7f8aa2fce000-7f8aa2fcf000 rw-p 00003000 08:02 1980911                    /usr/lib/jvm/java-8-jdk/jre/lib/amd64/libjavafx_font_pango.so
7f8aa2fcf000-7f8aa2fe5000 r-xp 00000000 08:02 1980928                    /usr/lib/jvm/java-8-jdk/jre/lib/amd64/libnet.so
7f8aa2fe5000-7f8aa31e5000 ---p 00016000 08:02 1980928                    /usr/lib/jvm/java-8-jdk/jre/lib/amd64/libnet.so
7f8aa31e5000-7f8aa31e6000 rw-p 00016000 08:02 1980928                    /usr/lib/jvm/java-8-jdk/jre/lib/amd64/libnet.so
7f8aa31e6000-7f8aa31f7000 r-xp 00000000 08:02 1980929                    /usr/lib/jvm/java-8-jdk/jre/lib/amd64/libnio.so
7f8aa31f7000-7f8aa33f6000 ---p 00011000 08:02 1980929                    /usr/lib/jvm/java-8-jdk/jre/lib/amd64/libnio.so
7f8aa33f6000-7f8aa33f7000 rw-p 00010000 08:02 1980929                    /usr/lib/jvm/java-8-jdk/jre/lib/amd64/libnio.so
7f8aa33f7000-7f8aa33fc000 r-xp 00000000 08:02 1980910                    /usr/lib/jvm/java-8-jdk/jre/lib/amd64/libjavafx_font_freetype.so
7f8aa33fc000-7f8aa35fb000 ---p 00005000 08:02 1980910                    /usr/lib/jvm/java-8-jdk/jre/lib/amd64/libjavafx_font_freetype.so
7f8aa35fb000-7f8aa35fc000 rw-p 00004000 08:02 1980910                    /usr/lib/jvm/java-8-jdk/jre/lib/amd64/libjavafx_font_freetype.so
7f8aa35fc000-7f8aa35ff000 r-xp 00000000 08:02 1980909                    /usr/lib/jvm/java-8-jdk/jre/lib/amd64/libjavafx_font.so
7f8aa35ff000-7f8aa37fe000 ---p 00003000 08:02 1980909                    /usr/lib/jvm/java-8-jdk/jre/lib/amd64/libjavafx_font.so
7f8aa37fe000-7f8aa37ff000 rw-p 00002000 08:02 1980909                    /usr/lib/jvm/java-8-jdk/jre/lib/amd64/libjavafx_font.so
7f8aa37ff000-7f8aa3800000 ---p 00000000 00:00 0 
7f8aa3800000-7f8aa4000000 rw-p 00000000 00:00 0 
7f8aa4000000-7f8aa4021000 rw-p 00000000 00:00 0 
7f8aa4021000-7f8aa8000000 ---p 00000000 00:00 0 
7f8aa8000000-7f8aa8541000 rw-p 00000000 00:00 0 
7f8aa8541000-7f8aac000000 ---p 00000000 00:00 0 
7f8aac000000-7f8aac021000 rw-p 00000000 00:00 0 
7f8aac021000-7f8ab0000000 ---p 00000000 00:00 0 
7f8ab0000000-7f8ab000a000 r--s 00116000 08:02 2236114                    /usr/lib/jvm/java-8-jdk/jre/lib/ext/localedata.jar
7f8ab000a000-7f8ab0044000 r--p 00000000 08:02 2236128                    /usr/lib/jvm/java-8-jdk/jre/lib/fonts/LucidaTypewriterBold.ttf
7f8ab0044000-7f8ab00d7000 r--s 00000000 08:02 1576614                    /var/cache/fontconfig/df84ef04-c59c-41f3-a952-9dc77ded16fa-le64.cache-7
7f8ab00d7000-7f8ab0157000 r--s 00000000 08:02 1577518                    /var/cache/fontconfig/f1af2c79-978f-4e05-b1a6-6ed5d6bd53e0-le64.cache-7
7f8ab0157000-7f8ab0357000 rw-p 00000000 00:00 0 
7f8ab0357000-7f8ab035a000 ---p 00000000 00:00 0 
7f8ab035a000-7f8ab0458000 rw-p 00000000 00:00 0 
7f8ab0458000-7f8ab0599000 rw-s 00000000 08:03 40110225                   /home/roger/.cache/mesa_shader_cache/index
7f8ab0599000-7f8ab059c000 ---p 00000000 00:00 0 
7f8ab059c000-7f8ab069a000 rw-p 00000000 00:00 0 
7f8ab069a000-7f8ab069d000 ---p 00000000 00:00 0 
7f8ab069d000-7f8ab079b000 rw-p 00000000 00:00 0 
7f8ab079b000-7f8ab07d5000 r-xp 00000000 08:02 1216960                    /usr/lib/gtk-2.0/2.10.0/engines/libmurrine.so
7f8ab07d5000-7f8ab09d5000 ---p 0003a000 08:02 1216960                    /usr/lib/gtk-2.0/2.10.0/engines/libmurrine.so
7f8ab09d5000-7f8ab09d6000 r--p 0003a000 08:02 1216960                    /usr/lib/gtk-2.0/2.10.0/engines/libmurrine.so
7f8ab09d6000-7f8ab09d7000 rw-p 0003b000 08:02 1216960                    /usr/lib/gtk-2.0/2.10.0/engines/libmurrine.so
7f8ab09d7000-7f8ab09e0000 r-xp 00000000 08:02 1183464                    /usr/lib/gtk-2.0/2.10.0/engines/libpixmap.so
7f8ab09e0000-7f8ab0be0000 ---p 00009000 08:02 1183464                    /usr/lib/gtk-2.0/2.10.0/engines/libpixmap.so
7f8ab0be0000-7f8ab0be1000 r--p 00009000 08:02 1183464                    /usr/lib/gtk-2.0/2.10.0/engines/libpixmap.so
7f8ab0be1000-7f8ab0be2000 rw-p 0000a000 08:02 1183464                    /usr/lib/gtk-2.0/2.10.0/engines/libpixmap.so
7f8ab0be2000-7f8ab0be7000 r-xp 00000000 08:02 287019                     /usr/lib/libogg.so.0.8.3
7f8ab0be7000-7f8ab0de7000 ---p 00005000 08:02 287019                     /usr/lib/libogg.so.0.8.3
7f8ab0de7000-7f8ab0de8000 r--p 00005000 08:02 287019                     /usr/lib/libogg.so.0.8.3
7f8ab0de8000-7f8ab0de9000 rw-p 00006000 08:02 287019                     /usr/lib/libogg.so.0.8.3
7f8ab0de9000-7f8ab0e13000 r-xp 00000000 08:02 287035                     /usr/lib/libvorbis.so.0.4.8
7f8ab0e13000-7f8ab1013000 ---p 0002a000 08:02 287035                     /usr/lib/libvorbis.so.0.4.8
7f8ab1013000-7f8ab1014000 r--p 0002a000 08:02 287035                     /usr/lib/libvorbis.so.0.4.8
7f8ab1014000-7f8ab1015000 rw-p 0002b000 08:02 287035                     /usr/lib/libvorbis.so.0.4.8
7f8ab1015000-7f8ab101d000 r-xp 00000000 08:02 286663                     /usr/lib/libltdl.so.7.3.1
7f8ab101d000-7f8ab121d000 ---p 00008000 08:02 286663                     /usr/lib/libltdl.so.7.3.1
7f8ab121d000-7f8ab121e000 r--p 00008000 08:02 286663                     /usr/lib/libltdl.so.7.3.1
7f8ab121e000-7f8ab121f000 rw-p 00009000 08:02 286663                     /usr/lib/libltdl.so.7.3.1
7f8ab121f000-7f8ab1234000 r-xp 00000000 08:02 292829                     /usr/lib/libtdb.so.1.3.15
7f8ab1234000-7f8ab1433000 ---p 00015000 08:02 292829                     /usr/lib/libtdb.so.1.3.15
7f8ab1433000-7f8ab1434000 r--p 00014000 08:02 292829                     /usr/lib/libtdb.so.1.3.15
7f8ab1434000-7f8ab1435000 rw-p 00015000 08:02 292829                     /usr/lib/libtdb.so.1.3.15
7f8ab1435000-7f8ab143c000 r-xp 00000000 08:02 287039                     /usr/lib/libvorbisfile.so.3.3.7
7f8ab143c000-7f8ab163c000 ---p 00007000 08:02 287039                     /usr/lib/libvorbisfile.so.3.3.7
7f8ab163c000-7f8ab163d000 r--p 00007000 08:02 287039                     /usr/lib/libvorbisfile.so.3.3.7
7f8ab163d000-7f8ab163e000 rw-p 00008000 08:02 287039                     /usr/lib/libvorbisfile.so.3.3.7
7f8ab163e000-7f8ab164f000 r-xp 00000000 08:02 292842                     /usr/lib/libcanberra.so.0.2.5
7f8ab164f000-7f8ab184e000 ---p 00011000 08:02 292842                     /usr/lib/libcanberra.so.0.2.5
7f8ab184e000-7f8ab184f000 r--p 00010000 08:02 292842                     /usr/lib/libcanberra.so.0.2.5
7f8ab184f000-7f8ab1850000 rw-p 00011000 08:02 292842                     /usr/lib/libcanberra.so.0.2.5
7f8ab1850000-7f8ab1854000 r-xp 00000000 08:02 292844                     /usr/lib/libcanberra-gtk.so.0.1.9
7f8ab1854000-7f8ab1a53000 ---p 00004000 08:02 292844                     /usr/lib/libcanberra-gtk.so.0.1.9
7f8ab1a53000-7f8ab1a54000 r--p 00003000 08:02 292844                     /usr/lib/libcanberra-gtk.so.0.1.9
7f8ab1a54000-7f8ab1a55000 rw-p 00004000 08:02 292844                     /usr/lib/libcanberra-gtk.so.0.1.9
7f8ab1a55000-7f8ab1a5a000 r-xp 00000000 08:02 791875                     /usr/lib/gtk-2.0/modules/libcanberra-gtk-module.so
7f8ab1a5a000-7f8ab1c59000 ---p 00005000 08:02 791875                     /usr/lib/gtk-2.0/modules/libcanberra-gtk-module.so
7f8ab1c59000-7f8ab1c5a000 r--p 00004000 08:02 791875                     /usr/lib/gtk-2.0/modules/libcanberra-gtk-module.so
7f8ab1c5a000-7f8ab1c5b000 rw-p 00005000 08:02 791875                     /usr/lib/gtk-2.0/modules/libcanberra-gtk-module.so
7f8ab1c5b000-7f8ab1c84000 r-xp 00000000 08:02 1980899                    /usr/lib/jvm/java-8-jdk/jre/lib/amd64/libglass.so
7f8ab1c84000-7f8ab1e83000 ---p 00029000 08:02 1980899                    /usr/lib/jvm/java-8-jdk/jre/lib/amd64/libglass.so
7f8ab1e83000-7f8ab1e86000 rw-p 00028000 08:02 1980899                    /usr/lib/jvm/java-8-jdk/jre/lib/amd64/libglass.so
7f8ab1e86000-7f8ab1e87000 ---p 00000000 00:00 0 
7f8ab1e87000-7f8ab2687000 rw-p 00000000 00:00 0 
7f8ab2687000-7f8ab268f000 r-xp 00000000 08:02 290609                     /usr/lib/libpciaccess.so.0.11.1
7f8ab268f000-7f8ab288f000 ---p 00008000 08:02 290609                     /usr/lib/libpciaccess.so.0.11.1
7f8ab288f000-7f8ab2890000 r--p 00008000 08:02 290609                     /usr/lib/libpciaccess.so.0.11.1
7f8ab2890000-7f8ab2891000 rw-p 00009000 08:02 290609                     /usr/lib/libpciaccess.so.0.11.1
7f8ab2891000-7f8ab2898000 r-xp 00000000 08:02 290629                     /usr/lib/libdrm_nouveau.so.2.0.0
7f8ab2898000-7f8ab2a97000 ---p 00007000 08:02 290629                     /usr/lib/libdrm_nouveau.so.2.0.0
7f8ab2a97000-7f8ab2a98000 r--p 00006000 08:02 290629                     /usr/lib/libdrm_nouveau.so.2.0.0
7f8ab2a98000-7f8ab2a99000 rw-p 00007000 08:02 290629                     /usr/lib/libdrm_nouveau.so.2.0.0
7f8ab2a99000-7f8ab2aa4000 r-xp 00000000 08:02 290623                     /usr/lib/libdrm_radeon.so.1.0.1
7f8ab2aa4000-7f8ab2ca3000 ---p 0000b000 08:02 290623                     /usr/lib/libdrm_radeon.so.1.0.1
7f8ab2ca3000-7f8ab2ca4000 r--p 0000a000 08:02 290623                     /usr/lib/libdrm_radeon.so.1.0.1
7f8ab2ca4000-7f8ab2ca5000 rw-p 0000b000 08:02 290623                     /usr/lib/libdrm_radeon.so.1.0.1
7f8ab2ca5000-7f8ab2cc8000 r-xp 00000000 08:02 290624                     /usr/lib/libdrm_intel.so.1.0.0
7f8ab2cc8000-7f8ab2ec7000 ---p 00023000 08:02 290624                     /usr/lib/libdrm_intel.so.1.0.0
7f8ab2ec7000-7f8ab2ec8000 r--p 00022000 08:02 290624                     /usr/lib/libdrm_intel.so.1.0.0
7f8ab2ec8000-7f8ab2ec9000 rw-p 00023000 08:02 290624                     /usr/lib/libdrm_intel.so.1.0.0
7f8ab2ec9000-7f8ab376a000 r-xp 00000000 08:02 919776                     /usr/lib/dri/i965_dri.so
7f8ab376a000-7f8ab396a000 ---p 008a1000 08:02 919776                     /usr/lib/dri/i965_dri.so
7f8ab396a000-7f8ab39c5000 r--p 008a1000 08:02 919776                     /usr/lib/dri/i965_dri.so
7f8ab39c5000-7f8ab39d0000 rw-p 008fc000 08:02 919776                     /usr/lib/dri/i965_dri.so
7f8ab39d0000-7f8ab3a82000 rw-p 00000000 00:00 0 
7f8ab3a82000-7f8ab3a83000 r-xp 00000000 08:02 290780                     /usr/lib/libxshmfence.so.1.0.0
7f8ab3a83000-7f8ab3c82000 ---p 00001000 08:02 290780                     /usr/lib/libxshmfence.so.1.0.0
7f8ab3c82000-7f8ab3c83000 r--p 00000000 08:02 290780                     /usr/lib/libxshmfence.so.1.0.0
7f8ab3c83000-7f8ab3c84000 rw-p 00001000 08:02 290780                     /usr/lib/libxshmfence.so.1.0.0
7f8ab3c84000-7f8ab3c8a000 r-xp 00000000 08:02 289571                     /usr/lib/libxcb-sync.so.1.0.0
7f8ab3c8a000-7f8ab3e89000 ---p 00006000 08:02 289571                     /usr/lib/libxcb-sync.so.1.0.0
7f8ab3e89000-7f8ab3e8a000 r--p 00005000 08:02 289571                     /usr/lib/libxcb-sync.so.1.0.0
7f8ab3e8a000-7f8ab3e8b000 rw-p 00006000 08:02 289571                     /usr/lib/libxcb-sync.so.1.0.0
7f8ab3e8b000-7f8ab3e8d000 r-xp 00000000 08:02 289563                     /usr/lib/libxcb-present.so.0.0.0
7f8ab3e8d000-7f8ab408c000 ---p 00002000 08:02 289563                     /usr/lib/libxcb-present.so.0.0.0
7f8ab408c000-7f8ab408d000 r--p 00001000 08:02 289563                     /usr/lib/libxcb-present.so.0.0.0
7f8ab408d000-7f8ab408e000 rw-p 00002000 08:02 289563                     /usr/lib/libxcb-present.so.0.0.0
7f8ab408e000-7f8ab4091000 r-xp 00000000 08:02 289572                     /usr/lib/libxcb-dri3.so.0.0.0
7f8ab4091000-7f8ab4290000 ---p 00003000 08:02 289572                     /usr/lib/libxcb-dri3.so.0.0.0
7f8ab4290000-7f8ab4291000 r--p 00002000 08:02 289572                     /usr/lib/libxcb-dri3.so.0.0.0
7f8ab4291000-7f8ab4292000 rw-p 00003000 08:02 289572                     /usr/lib/libxcb-dri3.so.0.0.0
7f8ab4292000-7f8ab4296000 r-xp 00000000 08:02 289583                     /usr/lib/libxcb-dri2.so.0.0.0
7f8ab4296000-7f8ab4495000 ---p 00004000 08:02 289583                     /usr/lib/libxcb-dri2.so.0.0.0
7f8ab4495000-7f8ab4496000 r--p 00003000 08:02 289583                     /usr/lib/libxcb-dri2.so.0.0.0
7f8ab4496000-7f8ab4497000 rw-p 00004000 08:02 289583                     /usr/lib/libxcb-dri2.so.0.0.0
7f8ab4497000-7f8ab4498000 r-xp 00000000 08:02 290470                     /usr/lib/libX11-xcb.so.1.0.0
7f8ab4498000-7f8ab4697000 ---p 00001000 08:02 290470                     /usr/lib/libX11-xcb.so.1.0.0
7f8ab4697000-7f8ab4698000 r--p 00000000 08:02 290470                     /usr/lib/libX11-xcb.so.1.0.0
7f8ab4698000-7f8ab4699000 rw-p 00001000 08:02 290470                     /usr/lib/libX11-xcb.so.1.0.0
7f8ab4699000-7f8ab46b2000 r-xp 00000000 08:02 289596                     /usr/lib/libxcb-glx.so.0.0.0
7f8ab46b2000-7f8ab48b1000 ---p 00019000 08:02 289596                     /usr/lib/libxcb-glx.so.0.0.0
7f8ab48b1000-7f8ab48b3000 r--p 00018000 08:02 289596                     /usr/lib/libxcb-glx.so.0.0.0
7f8ab48b3000-7f8ab48b4000 rw-p 0001a000 08:02 289596                     /usr/lib/libxcb-glx.so.0.0.0
7f8ab48b4000-7f8ab48c5000 r-xp 00000000 08:02 290636                     /usr/lib/libdrm.so.2.4.0
7f8ab48c5000-7f8ab4ac4000 ---p 00011000 08:02 290636                     /usr/lib/libdrm.so.2.4.0
7f8ab4ac4000-7f8ab4ac5000 r--p 00010000 08:02 290636                     /usr/lib/libdrm.so.2.4.0
7f8ab4ac5000-7f8ab4ac6000 rw-p 00011000 08:02 290636                     /usr/lib/libdrm.so.2.4.0
7f8ab4ac6000-7f8ab4af2000 r-xp 00000000 08:02 290902                     /usr/lib/libglapi.so.0.0.0
7f8ab4af2000-7f8ab4cf1000 ---p 0002c000 08:02 290902                     /usr/lib/libglapi.so.0.0.0
7f8ab4cf1000-7f8ab4cf5000 r--p 0002b000 08:02 290902                     /usr/lib/libglapi.so.0.0.0
7f8ab4cf5000-7f8ab4cf6000 rw-p 0002f000 08:02 290902                     /usr/lib/libglapi.so.0.0.0
7f8ab4cf6000-7f8ab4cf7000 rw-p 00000000 00:00 0 
7f8ab4cf7000-7f8ab4d68000 r-xp 00000000 08:02 290891                     /usr/lib/libGLX_mesa.so.0.0.0
7f8ab4d68000-7f8ab4f68000 ---p 00071000 08:02 290891                     /usr/lib/libGLX_mesa.so.0.0.0
7f8ab4f68000-7f8ab4f6b000 r--p 00071000 08:02 290891                     /usr/lib/libGLX_mesa.so.0.0.0
7f8ab4f6b000-7f8ab4f6c000 rw-p 00074000 08:02 290891                     /usr/lib/libGLX_mesa.so.0.0.0
7f8ab4f6c000-7f8ab4f72000 r-xp 00000000 08:02 292294                     /usr/lib/libdatrie.so.1.3.5
7f8ab4f72000-7f8ab5171000 ---p 00006000 08:02 292294                     /usr/lib/libdatrie.so.1.3.5
7f8ab5171000-7f8ab5172000 r--p 00005000 08:02 292294                     /usr/lib/libdatrie.so.1.3.5
7f8ab5172000-7f8ab5173000 rw-p 00006000 08:02 292294                     /usr/lib/libdatrie.so.1.3.5
7f8ab5173000-7f8ab5178000 r-xp 00000000 08:02 287264                     /usr/lib/libXdmcp.so.6.0.0
7f8ab5178000-7f8ab5377000 ---p 00005000 08:02 287264                     /usr/lib/libXdmcp.so.6.0.0
7f8ab5377000-7f8ab5378000 r--p 00004000 08:02 287264                     /usr/lib/libXdmcp.so.6.0.0
7f8ab5378000-7f8ab5379000 rw-p 00005000 08:02 287264                     /usr/lib/libXdmcp.so.6.0.0
7f8ab5379000-7f8ab537b000 r-xp 00000000 08:02 287275                     /usr/lib/libXau.so.6.0.0
7f8ab537b000-7f8ab557b000 ---p 00002000 08:02 287275                     /usr/lib/libXau.so.6.0.0
7f8ab557b000-7f8ab557c000 r--p 00002000 08:02 287275                     /usr/lib/libXau.so.6.0.0
7f8ab557c000-7f8ab557d000 rw-p 00003000 08:02 287275                     /usr/lib/libXau.so.6.0.0
7f8ab557d000-7f8ab55a7000 r-xp 00000000 08:02 287187                     /usr/lib/libgraphite2.so.3.0.1
7f8ab55a7000-7f8ab57a6000 ---p 0002a000 08:02 287187                     /usr/lib/libgraphite2.so.3.0.1
7f8ab57a6000-7f8ab57a8000 r--p 00029000 08:02 287187                     /usr/lib/libgraphite2.so.3.0.1
7f8ab57a8000-7f8ab57a9000 rw-p 0002b000 08:02 287187                     /usr/lib/libgraphite2.so.3.0.1
7f8ab57a9000-7f8ab57f3000 r-xp 00000000 08:02 274697                     /usr/lib/libblkid.so.1.1.0
7f8ab57f3000-7f8ab59f3000 ---p 0004a000 08:02 274697                     /usr/lib/libblkid.so.1.1.0
7f8ab59f3000-7f8ab59f8000 r--p 0004a000 08:02 274697                     /usr/lib/libblkid.so.1.1.0
7f8ab59f8000-7f8ab59f9000 rw-p 0004f000 08:02 274697                     /usr/lib/libblkid.so.1.1.0
7f8ab59f9000-7f8ab59fa000 rw-p 00000000 00:00 0 
7f8ab59fa000-7f8ab5a68000 r-xp 00000000 08:02 290918                     /usr/lib/libGLdispatch.so.0.0.0
7f8ab5a68000-7f8ab5c67000 ---p 0006e000 08:02 290918                     /usr/lib/libGLdispatch.so.0.0.0
7f8ab5c67000-7f8ab5c8f000 r--p 0006d000 08:02 290918                     /usr/lib/libGLdispatch.so.0.0.0
7f8ab5c8f000-7f8ab5c90000 rw-p 00095000 08:02 290918                     /usr/lib/libGLdispatch.so.0.0.0
7f8ab5c90000-7f8ab5cb0000 rw-p 00000000 00:00 0 
7f8ab5cb0000-7f8ab5cc0000 r-xp 00000000 08:02 290921                     /usr/lib/libGLX.so.0.0.0
7f8ab5cc0000-7f8ab5ebf000 ---p 00010000 08:02 290921                     /usr/lib/libGLX.so.0.0.0
7f8ab5ebf000-7f8ab5ec0000 r--p 0000f000 08:02 290921                     /usr/lib/libGLX.so.0.0.0
7f8ab5ec0000-7f8ab5ec1000 rw-p 00010000 08:02 290921                     /usr/lib/libGLX.so.0.0.0
7f8ab5ec1000-7f8ab5ee1000 rw-p 00000000 00:00 0 
7f8ab5ee1000-7f8ab5f52000 r-xp 00000000 08:02 277663                     /usr/lib/libpcre.so.1.2.10
7f8ab5f52000-7f8ab6151000 ---p 00071000 08:02 277663                     /usr/lib/libpcre.so.1.2.10
7f8ab6151000-7f8ab6152000 r--p 00070000 08:02 277663                     /usr/lib/libpcre.so.1.2.10
7f8ab6152000-7f8ab6153000 rw-p 00071000 08:02 277663                     /usr/lib/libpcre.so.1.2.10
7f8ab6153000-7f8ab615a000 r-xp 00000000 08:02 277792                     /usr/lib/libffi.so.6.0.4
7f8ab615a000-7f8ab635a000 ---p 00007000 08:02 277792                     /usr/lib/libffi.so.6.0.4
7f8ab635a000-7f8ab635b000 r--p 00007000 08:02 277792                     /usr/lib/libffi.so.6.0.4
7f8ab635b000-7f8ab635c000 rw-p 00008000 08:02 277792                     /usr/lib/libffi.so.6.0.4
7f8ab635c000-7f8ab6362000 r-xp 00000000 08:02 305097                     /usr/lib/libuuid.so.1.3.0
7f8ab6362000-7f8ab6561000 ---p 00006000 08:02 305097                     /usr/lib/libuuid.so.1.3.0
7f8ab6561000-7f8ab6562000 r--p 00005000 08:02 305097                     /usr/lib/libuuid.so.1.3.0
7f8ab6562000-7f8ab6563000 rw-p 00006000 08:02 305097                     /usr/lib/libuuid.so.1.3.0
7f8ab6563000-7f8ab6592000 r-xp 00000000 08:02 274746                     /usr/lib/libexpat.so.1.6.7
7f8ab6592000-7f8ab6792000 ---p 0002f000 08:02 274746                     /usr/lib/libexpat.so.1.6.7
7f8ab6792000-7f8ab6794000 r--p 0002f000 08:02 274746                     /usr/lib/libexpat.so.1.6.7
7f8ab6794000-7f8ab6795000 rw-p 00031000 08:02 274746                     /usr/lib/libexpat.so.1.6.7
7f8ab6795000-7f8ab67a4000 r-xp 00000000 08:02 268848                     /usr/lib/libbz2.so.1.0.6
7f8ab67a4000-7f8ab69a3000 ---p 0000f000 08:02 268848                     /usr/lib/libbz2.so.1.0.6
7f8ab69a3000-7f8ab69a4000 r--p 0000e000 08:02 268848                     /usr/lib/libbz2.so.1.0.6
7f8ab69a4000-7f8ab69a5000 rw-p 0000f000 08:02 268848                     /usr/lib/libbz2.so.1.0.6
7f8ab69a5000-7f8ab69c0000 r-xp 00000000 08:02 292303                     /usr/lib/libfribidi.so.0.4.0
7f8ab69c0000-7f8ab6bbf000 ---p 0001b000 08:02 292303                     /usr/lib/libfribidi.so.0.4.0
7f8ab6bbf000-7f8ab6bc0000 r--p 0001a000 08:02 292303                     /usr/lib/libfribidi.so.0.4.0
7f8ab6bc0000-7f8ab6bc1000 rw-p 0001b000 08:02 292303                     /usr/lib/libfribidi.so.0.4.0
7f8ab6bc1000-7f8ab6bc9000 r-xp 00000000 08:02 292298                     /usr/lib/libthai.so.0.3.0
7f8ab6bc9000-7f8ab6dc9000 ---p 00008000 08:02 292298                     /usr/lib/libthai.so.0.3.0
7f8ab6dc9000-7f8ab6dca000 r--p 00008000 08:02 292298                     /usr/lib/libthai.so.0.3.0
7f8ab6dca000-7f8ab6dcb000 rw-p 00009000 08:02 292298                     /usr/lib/libthai.so.0.3.0
7f8ab6dcb000-7f8ab6dd7000 r-xp 00000000 08:02 289573                     /usr/lib/libxcb-render.so.0.0.0
7f8ab6dd7000-7f8ab6fd7000 ---p 0000c000 08:02 289573                     /usr/lib/libxcb-render.so.0.0.0
7f8ab6fd7000-7f8ab6fd8000 r--p 0000c000 08:02 289573                     /usr/lib/libxcb-render.so.0.0.0
7f8ab6fd8000-7f8ab6fd9000 rw-p 0000d000 08:02 289573                     /usr/lib/libxcb-render.so.0.0.0
7f8ab6fd9000-7f8ab7000000 r-xp 00000000 08:02 289562                     /usr/lib/libxcb.so.1.1.0
7f8ab7000000-7f8ab7200000 ---p 00027000 08:02 289562                     /usr/lib/libxcb.so.1.1.0
7f8ab7200000-7f8ab7201000 r--p 00027000 08:02 289562                     /usr/lib/libxcb.so.1.1.0
7f8ab7201000-7f8ab7202000 rw-p 00028000 08:02 289562                     /usr/lib/libxcb.so.1.1.0
7f8ab7202000-7f8ab7204000 r-xp 00000000 08:02 289601                     /usr/lib/libxcb-shm.so.0.0.0
7f8ab7204000-7f8ab7404000 ---p 00002000 08:02 289601                     /usr/lib/libxcb-shm.so.0.0.0
7f8ab7404000-7f8ab7405000 r--p 00002000 08:02 289601                     /usr/lib/libxcb-shm.so.0.0.0
7f8ab7405000-7f8ab7406000 rw-p 00003000 08:02 289601                     /usr/lib/libxcb-shm.so.0.0.0
7f8ab7406000-7f8ab743b000 r-xp 00000000 08:02 287180                     /usr/lib/libpng16.so.16.34.0
7f8ab743b000-7f8ab763a000 ---p 00035000 08:02 287180                     /usr/lib/libpng16.so.16.34.0
7f8ab763a000-7f8ab763b000 r--p 00034000 08:02 287180                     /usr/lib/libpng16.so.16.34.0
7f8ab763b000-7f8ab763c000 rw-p 00035000 08:02 287180                     /usr/lib/libpng16.so.16.34.0
7f8ab763c000-7f8ab76db000 r-xp 00000000 08:02 287221                     /usr/lib/libpixman-1.so.0.34.0
7f8ab76db000-7f8ab78db000 ---p 0009f000 08:02 287221                     /usr/lib/libpixman-1.so.0.34.0
7f8ab78db000-7f8ab78e3000 r--p 0009f000 08:02 287221                     /usr/lib/libpixman-1.so.0.34.0
7f8ab78e3000-7f8ab78e4000 rw-p 000a7000 08:02 287221                     /usr/lib/libpixman-1.so.0.34.0
7f8ab78e4000-7f8ab798e000 r-xp 00000000 08:02 287206                     /usr/lib/libharfbuzz.so.0.10800.4
7f8ab798e000-7f8ab7b8e000 ---p 000aa000 08:02 287206                     /usr/lib/libharfbuzz.so.0.10800.4
7f8ab7b8e000-7f8ab7b8f000 r--p 000aa000 08:02 287206                     /usr/lib/libharfbuzz.so.0.10800.4
7f8ab7b8f000-7f8ab7b90000 rw-p 000ab000 08:02 287206                     /usr/lib/libharfbuzz.so.0.10800.4
7f8ab7b90000-7f8ab7be5000 r-xp 00000000 08:02 274703                     /usr/lib/libmount.so.1.1.0
7f8ab7be5000-7f8ab7de4000 ---p 00055000 08:02 274703                     /usr/lib/libmount.so.1.1.0
7f8ab7de4000-7f8ab7de7000 r--p 00054000 08:02 274703                     /usr/lib/libmount.so.1.1.0
7f8ab7de7000-7f8ab7de8000 rw-p 00057000 08:02 274703                     /usr/lib/libmount.so.1.1.0
7f8ab7de8000-7f8ab7de9000 rw-p 00000000 00:00 0 
7f8ab7de9000-7f8ab7dfc000 r-xp 00000000 08:02 264337                     /usr/lib/libresolv-2.27.so
7f8ab7dfc000-7f8ab7ffc000 ---p 00013000 08:02 264337                     /usr/lib/libresolv-2.27.so
7f8ab7ffc000-7f8ab7ffd000 r--p 00013000 08:02 264337                     /usr/lib/libresolv-2.27.so
7f8ab7ffd000-7f8ab7ffe000 rw-p 00014000 08:02 264337                     /usr/lib/libresolv-2.27.so
7f8ab7ffe000-7f8ab8000000 rw-p 00000000 00:00 0 
7f8ab8000000-7f8ab9871000 rw-p 00000000 00:00 0 
7f8ab9871000-7f8abc000000 ---p 00000000 00:00 0 
7f8abc006000-7f8abc01a000 r--p 00000000 08:02 2236124                    /usr/lib/jvm/java-8-jdk/jre/lib/fonts/LucidaBrightItalic.ttf
7f8abc01a000-7f8abc068000 r--p 00000000 08:02 2236126                    /usr/lib/jvm/java-8-jdk/jre/lib/fonts/LucidaSansDemiBold.ttf
7f8abc068000-7f8abc07e000 r-xp 00000000 08:02 275014                     /usr/lib/libz.so.1.2.11
7f8abc07e000-7f8abc27d000 ---p 00016000 08:02 275014                     /usr/lib/libz.so.1.2.11
7f8abc27d000-7f8abc27e000 r--p 00015000 08:02 275014                     /usr/lib/libz.so.1.2.11
7f8abc27e000-7f8abc27f000 rw-p 00016000 08:02 275014                     /usr/lib/libz.so.1.2.11
7f8abc27f000-7f8abc290000 r-xp 00000000 08:02 290543                     /usr/lib/libXext.so.6.4.0
7f8abc290000-7f8abc48f000 ---p 00011000 08:02 290543                     /usr/lib/libXext.so.6.4.0
7f8abc48f000-7f8abc490000 r--p 00010000 08:02 290543                     /usr/lib/libXext.so.6.4.0
7f8abc490000-7f8abc491000 rw-p 00011000 08:02 290543                     /usr/lib/libXext.so.6.4.0
7f8abc491000-7f8abc493000 r-xp 00000000 08:02 290774                     /usr/lib/libXdamage.so.1.1.0
7f8abc493000-7f8abc692000 ---p 00002000 08:02 290774                     /usr/lib/libXdamage.so.1.1.0
7f8abc692000-7f8abc693000 r--p 00001000 08:02 290774                     /usr/lib/libXdamage.so.1.1.0
7f8abc693000-7f8abc694000 rw-p 00002000 08:02 290774                     /usr/lib/libXdamage.so.1.1.0
7f8abc694000-7f8abc696000 r-xp 00000000 08:02 291852                     /usr/lib/libXcomposite.so.1.0.0
7f8abc696000-7f8abc895000 ---p 00002000 08:02 291852                     /usr/lib/libXcomposite.so.1.0.0
7f8abc895000-7f8abc896000 r--p 00001000 08:02 291852                     /usr/lib/libXcomposite.so.1.0.0
7f8abc896000-7f8abc897000 rw-p 00002000 08:02 291852                     /usr/lib/libXcomposite.so.1.0.0
7f8abc897000-7f8abc8a0000 r-xp 00000000 08:02 291804                     /usr/lib/libXcursor.so.1.0.2
7f8abc8a0000-7f8abca9f000 ---p 00009000 08:02 291804                     /usr/lib/libXcursor.so.1.0.2
7f8abca9f000-7f8abcaa0000 r--p 00008000 08:02 291804                     /usr/lib/libXcursor.so.1.0.2
7f8abcaa0000-7f8abcaa1000 rw-p 00009000 08:02 291804                     /usr/lib/libXcursor.so.1.0.2
7f8abcaa1000-7f8abcaab000 r-xp 00000000 08:02 291879                     /usr/lib/libXrandr.so.2.2.0
7f8abcaab000-7f8abccaa000 ---p 0000a000 08:02 291879                     /usr/lib/libXrandr.so.2.2.0
7f8abccaa000-7f8abccab000 r--p 00009000 08:02 291879                     /usr/lib/libXrandr.so.2.2.0
7f8abccab000-7f8abccac000 rw-p 0000a000 08:02 291879                     /usr/lib/libXrandr.so.2.2.0
7f8abccac000-7f8abccbb000 r-xp 00000000 08:02 291337                     /usr/lib/libXi.so.6.1.0
7f8abccbb000-7f8abcebb000 ---p 0000f000 08:02 291337                     /usr/lib/libXi.so.6.1.0
7f8abcebb000-7f8abcebc000 r--p 0000f000 08:02 291337                     /usr/lib/libXi.so.6.1.0
7f8abcebc000-7f8abcebd000 rw-p 00010000 08:02 291337                     /usr/lib/libXi.so.6.1.0
7f8abcebd000-7f8abcebf000 r-xp 00000000 08:02 291869                     /usr/lib/libXinerama.so.1.0.0
7f8abcebf000-7f8abd0be000 ---p 00002000 08:02 291869                     /usr/lib/libXinerama.so.1.0.0
7f8abd0be000-7f8abd0bf000 r--p 00001000 08:02 291869                     /usr/lib/libXinerama.so.1.0.0
7f8abd0bf000-7f8abd0c0000 rw-p 00002000 08:02 291869                     /usr/lib/libXinerama.so.1.0.0
7f8abd0c0000-7f8abd0c9000 r-xp 00000000 08:02 291645                     /usr/lib/libXrender.so.1.3.0
7f8abd0c9000-7f8abd2c9000 ---p 00009000 08:02 291645                     /usr/lib/libXrender.so.1.3.0
7f8abd2c9000-7f8abd2ca000 r--p 00009000 08:02 291645                     /usr/lib/libXrender.so.1.3.0
7f8abd2ca000-7f8abd2cb000 rw-p 0000a000 08:02 291645                     /usr/lib/libXrender.so.1.3.0
7f8abd2cb000-7f8abd2d0000 r-xp 00000000 08:02 290769                     /usr/lib/libXfixes.so.3.1.0
7f8abd2d0000-7f8abd4cf000 ---p 00005000 08:02 290769                     /usr/lib/libXfixes.so.3.1.0
7f8abd4cf000-7f8abd4d0000 r--p 00004000 08:02 290769                     /usr/lib/libXfixes.so.3.1.0
7f8abd4d0000-7f8abd4d1000 rw-p 00005000 08:02 290769                     /usr/lib/libXfixes.so.3.1.0
7f8abd4d1000-7f8abd4e8000 r-xp 00000000 08:02 265862                     /usr/lib/libgcc_s.so.1
7f8abd4e8000-7f8abd6e7000 ---p 00017000 08:02 265862                     /usr/lib/libgcc_s.so.1
7f8abd6e7000-7f8abd6e8000 r--p 00016000 08:02 265862                     /usr/lib/libgcc_s.so.1
7f8abd6e8000-7f8abd6e9000 rw-p 00017000 08:02 265862                     /usr/lib/libgcc_s.so.1
7f8abd6e9000-7f8abd862000 r-xp 00000000 08:02 265892                     /usr/lib/libstdc++.so.6.0.25
7f8abd862000-7f8abda62000 ---p 00179000 08:02 265892                     /usr/lib/libstdc++.so.6.0.25
7f8abda62000-7f8abda6e000 r--p 00179000 08:02 265892                     /usr/lib/libstdc++.so.6.0.25
7f8abda6e000-7f8abda6f000 rw-p 00185000 08:02 265892                     /usr/lib/libstdc++.so.6.0.25
7f8abda6f000-7f8abda72000 rw-p 00000000 00:00 0 
7f8abda72000-7f8abdae2000 r-xp 00000000 08:02 290922                     /usr/lib/libGL.so.1.0.0
7f8abdae2000-7f8abdce1000 ---p 00070000 08:02 290922                     /usr/lib/libGL.so.1.0.0
7f8abdce1000-7f8abdcfb000 r--p 0006f000 08:02 290922                     /usr/lib/libGL.so.1.0.0
7f8abdcfb000-7f8abdcfc000 rw-p 00089000 08:02 290922                     /usr/lib/libGL.so.1.0.0
7f8abdcfc000-7f8abdcfd000 rw-p 00000000 00:00 0 
7f8abdcfd000-7f8abdd01000 r-xp 00000000 08:02 290744                     /usr/lib/libXxf86vm.so.1.0.0
7f8abdd01000-7f8abdf01000 ---p 00004000 08:02 290744                     /usr/lib/libXxf86vm.so.1.0.0
7f8abdf01000-7f8abdf02000 r--p 00004000 08:02 290744                     /usr/lib/libXxf86vm.so.1.0.0
7f8abdf02000-7f8abdf03000 rw-p 00005000 08:02 290744                     /usr/lib/libXxf86vm.so.1.0.0
7f8abdf03000-7f8abe03c000 r-xp 00000000 08:02 290469                     /usr/lib/libX11.so.6.3.0
7f8abe03c000-7f8abe23c000 ---p 00139000 08:02 290469                     /usr/lib/libX11.so.6.3.0
7f8abe23c000-7f8abe23d000 r--p 00139000 08:02 290469                     /usr/lib/libX11.so.6.3.0
7f8abe23d000-7f8abe242000 rw-p 0013a000 08:02 290469                     /usr/lib/libX11.so.6.3.0
7f8abe242000-7f8abe247000 r-xp 00000000 08:02 291810                     /usr/lib/libXtst.so.6.1.0
7f8abe247000-7f8abe446000 ---p 00005000 08:02 291810                     /usr/lib/libXtst.so.6.1.0
7f8abe446000-7f8abe447000 r--p 00004000 08:02 291810                     /usr/lib/libXtst.so.6.1.0
7f8abe447000-7f8abe448000 rw-p 00005000 08:02 291810                     /usr/lib/libXtst.so.6.1.0
7f8abe448000-7f8abe55d000 r-xp 00000000 08:02 277865                     /usr/lib/libglib-2.0.so.0.5600.1
7f8abe55d000-7f8abe75c000 ---p 00115000 08:02 277865                     /usr/lib/libglib-2.0.so.0.5600.1
7f8abe75c000-7f8abe75d000 r--p 00114000 08:02 277865                     /usr/lib/libglib-2.0.so.0.5600.1
7f8abe75d000-7f8abe75e000 rw-p 00115000 08:02 277865                     /usr/lib/libglib-2.0.so.0.5600.1
7f8abe75e000-7f8abe75f000 rw-p 00000000 00:00 0 
7f8abe75f000-7f8abe760000 r-xp 00000000 08:02 277867                     /usr/lib/libgthread-2.0.so.0.5600.1
7f8abe760000-7f8abe95f000 ---p 00001000 08:02 277867                     /usr/lib/libgthread-2.0.so.0.5600.1
7f8abe95f000-7f8abe960000 r--p 00000000 08:02 277867                     /usr/lib/libgthread-2.0.so.0.5600.1
7f8abe960000-7f8abe961000 rw-p 00001000 08:02 277867                     /usr/lib/libgthread-2.0.so.0.5600.1
7f8abe961000-7f8abe964000 r-xp 00000000 08:02 277866                     /usr/lib/libgmodule-2.0.so.0.5600.1
7f8abe964000-7f8abeb63000 ---p 00003000 08:02 277866                     /usr/lib/libgmodule-2.0.so.0.5600.1
7f8abeb63000-7f8abeb64000 r--p 00002000 08:02 277866                     /usr/lib/libgmodule-2.0.so.0.5600.1
7f8abeb64000-7f8abeb65000 rw-p 00003000 08:02 277866                     /usr/lib/libgmodule-2.0.so.0.5600.1
7f8abeb65000-7f8abebb7000 r-xp 00000000 08:02 277868                     /usr/lib/libgobject-2.0.so.0.5600.1
7f8abebb7000-7f8abedb7000 ---p 00052000 08:02 277868                     /usr/lib/libgobject-2.0.so.0.5600.1
7f8abedb7000-7f8abedb8000 r--p 00052000 08:02 277868                     /usr/lib/libgobject-2.0.so.0.5600.1
7f8abedb8000-7f8abedb9000 rw-p 00053000 08:02 277868                     /usr/lib/libgobject-2.0.so.0.5600.1
7f8abedb9000-7f8abedf9000 r-xp 00000000 08:02 291022                     /usr/lib/libfontconfig.so.1.11.1
7f8abedf9000-7f8abeff9000 ---p 00040000 08:02 291022                     /usr/lib/libfontconfig.so.1.11.1
7f8abeff9000-7f8abeffb000 r--p 00040000 08:02 291022                     /usr/lib/libfontconfig.so.1.11.1
7f8abeffb000-7f8abeffc000 rw-p 00042000 08:02 291022                     /usr/lib/libfontconfig.so.1.11.1
7f8abeffc000-7f8abf0bd000 r-xp 00000000 08:02 287208                     /usr/lib/libfreetype.so.6.16.1
7f8abf0bd000-7f8abf2bd000 ---p 000c1000 08:02 287208                     /usr/lib/libfreetype.so.6.16.1
7f8abf2bd000-7f8abf2c4000 r--p 000c1000 08:02 287208                     /usr/lib/libfreetype.so.6.16.1
7f8abf2c4000-7f8abf2c5000 rw-p 000c8000 08:02 287208                     /usr/lib/libfreetype.so.6.16.1
7f8abf2c5000-7f8abf309000 r-xp 00000000 08:02 292319                     /usr/lib/libpango-1.0.so.0.4200.3
7f8abf309000-7f8abf508000 ---p 00044000 08:02 292319                     /usr/lib/libpango-1.0.so.0.4200.3
7f8abf508000-7f8abf50b000 r--p 00043000 08:02 292319                     /usr/lib/libpango-1.0.so.0.4200.3
7f8abf50b000-7f8abf50c000 rw-p 00046000 08:02 292319                     /usr/lib/libpango-1.0.so.0.4200.3
7f8abf50c000-7f8abf629000 r-xp 00000000 08:02 292256                     /usr/lib/libcairo.so.2.11512.0
7f8abf629000-7f8abf829000 ---p 0011d000 08:02 292256                     /usr/lib/libcairo.so.2.11512.0
7f8abf829000-7f8abf82d000 r--p 0011d000 08:02 292256                     /usr/lib/libcairo.so.2.11512.0
7f8abf82d000-7f8abf82e000 rw-p 00121000 08:02 292256                     /usr/lib/libcairo.so.2.11512.0
7f8abf82e000-7f8abf82f000 rw-p 00000000 00:00 0 
7f8abf82f000-7f8abf83b000 r-xp 00000000 08:02 292323                     /usr/lib/libpangocairo-1.0.so.0.4200.3
7f8abf83b000-7f8abfa3a000 ---p 0000c000 08:02 292323                     /usr/lib/libpangocairo-1.0.so.0.4200.3
7f8abfa3a000-7f8abfa3b000 r--p 0000b000 08:02 292323                     /usr/lib/libpangocairo-1.0.so.0.4200.3
7f8abfa3b000-7f8abfa3c000 rw-p 0000c000 08:02 292323                     /usr/lib/libpangocairo-1.0.so.0.4200.3
7f8abfa3c000-7f8abfa5f000 r-xp 00000000 08:02 292151                     /usr/lib/libgdk_pixbuf-2.0.so.0.3600.12
7f8abfa5f000-7f8abfc5e000 ---p 00023000 08:02 292151                     /usr/lib/libgdk_pixbuf-2.0.so.0.3600.12
7f8abfc5e000-7f8abfc5f000 r--p 00022000 08:02 292151                     /usr/lib/libgdk_pixbuf-2.0.so.0.3600.12
7f8abfc5f000-7f8abfc60000 rw-p 00023000 08:02 292151                     /usr/lib/libgdk_pixbuf-2.0.so.0.3600.12
7f8abfc60000-7f8abfdf7000 r-xp 00000000 08:02 277869                     /usr/lib/libgio-2.0.so.0.5600.1
7f8abfdf7000-7f8abfff6000 ---p 00197000 08:02 277869                     /usr/lib/libgio-2.0.so.0.5600.1
7f8abfff6000-7f8abfffd000 r--p 00196000 08:02 277869                     /usr/lib/libgio-2.0.so.0.5600.1
7f8abfffd000-7f8abfffe000 rw-p 0019d000 08:02 277869                     /usr/lib/libgio-2.0.so.0.5600.1
7f8abfffe000-7f8ac0000000 rw-p 00000000 00:00 0 
7f8ac0000000-7f8ac0021000 rw-p 00000000 00:00 0 
7f8ac0021000-7f8ac4000000 ---p 00000000 00:00 0 
7f8ac4000000-7f8ac4021000 rw-p 00000000 00:00 0 
7f8ac4021000-7f8ac8000000 ---p 00000000 00:00 0 
7f8ac8000000-7f8ac8223000 rw-p 00000000 00:00 0 
7f8ac8223000-7f8acc000000 ---p 00000000 00:00 0 
7f8acc000000-7f8acc28e000 rw-p 00000000 00:00 0 
7f8acc28e000-7f8ad0000000 ---p 00000000 00:00 0 
7f8ad0000000-7f8ad0021000 rw-p 00000000 00:00 0 
7f8ad0021000-7f8ad4000000 ---p 00000000 00:00 0 
7f8ad4000000-7f8ad4248000 rw-p 00000000 00:00 0 
7f8ad4248000-7f8ad8000000 ---p 00000000 00:00 0 
7f8ad8000000-7f8ad8021000 rw-p 00000000 00:00 0 
7f8ad8021000-7f8adc000000 ---p 00000000 00:00 0 
7f8adc000000-7f8adc021000 rw-p 00000000 00:00 0 
7f8adc021000-7f8ae0000000 ---p 00000000 00:00 0 
7f8ae0000000-7f8ae0021000 rw-p 00000000 00:00 0 
7f8ae0021000-7f8ae4000000 ---p 00000000 00:00 0 
7f8ae4000000-7f8ae4295000 rw-p 00000000 00:00 0 
7f8ae4295000-7f8ae8000000 ---p 00000000 00:00 0 
7f8ae8007000-7f8ae800a000 r--s 0001a000 08:02 1852962                    /usr/lib/jvm/java-8-jdk/jre/lib/jce.jar
7f8ae800a000-7f8ae801d000 r--p 00000000 08:02 2236122                    /usr/lib/jvm/java-8-jdk/jre/lib/fonts/LucidaBrightDemiBold.ttf
7f8ae801d000-7f8ae8030000 r--p 00000000 08:02 2236123                    /usr/lib/jvm/java-8-jdk/jre/lib/fonts/LucidaBrightDemiItalic.ttf
7f8ae8030000-7f8ae803e000 r--s 00000000 08:02 1576009                    /var/cache/fontconfig/2f37f582-738b-4416-8d88-aa196edf8283-le64.cache-7
7f8ae803e000-7f8ae8041000 r--s 00000000 08:02 1577520                    /var/cache/fontconfig/0801bb99-fa39-4a1f-96d0-9404a2b4b715-le64.cache-7
7f8ae8041000-7f8ae8182000 rw-s 00000000 08:03 40110225                   /home/roger/.cache/mesa_shader_cache/index
7f8ae8182000-7f8ae8195000 r-xp 00000000 08:02 292327                     /usr/lib/libpangoft2-1.0.so.0.4200.3
7f8ae8195000-7f8ae8395000 ---p 00013000 08:02 292327                     /usr/lib/libpangoft2-1.0.so.0.4200.3
7f8ae8395000-7f8ae8396000 r--p 00013000 08:02 292327                     /usr/lib/libpangoft2-1.0.so.0.4200.3
7f8ae8396000-7f8ae8397000 rw-p 00014000 08:02 292327                     /usr/lib/libpangoft2-1.0.so.0.4200.3
7f8ae8397000-7f8ae83ba000 r-xp 00000000 08:02 292206                     /usr/lib/libatk-1.0.so.0.22810.1
7f8ae83ba000-7f8ae85b9000 ---p 00023000 08:02 292206                     /usr/lib/libatk-1.0.so.0.22810.1
7f8ae85b9000-7f8ae85bc000 r--p 00022000 08:02 292206                     /usr/lib/libatk-1.0.so.0.22810.1
7f8ae85bc000-7f8ae85bd000 rw-p 00025000 08:02 292206                     /usr/lib/libatk-1.0.so.0.22810.1
7f8ae85bd000-7f8ae866b000 r-xp 00000000 08:02 294172                     /usr/lib/libgdk-x11-2.0.so.0.2400.32
7f8ae866b000-7f8ae886b000 ---p 000ae000 08:02 294172                     /usr/lib/libgdk-x11-2.0.so.0.2400.32
7f8ae886b000-7f8ae8870000 r--p 000ae000 08:02 294172                     /usr/lib/libgdk-x11-2.0.so.0.2400.32
7f8ae8870000-7f8ae8871000 rw-p 000b3000 08:02 294172                     /usr/lib/libgdk-x11-2.0.so.0.2400.32
7f8ae8871000-7f8ae8ca1000 r-xp 00000000 08:02 294173                     /usr/lib/libgtk-x11-2.0.so.0.2400.32
7f8ae8ca1000-7f8ae8ea1000 ---p 00430000 08:02 294173                     /usr/lib/libgtk-x11-2.0.so.0.2400.32
7f8ae8ea1000-7f8ae8eab000 r--p 00430000 08:02 294173                     /usr/lib/libgtk-x11-2.0.so.0.2400.32
7f8ae8eab000-7f8ae8eac000 rw-p 0043a000 08:02 294173                     /usr/lib/libgtk-x11-2.0.so.0.2400.32
7f8ae8eac000-7f8ae8eae000 rw-p 00000000 00:00 0 
7f8ae8eae000-7f8ae8eba000 r-xp 00000000 08:02 1980933                    /usr/lib/jvm/java-8-jdk/jre/lib/amd64/libprism_es2.so
7f8ae8eba000-7f8ae90b9000 ---p 0000c000 08:02 1980933                    /usr/lib/jvm/java-8-jdk/jre/lib/amd64/libprism_es2.so
7f8ae90b9000-7f8ae90ba000 rw-p 0000b000 08:02 1980933                    /usr/lib/jvm/java-8-jdk/jre/lib/amd64/libprism_es2.so
7f8ae90ba000-7f8ae90bd000 ---p 00000000 00:00 0 
7f8ae90bd000-7f8ae91bb000 rw-p 00000000 00:00 0 
7f8ae91bb000-7f8ae91bc000 ---p 00000000 00:00 0 
7f8ae91bc000-7f8ae92bc000 rw-p 00000000 00:00 0 
7f8ae92bc000-7f8ae92bf000 ---p 00000000 00:00 0 
7f8ae92bf000-7f8ae93bd000 rw-p 00000000 00:00 0 
7f8ae93bd000-7f8ae93be000 ---p 00000000 00:00 0 
7f8ae93be000-7f8ae93c1000 ---p 00000000 00:00 0 
7f8ae93c1000-7f8ae94be000 rw-p 00000000 00:00 0 
7f8ae94be000-7f8ae94bf000 ---p 00000000 00:00 0 
7f8ae94bf000-7f8ae94c2000 ---p 00000000 00:00 0 
7f8ae94c2000-7f8ae95bf000 rw-p 00000000 00:00 0 
7f8ae95bf000-7f8ae95c0000 ---p 00000000 00:00 0 
7f8ae95c0000-7f8ae95c3000 ---p 00000000 00:00 0 
7f8ae95c3000-7f8ae96c0000 rw-p 00000000 00:00 0 
7f8ae96c0000-7f8ae96c3000 ---p 00000000 00:00 0 
7f8ae96c3000-7f8ae97c1000 rw-p 00000000 00:00 0 
7f8ae97c1000-7f8ae99a8000 r--p 00000000 08:02 286836                     /usr/lib/locale/locale-archive
7f8ae99a8000-7f8ae99ab000 ---p 00000000 00:00 0 
7f8ae99ab000-7f8ae9aa9000 rw-p 00000000 00:00 0 
7f8ae9aa9000-7f8ae9aac000 ---p 00000000 00:00 0 
7f8ae9aac000-7f8ae9baa000 rw-p 00000000 00:00 0 
7f8ae9baa000-7f8ae9bab000 ---p 00000000 00:00 0 
7f8ae9bab000-7f8aec000000 rw-p 00000000 00:00 0 
7f8aec000000-7f8aec021000 rw-p 00000000 00:00 0 
7f8aec021000-7f8af0000000 ---p 00000000 00:00 0 
7f8af0000000-7f8af0021000 rw-p 00000000 00:00 0 
7f8af0021000-7f8af4000000 ---p 00000000 00:00 0 
7f8af4000000-7f8af4021000 rw-p 00000000 00:00 0 
7f8af4021000-7f8af8000000 ---p 00000000 00:00 0 
7f8af8002000-7f8af8005000 r--s 00000000 08:02 1573408                    /var/cache/fontconfig/9c2147df-fa3c-48b5-a753-85b74b37770d-le64.cache-7
7f8af8005000-7f8af8085000 r--s 00000000 08:02 1577517                    /var/cache/fontconfig/91e2d43f-0cd2-41c5-8276-556899743679-le64.cache-7
7f8af8085000-7f8af80ae000 r--p 00000000 00:2d 144732                     /tmp/+JXF1807349772868780156.tmp
7f8af80ae000-7f8af80b3000 r--s 0009d000 08:02 1852969                    /usr/lib/jvm/java-8-jdk/jre/lib/jsse.jar
7f8af80b3000-7f8af80ca000 r--s 00272000 08:03 51642435                   /home/roger/NetBeansProjects/SalesAssistant/dist/run2139155089/lib/jfoenix-8.0.5.jar
7f8af80ca000-7f8af80f9000 r--s 002e5000 08:03 51642429                   /home/roger/NetBeansProjects/SalesAssistant/dist/run2139155089/lib/derby.jar
7f8af80f9000-7f8af9000000 rw-p 00000000 00:00 0 
7f8af9000000-7f8af9450000 rwxp 00000000 00:00 0 
7f8af9450000-7f8b08000000 ---p 00000000 00:00 0 
7f8b08000000-7f8b0851f000 rw-p 00000000 00:00 0 
7f8b0851f000-7f8b0c000000 ---p 00000000 00:00 0 
7f8b0c000000-7f8b0c002000 r--s 00008000 08:03 51642434                   /home/roger/NetBeansProjects/SalesAssistant/dist/run2139155089/lib/fontawesomefx-octicons-4.3.0-5.jar
7f8b0c002000-7f8b0c097000 r--s 0110e000 08:02 2236113                    /usr/lib/jvm/java-8-jdk/jre/lib/ext/jfxrt.jar
7f8b0c097000-7f8b0c39a000 rw-p 00000000 00:00 0 
7f8b0c39a000-7f8b0c574000 r--s 03d6b000 08:02 1852979                    /usr/lib/jvm/java-8-jdk/jre/lib/rt.jar
7f8b0c574000-7f8b0c7cf000 rw-p 00000000 00:00 0 
7f8b0c7cf000-7f8b0c7d0000 ---p 00000000 00:00 0 
7f8b0c7d0000-7f8b0c8d0000 rw-p 00000000 00:00 0 
7f8b0c8d0000-7f8b0c8d1000 ---p 00000000 00:00 0 
7f8b0c8d1000-7f8b0c9d1000 rw-p 00000000 00:00 0 
7f8b0c9d1000-7f8b0c9d2000 ---p 00000000 00:00 0 
7f8b0c9d2000-7f8b0cad2000 rw-p 00000000 00:00 0 
7f8b0cad2000-7f8b0cad3000 ---p 00000000 00:00 0 
7f8b0cad3000-7f8b0cbe8000 rw-p 00000000 00:00 0 
7f8b0cbe8000-7f8b0cd17000 ---p 00000000 00:00 0 
7f8b0cd17000-7f8b0cd2c000 rw-p 00000000 00:00 0 
7f8b0cd2c000-7f8b0ce5a000 ---p 00000000 00:00 0 
7f8b0ce5a000-7f8b0ce6d000 rw-p 00000000 00:00 0 
7f8b0ce6d000-7f8b0cefc000 ---p 00000000 00:00 0 
7f8b0cefc000-7f8b0cf0f000 rw-p 00000000 00:00 0 
7f8b0cf0f000-7f8b0d2bd000 ---p 00000000 00:00 0 
7f8b0d2bd000-7f8b0d2d8000 r-xp 00000000 08:02 1980943                    /usr/lib/jvm/java-8-jdk/jre/lib/amd64/libzip.so
7f8b0d2d8000-7f8b0d4d8000 ---p 0001b000 08:02 1980943                    /usr/lib/jvm/java-8-jdk/jre/lib/amd64/libzip.so
7f8b0d4d8000-7f8b0d4d9000 rw-p 0001b000 08:02 1980943                    /usr/lib/jvm/java-8-jdk/jre/lib/amd64/libzip.so
7f8b0d4d9000-7f8b0d4e4000 r-xp 00000000 08:02 264340                     /usr/lib/libnss_files-2.27.so
7f8b0d4e4000-7f8b0d6e3000 ---p 0000b000 08:02 264340                     /usr/lib/libnss_files-2.27.so
7f8b0d6e3000-7f8b0d6e4000 r--p 0000a000 08:02 264340                     /usr/lib/libnss_files-2.27.so
7f8b0d6e4000-7f8b0d6e5000 rw-p 0000b000 08:02 264340                     /usr/lib/libnss_files-2.27.so
7f8b0d6e5000-7f8b0d6eb000 rw-p 00000000 00:00 0 
7f8b0d6eb000-7f8b0d716000 r-xp 00000000 08:02 1980907                    /usr/lib/jvm/java-8-jdk/jre/lib/amd64/libjava.so
7f8b0d716000-7f8b0d915000 ---p 0002b000 08:02 1980907                    /usr/lib/jvm/java-8-jdk/jre/lib/amd64/libjava.so
7f8b0d915000-7f8b0d917000 rw-p 0002a000 08:02 1980907                    /usr/lib/jvm/java-8-jdk/jre/lib/amd64/libjava.so
7f8b0d917000-7f8b0d924000 r-xp 00000000 08:02 1980942                    /usr/lib/jvm/java-8-jdk/jre/lib/amd64/libverify.so
7f8b0d924000-7f8b0db24000 ---p 0000d000 08:02 1980942                    /usr/lib/jvm/java-8-jdk/jre/lib/amd64/libverify.so
7f8b0db24000-7f8b0db26000 rw-p 0000d000 08:02 1980942                    /usr/lib/jvm/java-8-jdk/jre/lib/amd64/libverify.so
7f8b0db26000-7f8b0db2d000 r-xp 00000000 08:02 264335                     /usr/lib/librt-2.27.so
7f8b0db2d000-7f8b0dd2c000 ---p 00007000 08:02 264335                     /usr/lib/librt-2.27.so
7f8b0dd2c000-7f8b0dd2d000 r--p 00006000 08:02 264335                     /usr/lib/librt-2.27.so
7f8b0dd2d000-7f8b0dd2e000 rw-p 00007000 08:02 264335                     /usr/lib/librt-2.27.so
7f8b0dd2e000-7f8b0dec1000 r-xp 00000000 08:02 264332                     /usr/lib/libm-2.27.so
7f8b0dec1000-7f8b0e0c1000 ---p 00193000 08:02 264332                     /usr/lib/libm-2.27.so
7f8b0e0c1000-7f8b0e0c2000 r--p 00193000 08:02 264332                     /usr/lib/libm-2.27.so
7f8b0e0c2000-7f8b0e0c3000 rw-p 00194000 08:02 264332                     /usr/lib/libm-2.27.so
7f8b0e0c3000-7f8b0ed9f000 r-xp 00000000 08:02 1980947                    /usr/lib/jvm/java-8-jdk/jre/lib/amd64/server/libjvm.so
7f8b0ed9f000-7f8b0ef9f000 ---p 00cdc000 08:02 1980947                    /usr/lib/jvm/java-8-jdk/jre/lib/amd64/server/libjvm.so
7f8b0ef9f000-7f8b0f079000 rw-p 00cdc000 08:02 1980947                    /usr/lib/jvm/java-8-jdk/jre/lib/amd64/server/libjvm.so
7f8b0f079000-7f8b0f0c4000 rw-p 00000000 00:00 0 
7f8b0f0c4000-7f8b0f277000 r-xp 00000000 08:02 264385                     /usr/lib/libc-2.27.so
7f8b0f277000-7f8b0f476000 ---p 001b3000 08:02 264385                     /usr/lib/libc-2.27.so
7f8b0f476000-7f8b0f47a000 r--p 001b2000 08:02 264385                     /usr/lib/libc-2.27.so
7f8b0f47a000-7f8b0f47c000 rw-p 001b6000 08:02 264385                     /usr/lib/libc-2.27.so
7f8b0f47c000-7f8b0f480000 rw-p 00000000 00:00 0 
7f8b0f480000-7f8b0f483000 r-xp 00000000 08:02 264333                     /usr/lib/libdl-2.27.so
7f8b0f483000-7f8b0f682000 ---p 00003000 08:02 264333                     /usr/lib/libdl-2.27.so
7f8b0f682000-7f8b0f683000 r--p 00002000 08:02 264333                     /usr/lib/libdl-2.27.so
7f8b0f683000-7f8b0f684000 rw-p 00003000 08:02 264333                     /usr/lib/libdl-2.27.so
7f8b0f684000-7f8b0f69a000 r-xp 00000000 08:02 1980879                    /usr/lib/jvm/java-8-jdk/jre/lib/amd64/jli/libjli.so
7f8b0f69a000-7f8b0f899000 ---p 00016000 08:02 1980879                    /usr/lib/jvm/java-8-jdk/jre/lib/amd64/jli/libjli.so
7f8b0f899000-7f8b0f89a000 rw-p 00015000 08:02 1980879                    /usr/lib/jvm/java-8-jdk/jre/lib/amd64/jli/libjli.so
7f8b0f89a000-7f8b0f8b3000 r-xp 00000000 08:02 264403                     /usr/lib/libpthread-2.27.so
7f8b0f8b3000-7f8b0fab2000 ---p 00019000 08:02 264403                     /usr/lib/libpthread-2.27.so
7f8b0fab2000-7f8b0fab3000 r--p 00018000 08:02 264403                     /usr/lib/libpthread-2.27.so
7f8b0fab3000-7f8b0fab4000 rw-p 00019000 08:02 264403                     /usr/lib/libpthread-2.27.so
7f8b0fab4000-7f8b0fab8000 rw-p 00000000 00:00 0 
7f8b0fab8000-7f8b0fadd000 r-xp 00000000 08:02 264386                     /usr/lib/ld-2.27.so
7f8b0fadd000-7f8b0fade000 r--s 0001a000 08:03 51642433                   /home/roger/NetBeansProjects/SalesAssistant/dist/run2139155089/lib/fontawesomefx-icons525-3.0.0-4.jar
7f8b0fade000-7f8b0fadf000 r--s 00021000 08:03 51642432                   /home/roger/NetBeansProjects/SalesAssistant/dist/run2139155089/lib/fontawesomefx-fontawesome-4.7.0-5.jar
7f8b0fadf000-7f8b0fae1000 r--s 00004000 08:03 51642431                   /home/roger/NetBeansProjects/SalesAssistant/dist/run2139155089/lib/fontawesomefx-commons-8.15.jar
7f8b0fae1000-7f8b0fae8000 r--s 0008a000 08:03 51642430                   /home/roger/NetBeansProjects/SalesAssistant/dist/run2139155089/lib/derbyclient.jar
7f8b0fae8000-7f8b0faed000 rw-s 00000000 00:2c 144730                     /i915 (deleted)
7f8b0faed000-7f8b0faf1000 rw-s 00000000 00:2c 145734                     /i915 (deleted)
7f8b0faf1000-7f8b0faf5000 rw-s 00000000 00:2c 145732                     /i915 (deleted)
7f8b0faf5000-7f8b0fafa000 rw-s 00000000 00:2c 145731                     /i915 (deleted)
7f8b0fafa000-7f8b0faff000 rw-s 00000000 00:2c 145725                     /i915 (deleted)
7f8b0faff000-7f8b0fba9000 rw-p 00000000 00:00 0 
7f8b0fba9000-7f8b0fbaa000 ---p 00000000 00:00 0 
7f8b0fbaa000-7f8b0fbad000 ---p 00000000 00:00 0 
7f8b0fbad000-7f8b0fcae000 rw-p 00000000 00:00 0 
7f8b0fcae000-7f8b0fcaf000 rw-s 00000000 00:05 144724                     /memfd:xshmfence (deleted)
7f8b0fcaf000-7f8b0fcb0000 rwxp 00000000 00:00 0 
7f8b0fcb0000-7f8b0fcb4000 rw-s 00000000 00:2c 144720                     /i915 (deleted)
7f8b0fcb4000-7f8b0fcb8000 rw-s 00000000 00:2c 144718                     /i915 (deleted)
7f8b0fcb8000-7f8b0fcbd000 rw-s 00000000 00:2c 144717                     /i915 (deleted)
7f8b0fcbd000-7f8b0fcbf000 r--s 0000a000 08:03 51642426                   /home/roger/NetBeansProjects/SalesAssistant/dist/run2139155089/PetersProject.jar
7f8b0fcbf000-7f8b0fcd2000 rw-p 00000000 00:00 0 
7f8b0fcd2000-7f8b0fcda000 rw-s 00000000 00:2d 145711                     /tmp/hsperfdata_roger/11204
7f8b0fcda000-7f8b0fcdb000 rw-p 00000000 00:00 0 
7f8b0fcdb000-7f8b0fcdc000 ---p 00000000 00:00 0 
7f8b0fcdc000-7f8b0fcdd000 r--p 00024000 08:02 264386                     /usr/lib/ld-2.27.so
7f8b0fcdd000-7f8b0fcde000 rw-p 00025000 08:02 264386                     /usr/lib/ld-2.27.so
7f8b0fcde000-7f8b0fcdf000 rw-p 00000000 00:00 0 
7ffcbdc26000-7ffcbdc47000 rw-p 00000000 00:00 0                          [stack]
7ffcbdd05000-7ffcbdd08000 r--p 00000000 00:00 0                          [vvar]
7ffcbdd08000-7ffcbdd0a000 r-xp 00000000 00:00 0                          [vdso]

VM Arguments:
jvm_args: -Dfile.encoding=UTF-8 
java_command: /home/roger/NetBeansProjects/SalesAssistant/dist/run2139155089/PetersProject.jar
java_class_path (initial): /home/roger/NetBeansProjects/SalesAssistant/dist/run2139155089/PetersProject.jar
Launcher Type: SUN_STANDARD

Environment Variables:
JAVA_HOME=/usr/lib/jvm/java-8-jdk
_JAVA_OPTIONS=
PATH=/usr/local/bin:/usr/bin:/bin:/usr/local/sbin:/usr/lib/jvm/default/bin:/usr/lib/jvm/java-8-jdk/bin/
LD_LIBRARY_PATH=/usr/lib/jvm/java-8-jdk/jre/lib/amd64:/usr/lib/jvm/java-8-jdk/jre/lib/i386:
SHELL=/bin/bash
DISPLAY=:0

Signal Handlers:
SIGSEGV: [libjvm.so+0xad2a40], sa_mask[0]=11111111011111111101111111111110, sa_flags=SA_RESTART|SA_SIGINFO
SIGBUS: [libjvm.so+0xad2a40], sa_mask[0]=11111111011111111101111111111110, sa_flags=SA_RESTART|SA_SIGINFO
SIGFPE: [libjvm.so+0x92a610], sa_mask[0]=11111111011111111101111111111110, sa_flags=SA_RESTART|SA_SIGINFO
SIGPIPE: SIG_IGN, sa_mask[0]=00000000000010000000000000000000, sa_flags=SA_RESTART
SIGXFSZ: [libjvm.so+0x92a610], sa_mask[0]=11111111011111111101111111111110, sa_flags=SA_RESTART|SA_SIGINFO
SIGILL: [libjvm.so+0x92a610], sa_mask[0]=11111111011111111101111111111110, sa_flags=SA_RESTART|SA_SIGINFO
SIGUSR1: SIG_DFL, sa_mask[0]=00000000000000000000000000000000, sa_flags=none
SIGUSR2: [libjvm.so+0x92be70], sa_mask[0]=00100000000000000000000000000000, sa_flags=SA_RESTART|SA_SIGINFO
SIGHUP: SIG_IGN, sa_mask[0]=00000000000000000000000000000000, sa_flags=none
SIGINT: SIG_IGN, sa_mask[0]=00000000000000000000000000000000, sa_flags=none
SIGTERM: [libjvm.so+0x92d270], sa_mask[0]=11111111011111111101111111111110, sa_flags=SA_RESTART|SA_SIGINFO
SIGQUIT: [libjvm.so+0x92d270], sa_mask[0]=11111111011111111101111111111110, sa_flags=SA_RESTART|SA_SIGINFO


---------------  S Y S T E M  ---------------

OS:LSB_VERSION=1.4
DISTRIB_ID=Arch
DISTRIB_RELEASE=rolling
DISTRIB_DESCRIPTION="Arch Linux"

uname:Linux 4.17.11-arch1 #1 SMP PREEMPT Sun Jul 29 10:11:16 UTC 2018 x86_64
libc:glibc 2.27 NPTL 2.27 
rlimit: STACK 8192k, CORE infinity, NPROC 15454, NOFILE 4096, AS infinity
load average:0.73 0.70 0.86

/proc/meminfo:
MemTotal:        3967964 kB
MemFree:          168148 kB
MemAvailable:     776380 kB
Buffers:           61608 kB
Cached:           737964 kB
SwapCached:         3352 kB
Active:          2730836 kB
Inactive:         862716 kB
Active(anon):    2313884 kB
Inactive(anon):   488160 kB
Active(file):     416952 kB
Inactive(file):   374556 kB
Unevictable:         112 kB
Mlocked:             112 kB
SwapTotal:       4194300 kB
SwapFree:        4179812 kB
Dirty:             13824 kB
Writeback:             4 kB
AnonPages:       2790864 kB
Mapped:           383736 kB
Shmem:            241128 kB
Slab:              92920 kB
SReclaimable:      47328 kB
SUnreclaim:        45592 kB
KernelStack:        9088 kB
PageTables:        29408 kB
NFS_Unstable:          0 kB
Bounce:                0 kB
WritebackTmp:          0 kB
CommitLimit:     6178280 kB
Committed_AS:    6513764 kB
VmallocTotal:   34359738367 kB
VmallocUsed:           0 kB
VmallocChunk:          0 kB
HardwareCorrupted:     0 kB
AnonHugePages:         0 kB
ShmemHugePages:        0 kB
ShmemPmdMapped:        0 kB
HugePages_Total:       0
HugePages_Free:        0
HugePages_Rsvd:        0
HugePages_Surp:        0
Hugepagesize:       2048 kB
Hugetlb:               0 kB
DirectMap4k:      134912 kB
DirectMap2M:     3985408 kB
DirectMap1G:     1048576 kB


CPU:total 4 (initial active 4) (2 cores per cpu, 2 threads per core) family 6 model 69 stepping 1, cmov, cx8, fxsr, mmx, sse, sse2, sse3, ssse3, sse4.1, sse4.2, popcnt, avx, avx2, aes, clmul, erms, lzcnt, ht, tsc, tscinvbit, bmi1, bmi2

/proc/cpuinfo:
processor	: 0
vendor_id	: GenuineIntel
cpu family	: 6
model		: 69
model name	: Intel(R) Core(TM) i5-4210U CPU @ 1.70GHz
stepping	: 1
microcode	: 0x1c
cpu MHz		: 2417.372
cache size	: 3072 KB
physical id	: 0
siblings	: 4
core id		: 0
cpu cores	: 2
apicid		: 0
initial apicid	: 0
fpu		: yes
fpu_exception	: yes
cpuid level	: 13
wp		: yes
flags		: fpu vme de pse tsc msr pae mce cx8 apic sep mtrr pge mca cmov pat pse36 clflush dts acpi mmx fxsr sse sse2 ss ht tm pbe syscall nx pdpe1gb rdtscp lm constant_tsc arch_perfmon pebs bts rep_good nopl xtopology nonstop_tsc cpuid aperfmperf pni pclmulqdq dtes64 monitor ds_cpl vmx est tm2 ssse3 sdbg fma cx16 xtpr pdcm pcid sse4_1 sse4_2 movbe popcnt aes xsave avx f16c rdrand lahf_lm abm cpuid_fault epb invpcid_single pti tpr_shadow vnmi flexpriority ept vpid fsgsbase tsc_adjust bmi1 avx2 smep bmi2 erms invpcid xsaveopt dtherm ida arat pln pts
bugs		: cpu_meltdown spectre_v1 spectre_v2 spec_store_bypass
bogomips	: 4790.37
clflush size	: 64
cache_alignment	: 64
address sizes	: 39 bits physical, 48 bits virtual
power management:

processor	: 1
vendor_id	: GenuineIntel
cpu family	: 6
model		: 69
model name	: Intel(R) Core(TM) i5-4210U CPU @ 1.70GHz
stepping	: 1
microcode	: 0x1c
cpu MHz		: 2433.959
cache size	: 3072 KB
physical id	: 0
siblings	: 4
core id		: 0
cpu cores	: 2
apicid		: 1
initial apicid	: 1
fpu		: yes
fpu_exception	: yes
cpuid level	: 13
wp		: yes
flags		: fpu vme de pse tsc msr pae mce cx8 apic sep mtrr pge mca cmov pat pse36 clflush dts acpi mmx fxsr sse sse2 ss ht tm pbe syscall nx pdpe1gb rdtscp lm constant_tsc arch_perfmon pebs bts rep_good nopl xtopology nonstop_tsc cpuid aperfmperf pni pclmulqdq dtes64 monitor ds_cpl vmx est tm2 ssse3 sdbg fma cx16 xtpr pdcm pcid sse4_1 sse4_2 movbe popcnt aes xsave avx f16c rdrand lahf_lm abm cpuid_fault epb invpcid_single pti tpr_shadow vnmi flexpriority ept vpid fsgsbase tsc_adjust bmi1 avx2 smep bmi2 erms invpcid xsaveopt dtherm ida arat pln pts
bugs		: cpu_meltdown spectre_v1 spectre_v2 spec_store_bypass
bogomips	: 4790.37
clflush size	: 64
cache_alignment	: 64
address sizes	: 39 bits physical, 48 bits virtual
power management:

processor	: 2
vendor_id	: GenuineIntel
cpu family	: 6
model		: 69
model name	: Intel(R) Core(TM) i5-4210U CPU @ 1.70GHz
stepping	: 1
microcode	: 0x1c
cpu MHz		: 2412.236
cache size	: 3072 KB
physical id	: 0
siblings	: 4
core id		: 1
cpu cores	: 2
apicid		: 2
initial apicid	: 2
fpu		: yes
fpu_exception	: yes
cpuid level	: 13
wp		: yes
flags		: fpu vme de pse tsc msr pae mce cx8 apic sep mtrr pge mca cmov pat pse36 clflush dts acpi mmx fxsr sse sse2 ss ht tm pbe syscall nx pdpe1gb rdtscp lm constant_tsc arch_perfmon pebs bts rep_good nopl xtopology nonstop_tsc cpuid aperfmperf pni pclmulqdq dtes64 monitor ds_cpl vmx est tm2 ssse3 sdbg fma cx16 xtpr pdcm pcid sse4_1 sse4_2 movbe popcnt aes xsave avx f16c rdrand lahf_lm abm cpuid_fault epb invpcid_single pti tpr_shadow vnmi flexpriority ept vpid fsgsbase tsc_adjust bmi1 avx2 smep bmi2 erms invpcid xsaveopt dtherm ida arat pln pts
bugs		: cpu_meltdown spectre_v1 spectre_v2 spec_store_bypass
bogomips	: 4790.37
clflush size	: 64
cache_alignment	: 64
address sizes	: 39 bits physical, 48 bits virtual
power management:

processor	: 3
vendor_id	: GenuineIntel
cpu family	: 6
model		: 69
model name	: Intel(R) Core(TM) i5-4210U CPU @ 1.70GHz
stepping	: 1
microcode	: 0x1c
cpu MHz		: 2394.433
cache size	: 3072 KB
physical id	: 0
siblings	: 4
core id		: 1
cpu cores	: 2
apicid		: 3
initial apicid	: 3
fpu		: yes
fpu_exception	: yes
cpuid level	: 13
wp		: yes
flags		: fpu vme de pse tsc msr pae mce cx8 apic sep mtrr pge mca cmov pat pse36 clflush dts acpi mmx fxsr sse sse2 ss ht tm pbe syscall nx pdpe1gb rdtscp lm constant_tsc arch_perfmon pebs bts rep_good nopl xtopology nonstop_tsc cpuid aperfmperf pni pclmulqdq dtes64 monitor ds_cpl vmx est tm2 ssse3 sdbg fma cx16 xtpr pdcm pcid sse4_1 sse4_2 movbe popcnt aes xsave avx f16c rdrand lahf_lm abm cpuid_fault epb invpcid_single pti tpr_shadow vnmi flexpriority ept vpid fsgsbase tsc_adjust bmi1 avx2 smep bmi2 erms invpcid xsaveopt dtherm ida arat pln pts
bugs		: cpu_meltdown spectre_v1 spectre_v2 spec_store_bypass
bogomips	: 4790.37
clflush size	: 64
cache_alignment	: 64
address sizes	: 39 bits physical, 48 bits virtual
power management:



Memory: 4k page, physical 3967964k(168148k free), swap 4194300k(4179812k free)

vm_info: Java HotSpot(TM) 64-Bit Server VM (25.181-b13) for linux-amd64 JRE (1.8.0_181-b13), built on Jul  7 2018 00:56:38 by "java_re" with gcc 4.3.0 20080428 (Red Hat 4.3.0-8)

time: Thu Aug  2 09:37:10 2018
elapsed time: 2 seconds (0d 0h 0m 2s)

