#
# A fatal error has been detected by the Java Runtime Environment:
#
#  SIGSEGV (0xb) at pc=0x00007f413777ab35, pid=9340, tid=0x00007f4135932700
#
# JRE version: Java(TM) SE Runtime Environment (8.0_181-b13) (build 1.8.0_181-b13)
# Java VM: Java HotSpot(TM) 64-Bit Server VM (25.181-b13 mixed mode linux-amd64 compressed oops)
# Problematic frame:
# V  [libjvm.so+0x654b35]  InstanceKlass::oop_follow_contents(ParCompactionManager*, oopDesc*)+0x2d5
#
# Core dump written. Default location: /home/roger/NetBeansProjects/SalesAssistant/core or core.9340
#
# If you would like to submit a bug report, please visit:
#   http://bugreport.java.com/bugreport/crash.jsp
#

---------------  T H R E A D  ---------------

Current thread (0x00007f4130025000):  GCTaskThread [stack: 0x00007f4135833000,0x00007f4135933000] [id=9348]

siginfo: si_signo: 11 (SIGSEGV), si_code: 128 (SI_KERNEL), si_addr: 0x0000000000000000

Registers:
RAX=0x00007f411a1b0000, RBX=0x00000000ad042cb0, RCX=0x0000000000000016, RDX=0x007ffffffff4d216
RSP=0x00007f4135931720, RBP=0x00007f4135931780, RSI=0x0000000000400000, RDI=0x00000001000016d0
R8 =0x00000000ecdfc5f8, R9 =0x0000000000000008, R10=0x000000000000000e, R11=0x00007f41380f6040
R12=0x00007f41380fa0a0, R13=0x00000000ecdfc5f4, R14=0x00007f41300257c0, R15=0x00007f41300fc440
RIP=0x00007f413777ab35, EFLAGS=0x0000000000010206, CSGSFS=0x002b000000000033, ERR=0x0000000000000000
  TRAPNO=0x000000000000000d

Top of Stack: (sp=0x00007f4135931720)
0x00007f4135931720:   00000000ecdfc610 00000000ecdfc5e8
0x00007f4135931730:   0000000100001938 0000000100001940
0x00007f4135931740:   00007f41380aeb48 00007f41300fc480
0x00007f4135931750:   00000000c36d5310 00007f41380f6040
0x00007f4135931760:   00007f41300fc440 00007f41300fc440
0x00007f4135931770:   00007f41300257c0 00007f4137c82db0
0x00007f4135931780:   00007f4135931910 00007f4137aabda2
0x00007f4135931790:   00000000c3d8dda1 00007f41380fa210
0x00007f41359317a0:   00007f41300fc450 00007f41359318c0
0x00007f41359317b0:   00007f4135931890 00007f4135931870
0x00007f41359317c0:   00007f4135931860 00007f4135931850
0x00007f41359317d0:   00007f4135931840 00007f4135931830
0x00007f41359317e0:   00007f4135931840 00007f41300fc500
0x00007f41359317f0:   00000000ebd08e80 00007f41380fa210
0x00007f4135931800:   00007f413013cc28 00007f413013cc60
0x00007f4135931810:   00000000c3db82a8 00000000c3e2c180
0x00007f4135931820:   00007f41300fc480 00007f41359318d8
0x00007f4135931830:   0000000000000001 00007f4138909ee8
0x00007f4135931840:   00007f41359318c0 000000000000000e
0x00007f4135931850:   00007f4135931880 0000000000000000
0x00007f4135931860:   0000000000000000 00007f41359318a0
0x00007f4135931870:   00007f4130026328 0000000000000000
0x00007f4135931880:   00007f4138907ef1 00007f41359318a0
0x00007f4135931890:   00007f41359318c0 0000000000000000
0x00007f41359318a0:   000000000000001c 00007f4130026350
0x00007f41359318b0:   00000000c3b14a18 00007f41300fc440
0x00007f41359318c0:   00007f41359318f0 00007f4137ab9e8c
0x00007f41359318d0:   00007f4130024750 00000000ecdfc5e8
0x00007f41359318e0:   00007f41359319d0 00007f413004e910
0x00007f41359318f0:   00007f41359319d0 00007f41300fc440
0x00007f4135931900:   00007f41300257c0 00007f4137c82db0
0x00007f4135931910:   00007f4135931a10 00007f4137a91058 

Instructions: (pc=0x00007f413777ab35)
0x00007f413777ab15:   49 8b 44 24 30 48 c1 ee 03 48 d3 ee 48 89 f2 89
0x00007f413777ab25:   f1 be 01 00 00 00 83 e1 3f 48 c1 ea 06 48 d3 e6
0x00007f413777ab35:   48 85 34 d0 75 95 48 8b 05 b6 f2 92 00 0f b6 10
0x00007f413777ab45:   84 d2 0f 85 b3 01 00 00 48 8b 7b 08 8b 77 08 83 

Register to memory mapping:

RAX=0x00007f411a1b0000 is an unknown value
RBX=0x00000000ad042cb0 is an unknown value
RCX=0x0000000000000016 is an unknown value
RDX=0x007ffffffff4d216 is an unknown value
RSP=0x00007f4135931720 is an unknown value
RBP=0x00007f4135931780 is an unknown value
RSI=0x0000000000400000: <offset 0> in /usr/lib/jvm/java-8-jdk/jre/bin/java at 0x0000000000400000
RDI=0x00000001000016d0 is pointing into metadata
R8 =0x00000000ecdfc5f8 is an unknown value
R9 =0x0000000000000008 is an unknown value
R10=0x000000000000000e is an unknown value
R11=0x00007f41380f6040: <offset 0xfd0040> in /usr/lib/jvm/java-8-jdk/jre/lib/amd64/server/libjvm.so at 0x00007f4137126000
R12=0x00007f41380fa0a0: <offset 0xfd40a0> in /usr/lib/jvm/java-8-jdk/jre/lib/amd64/server/libjvm.so at 0x00007f4137126000
R13=0x00000000ecdfc5f4 is an unknown value
R14=0x00007f41300257c0 is an unknown value
R15=0x00007f41300fc440 is an unknown value


Stack: [0x00007f4135833000,0x00007f4135933000],  sp=0x00007f4135931720,  free space=1017k
Native frames: (J=compiled Java code, j=interpreted, Vv=VM code, C=native code)
V  [libjvm.so+0x654b35]  InstanceKlass::oop_follow_contents(ParCompactionManager*, oopDesc*)+0x2d5
V  [libjvm.so+0x985da2]  ParCompactionManager::follow_marking_stacks()+0x232
V  [libjvm.so+0x96b058]  MarkFromRootsTask::do_it(GCTaskManager*, unsigned int)+0x88
V  [libjvm.so+0x5de82f]  GCTaskThread::run()+0x12f
V  [libjvm.so+0x930198]  java_start(Thread*)+0x108


---------------  P R O C E S S  ---------------

Java Threads: ( => current thread )
  0x00007f40d0476800 JavaThread "derby.rawStoreDaemon" daemon [_thread_blocked, id=9370, stack(0x00007f40c310d000,0x00007f40c320e000)]
  0x00007f40d0430800 JavaThread "Timer-0" daemon [_thread_blocked, id=9369, stack(0x00007f40c343d000,0x00007f40c353e000)]
  0x00007f40d02f1000 JavaThread "Prism Font Disposer" daemon [_thread_blocked, id=9368, stack(0x00007f40c3967000,0x00007f40c3a68000)]
  0x00007f41303a7800 JavaThread "JavaFX-Launcher" [_thread_blocked, id=9365, stack(0x00007f40d8cc4000,0x00007f40d8dc5000)]
  0x00007f41303a4000 JavaThread "JavaFX Application Thread" [_thread_blocked, id=9363, stack(0x00007f40d9707000,0x00007f40d9808000)]
  0x00007f41303a1000 JavaThread "Thread-1" daemon [_thread_blocked, id=9362, stack(0x00007f40d9808000,0x00007f40d9909000)]
  0x00007f41302df000 JavaThread "QuantumRenderer-0" daemon [_thread_blocked, id=9360, stack(0x00007f412000b000,0x00007f412010c000)]
  0x00007f413018f800 JavaThread "Service Thread" daemon [_thread_blocked, id=9356, stack(0x00007f412020d000,0x00007f412030e000)]
  0x00007f4130184800 JavaThread "C1 CompilerThread2" daemon [_thread_blocked, id=9355, stack(0x00007f412030f000,0x00007f412040f000)]
  0x00007f4130182800 JavaThread "C2 CompilerThread1" daemon [_thread_blocked, id=9354, stack(0x00007f4120410000,0x00007f4120510000)]
  0x00007f413017f800 JavaThread "C2 CompilerThread0" daemon [_thread_in_native, id=9353, stack(0x00007f4120511000,0x00007f4120611000)]
  0x00007f413017e800 JavaThread "Signal Dispatcher" daemon [_thread_blocked, id=9352, stack(0x00007f4120611000,0x00007f4120712000)]
  0x00007f413014b800 JavaThread "Finalizer" daemon [_thread_blocked, id=9351, stack(0x00007f41208f9000,0x00007f41209fa000)]
  0x00007f4130149000 JavaThread "Reference Handler" daemon [_thread_blocked, id=9350, stack(0x00007f41209fa000,0x00007f4120afb000)]
  0x00007f413000a800 JavaThread "main" [_thread_blocked, id=9343, stack(0x00007f4138c0d000,0x00007f4138d0d000)]

Other Threads:
  0x00007f413013f800 VMThread [stack: 0x00007f4120afc000,0x00007f4120bfc000] [id=9349]
  0x00007f4130194800 WatcherThread [stack: 0x00007f412010d000,0x00007f412020d000] [id=9359]

=>0x00007f4130025000 (exited) GCTaskThread [stack: 0x00007f4135833000,0x00007f4135933000] [id=9348]

VM state:at safepoint (normal execution)

VM Mutex/Monitor currently owned by a thread:  ([mutex/lock_event])
[0x00007f4130007ee0] Threads_lock - owner thread: 0x00007f413013f800
[0x00007f41300083e0] Heap_lock - owner thread: 0x00007f41303a4000

Heap:
 PSYoungGen      total 18432K, used 2544K [0x00000000ebd00000, 0x00000000ed180000, 0x0000000100000000)
  eden space 15872K, 0% used [0x00000000ebd00000,0x00000000ebd00000,0x00000000ecc80000)
  from space 2560K, 99% used [0x00000000ecc80000,0x00000000ecefc040,0x00000000ecf00000)
  to   space 2560K, 0% used [0x00000000ecf00000,0x00000000ecf00000,0x00000000ed180000)
 ParOldGen       total 42496K, used 8370K [0x00000000c3600000, 0x00000000c5f80000, 0x00000000ebd00000)
  object space 42496K, 19% used [0x00000000c3600000,0x00000000c3e2c918,0x00000000c5f80000)
 Metaspace       used 20553K, capacity 21226K, committed 21296K, reserved 1067008K
  class space    used 2712K, capacity 2926K, committed 2944K, reserved 1048576K

Card table byte_map: [0x00007f4135d7a000,0x00007f4135f60000] byte_map_base: 0x00007f413575f000

Marking Bits: (ParMarkBitMap*) 0x00007f41380fa0a0
 Begin Bits: [0x00007f411a1b0000, 0x00007f411b0d8000)
 End Bits:   [0x00007f411b0d8000, 0x00007f411c000000)

Polling page: 0x00007f4138d3e000

CodeCache: size=245760Kb used=4368Kb max_used=4374Kb free=241391Kb
 bounds [0x00007f4121000000, 0x00007f4121450000, 0x00007f4130000000]
 total_blobs=1917 nmethods=1260 adapters=570
 compilation: enabled

Compilation events (10 events):
Event: 4.523 Thread 0x00007f4130184800 nmethod 1259 0x00007f4121441050 code [0x00007f41214412c0, 0x00007f4121442438]
Event: 4.523 Thread 0x00007f4130184800 1260       3       org.apache.derby.impl.services.cache.ConcurrentCache::getEntry (94 bytes)
Event: 4.524 Thread 0x00007f4130182800 1263       4       sun.misc.VM::allowArraySyntax (4 bytes)
Event: 4.524 Thread 0x00007f4130184800 nmethod 1260 0x00007f4121442d10 code [0x00007f4121443000, 0x00007f4121444a28]
Event: 4.524 Thread 0x00007f4130184800 1262       3       java.lang.ClassLoader::checkName (43 bytes)
Event: 4.525 Thread 0x00007f4130182800 nmethod 1263 0x00007f4121448410 code [0x00007f4121448560, 0x00007f41214485b8]
Event: 4.525 Thread 0x00007f4130184800 nmethod 1262 0x00007f4121447850 code [0x00007f4121447a00, 0x00007f4121448178]
Event: 4.525 Thread 0x00007f4130184800 1261       1       org.apache.derby.impl.services.locks.Lock::getCount (5 bytes)
Event: 4.525 Thread 0x00007f4130184800 nmethod 1261 0x00007f4121447590 code [0x00007f41214476e0, 0x00007f41214477f0]
Event: 4.533 Thread 0x00007f4130184800 1264   !   3       java.util.concurrent.ConcurrentHashMap::putVal (362 bytes)

GC Heap History (7 events):
Event: 1.367 GC heap before
{Heap before GC invocations=1 (full 0):
 PSYoungGen      total 18432K, used 15872K [0x00000000ebd00000, 0x00000000ed180000, 0x0000000100000000)
  eden space 15872K, 100% used [0x00000000ebd00000,0x00000000ecc80000,0x00000000ecc80000)
  from space 2560K, 0% used [0x00000000ecf00000,0x00000000ecf00000,0x00000000ed180000)
  to   space 2560K, 0% used [0x00000000ecc80000,0x00000000ecc80000,0x00000000ecf00000)
 ParOldGen       total 42496K, used 0K [0x00000000c3600000, 0x00000000c5f80000, 0x00000000ebd00000)
  object space 42496K, 0% used [0x00000000c3600000,0x00000000c3600000,0x00000000c5f80000)
 Metaspace       used 9699K, capacity 10048K, committed 10368K, reserved 1058816K
  class space    used 1218K, capacity 1340K, committed 1408K, reserved 1048576K
Event: 1.371 GC heap after
Heap after GC invocations=1 (full 0):
 PSYoungGen      total 18432K, used 2549K [0x00000000ebd00000, 0x00000000ed180000, 0x0000000100000000)
  eden space 15872K, 0% used [0x00000000ebd00000,0x00000000ebd00000,0x00000000ecc80000)
  from space 2560K, 99% used [0x00000000ecc80000,0x00000000ecefd570,0x00000000ecf00000)
  to   space 2560K, 0% used [0x00000000ecf00000,0x00000000ecf00000,0x00000000ed180000)
 ParOldGen       total 42496K, used 330K [0x00000000c3600000, 0x00000000c5f80000, 0x00000000ebd00000)
  object space 42496K, 0% used [0x00000000c3600000,0x00000000c3652b78,0x00000000c5f80000)
 Metaspace       used 9699K, capacity 10048K, committed 10368K, reserved 1058816K
  class space    used 1218K, capacity 1340K, committed 1408K, reserved 1048576K
}
Event: 1.827 GC heap before
{Heap before GC invocations=2 (full 0):
 PSYoungGen      total 18432K, used 18421K [0x00000000ebd00000, 0x00000000ed180000, 0x0000000100000000)
  eden space 15872K, 100% used [0x00000000ebd00000,0x00000000ecc80000,0x00000000ecc80000)
  from space 2560K, 99% used [0x00000000ecc80000,0x00000000ecefd570,0x00000000ecf00000)
  to   space 2560K, 0% used [0x00000000ecf00000,0x00000000ecf00000,0x00000000ed180000)
 ParOldGen       total 42496K, used 330K [0x00000000c3600000, 0x00000000c5f80000, 0x00000000ebd00000)
  object space 42496K, 0% used [0x00000000c3600000,0x00000000c3652b78,0x00000000c5f80000)
 Metaspace       used 15217K, capacity 15770K, committed 16128K, reserved 1062912K
  class space    used 2016K, capacity 2179K, committed 2304K, reserved 1048576K
Event: 1.834 GC heap after
Heap after GC invocations=2 (full 0):
 PSYoungGen      total 18432K, used 2549K [0x00000000ebd00000, 0x00000000ed180000, 0x0000000100000000)
  eden space 15872K, 0% used [0x00000000ebd00000,0x00000000ebd00000,0x00000000ecc80000)
  from space 2560K, 99% used [0x00000000ecf00000,0x00000000ed17d540,0x00000000ed180000)
  to   space 2560K, 0% used [0x00000000ecc80000,0x00000000ecc80000,0x00000000ecf00000)
 ParOldGen       total 42496K, used 3923K [0x00000000c3600000, 0x00000000c5f80000, 0x00000000ebd00000)
  object space 42496K, 9% used [0x00000000c3600000,0x00000000c39d4ef8,0x00000000c5f80000)
 Metaspace       used 15217K, capacity 15770K, committed 16128K, reserved 1062912K
  class space    used 2016K, capacity 2179K, committed 2304K, reserved 1048576K
}
Event: 4.533 GC heap before
{Heap before GC invocations=3 (full 0):
 PSYoungGen      total 18432K, used 17140K [0x00000000ebd00000, 0x00000000ed180000, 0x0000000100000000)
  eden space 15872K, 91% used [0x00000000ebd00000,0x00000000ecb3fcb8,0x00000000ecc80000)
  from space 2560K, 99% used [0x00000000ecf00000,0x00000000ed17d540,0x00000000ed180000)
  to   space 2560K, 0% used [0x00000000ecc80000,0x00000000ecc80000,0x00000000ecf00000)
 ParOldGen       total 42496K, used 3923K [0x00000000c3600000, 0x00000000c5f80000, 0x00000000ebd00000)
  object space 42496K, 9% used [0x00000000c3600000,0x00000000c39d4ef8,0x00000000c5f80000)
 Metaspace       used 20553K, capacity 21226K, committed 21296K, reserved 1067008K
  class space    used 2712K, capacity 2926K, committed 2944K, reserved 1048576K
Event: 4.544 GC heap after
Heap after GC invocations=3 (full 0):
 PSYoungGen      total 18432K, used 2544K [0x00000000ebd00000, 0x00000000ed180000, 0x0000000100000000)
  eden space 15872K, 0% used [0x00000000ebd00000,0x00000000ebd00000,0x00000000ecc80000)
  from space 2560K, 99% used [0x00000000ecc80000,0x00000000ecefc040,0x00000000ecf00000)
  to   space 2560K, 0% used [0x00000000ecf00000,0x00000000ecf00000,0x00000000ed180000)
 ParOldGen       total 42496K, used 8370K [0x00000000c3600000, 0x00000000c5f80000, 0x00000000ebd00000)
  object space 42496K, 19% used [0x00000000c3600000,0x00000000c3e2c918,0x00000000c5f80000)
 Metaspace       used 20553K, capacity 21226K, committed 21296K, reserved 1067008K
  class space    used 2712K, capacity 2926K, committed 2944K, reserved 1048576K
}
Event: 4.544 GC heap before
{Heap before GC invocations=4 (full 1):
 PSYoungGen      total 18432K, used 2544K [0x00000000ebd00000, 0x00000000ed180000, 0x0000000100000000)
  eden space 15872K, 0% used [0x00000000ebd00000,0x00000000ebd00000,0x00000000ecc80000)
  from space 2560K, 99% used [0x00000000ecc80000,0x00000000ecefc040,0x00000000ecf00000)
  to   space 2560K, 0% used [0x00000000ecf00000,0x00000000ecf00000,0x00000000ed180000)
 ParOldGen       total 42496K, used 8370K [0x00000000c3600000, 0x00000000c5f80000, 0x00000000ebd00000)
  object space 42496K, 19% used [0x00000000c3600000,0x00000000c3e2c918,0x00000000c5f80000)
 Metaspace       used 20553K, capacity 21226K, committed 21296K, reserved 1067008K
  class space    used 2712K, capacity 2926K, committed 2944K, reserved 1048576K

Deoptimization events (10 events):
Event: 1.617 Thread 0x00007f41303a4000 Uncommon trap: reason=class_check action=maybe_recompile pc=0x00007f4121302074 method=java.util.HashMap.putVal(ILjava/lang/Object;Ljava/lang/Object;ZZ)Ljava/lang/Object; @ 203
Event: 1.694 Thread 0x00007f41303a4000 Uncommon trap: reason=range_check action=make_not_entrant pc=0x00007f412132e780 method=sun.reflect.generics.parser.SignatureParser.current()C @ 34
Event: 1.773 Thread 0x00007f41303a4000 Uncommon trap: reason=unstable_if action=reinterpret pc=0x00007f41212ed1b8 method=java.lang.AbstractStringBuilder.append(Ljava/lang/String;)Ljava/lang/AbstractStringBuilder; @ 1
Event: 1.864 Thread 0x00007f41303a4000 Uncommon trap: reason=unstable_if action=reinterpret pc=0x00007f41212ead30 method=sun.net.www.ParseUtil.encodePath(Ljava/lang/String;Z)Ljava/lang/String; @ 109
Event: 1.907 Thread 0x00007f41303a4000 Uncommon trap: reason=class_check action=maybe_recompile pc=0x00007f4121302074 method=java.util.HashMap.putVal(ILjava/lang/Object;Ljava/lang/Object;ZZ)Ljava/lang/Object; @ 203
Event: 1.914 Thread 0x00007f41303a4000 Uncommon trap: reason=class_check action=maybe_recompile pc=0x00007f4121302074 method=java.util.HashMap.putVal(ILjava/lang/Object;Ljava/lang/Object;ZZ)Ljava/lang/Object; @ 203
Event: 3.831 Thread 0x00007f41303a4000 Uncommon trap: reason=unstable_if action=reinterpret pc=0x00007f4121228300 method=java.lang.AbstractStringBuilder.append(Ljava/lang/String;)Ljava/lang/AbstractStringBuilder; @ 1
Event: 4.462 Thread 0x00007f41303a4000 Uncommon trap: reason=unstable_if action=reinterpret pc=0x00007f412122fa20 method=java.lang.CharacterData.of(I)Ljava/lang/CharacterData; @ 4
Event: 4.511 Thread 0x00007f41303a4000 Uncommon trap: reason=unstable_if action=reinterpret pc=0x00007f41213bc6d4 method=java.lang.ClassLoader.checkName(Ljava/lang/String;)Z @ 36
Event: 4.512 Thread 0x00007f41303a4000 Uncommon trap: reason=unstable_if action=reinterpret pc=0x00007f412141c05c method=java.util.concurrent.ConcurrentHashMap.putVal(Ljava/lang/Object;Ljava/lang/Object;Z)Ljava/lang/Object; @ 181

Classes redefined (0 events):
No events

Internal exceptions (10 events):
Event: 1.268 Thread 0x00007f41303a4000 Exception <a 'java/lang/NullPointerException'> (0x00000000ec9355c8) thrown at [/HUDSON/workspace/8-2-build-linux-amd64/jdk8u181/11358/hotspot/src/share/vm/prims/jvm.cpp, line 1439]
Event: 1.558 Thread 0x00007f41303a4000 Exception <a 'java/lang/ArrayIndexOutOfBoundsException'> (0x00000000ec1d8be0) thrown at [/HUDSON/workspace/8-2-build-linux-amd64/jdk8u181/11358/hotspot/src/share/vm/runtime/sharedRuntime.cpp, line 605]
Event: 1.559 Thread 0x00007f41303a4000 Exception <a 'java/lang/ArrayIndexOutOfBoundsException'> (0x00000000ec1d98e0) thrown at [/HUDSON/workspace/8-2-build-linux-amd64/jdk8u181/11358/hotspot/src/share/vm/runtime/sharedRuntime.cpp, line 605]
Event: 1.559 Thread 0x00007f41303a4000 Exception <a 'java/lang/ArrayIndexOutOfBoundsException'> (0x00000000ec1dac88) thrown at [/HUDSON/workspace/8-2-build-linux-amd64/jdk8u181/11358/hotspot/src/share/vm/runtime/sharedRuntime.cpp, line 605]
Event: 1.590 Thread 0x00007f41303a4000 Exception <a 'java/lang/ArrayIndexOutOfBoundsException'> (0x00000000ec27a708) thrown at [/HUDSON/workspace/8-2-build-linux-amd64/jdk8u181/11358/hotspot/src/share/vm/runtime/sharedRuntime.cpp, line 605]
Event: 1.590 Thread 0x00007f41303a4000 Exception <a 'java/lang/ArrayIndexOutOfBoundsException'> (0x00000000ec27c730) thrown at [/HUDSON/workspace/8-2-build-linux-amd64/jdk8u181/11358/hotspot/src/share/vm/runtime/sharedRuntime.cpp, line 605]
Event: 1.694 Thread 0x00007f41303a4000 Exception <a 'java/lang/ArrayIndexOutOfBoundsException': 57> (0x00000000ec543be0) thrown at [/HUDSON/workspace/8-2-build-linux-amd64/jdk8u181/11358/hotspot/src/share/vm/interpreter/interpreterRuntime.cpp, line 366]
Event: 1.694 Thread 0x00007f41303a4000 Exception <a 'java/lang/ArrayIndexOutOfBoundsException': 57> (0x00000000ec544fd0) thrown at [/HUDSON/workspace/8-2-build-linux-amd64/jdk8u181/11358/hotspot/src/share/vm/interpreter/interpreterRuntime.cpp, line 366]
Event: 1.773 Thread 0x00007f41303a4000 Implicit null exception at 0x00007f41212ecdf5 to 0x00007f41212ed1a5
Event: 3.831 Thread 0x00007f41303a4000 Implicit null exception at 0x00007f4121227f36 to 0x00007f41212282e9

Events (10 events):
Event: 4.531 loading class org/apache/derby/impl/sql/compile/CompilerContextImpl done
Event: 4.532 loading class org/apache/derby/impl/sql/compile/ParserImpl
Event: 4.532 loading class org/apache/derby/impl/sql/compile/ParserImpl done
Event: 4.533 loading class org/apache/derby/impl/sql/compile/ParseException
Event: 4.533 loading class org/apache/derby/impl/sql/compile/ParseException done
Event: 4.533 loading class org/apache/derby/impl/sql/compile/TokenMgrError
Event: 4.533 loading class org/apache/derby/impl/sql/compile/TokenMgrError done
Event: 4.533 loading class org/apache/derby/impl/sql/compile/CharStream
Event: 4.533 loading class org/apache/derby/impl/sql/compile/CharStream done
Event: 4.533 Executing VM operation: CollectForMetadataAllocation


Dynamic libraries:
00400000-00401000 r-xp 00000000 08:02 1852936                            /usr/lib/jvm/java-8-jdk/jre/bin/java
00600000-00601000 rw-p 00000000 08:02 1852936                            /usr/lib/jvm/java-8-jdk/jre/bin/java
00ce8000-00d09000 rw-p 00000000 00:00 0                                  [heap]
c3600000-c5f80000 rw-p 00000000 00:00 0 
c5f80000-ebd00000 ---p 00000000 00:00 0 
ebd00000-ed180000 rw-p 00000000 00:00 0 
ed180000-100000000 ---p 00000000 00:00 0 
100000000-1002e0000 rw-p 00000000 00:00 0 
1002e0000-140000000 ---p 00000000 00:00 0 
7f40b4000000-7f40b4021000 rw-p 00000000 00:00 0 
7f40b4021000-7f40b8000000 ---p 00000000 00:00 0 
7f40b8000000-7f40b8021000 rw-p 00000000 00:00 0 
7f40b8021000-7f40bc000000 ---p 00000000 00:00 0 
7f40bc000000-7f40bc021000 rw-p 00000000 00:00 0 
7f40bc021000-7f40c0000000 ---p 00000000 00:00 0 
7f40c2f0d000-7f40c30f9000 rw-p 00000000 00:00 0 
7f40c30f9000-7f40c310d000 ---p 00000000 00:00 0 
7f40c310d000-7f40c3110000 ---p 00000000 00:00 0 
7f40c3110000-7f40c320e000 rw-p 00000000 00:00 0 
7f40c320e000-7f40c3217000 r-xp 00000000 08:02 1980926                    /usr/lib/jvm/java-8-jdk/jre/lib/amd64/libmanagement.so
7f40c3217000-7f40c3416000 ---p 00009000 08:02 1980926                    /usr/lib/jvm/java-8-jdk/jre/lib/amd64/libmanagement.so
7f40c3416000-7f40c3417000 rw-p 00008000 08:02 1980926                    /usr/lib/jvm/java-8-jdk/jre/lib/amd64/libmanagement.so
7f40c3417000-7f40c3433000 r--s 00393000 08:02 2236110                    /usr/lib/jvm/java-8-jdk/jre/lib/ext/cldrdata.jar
7f40c3433000-7f40c343d000 r--s 00116000 08:02 2236114                    /usr/lib/jvm/java-8-jdk/jre/lib/ext/localedata.jar
7f40c343d000-7f40c3440000 ---p 00000000 00:00 0 
7f40c3440000-7f40c373e000 rw-p 00000000 00:00 0 
7f40c373e000-7f40c393e000 rw-p 00000000 00:00 0 
7f40c393e000-7f40c3967000 r--p 00000000 00:2d 100272                     /tmp/+JXF3289387973094025638.tmp
7f40c3967000-7f40c396a000 ---p 00000000 00:00 0 
7f40c396a000-7f40c3c68000 rw-p 00000000 00:00 0 
7f40c3c68000-7f40c3cef000 r--p 00000000 08:02 1216049                    /usr/share/fonts/noto/NotoSerif-Regular.ttf
7f40c3cef000-7f40c3d9a000 r--p 00000000 08:02 2236127                    /usr/lib/jvm/java-8-jdk/jre/lib/fonts/LucidaSansRegular.ttf
7f40c3d9a000-7f40c3dd6000 r--p 00000000 08:02 2236129                    /usr/lib/jvm/java-8-jdk/jre/lib/fonts/LucidaTypewriterRegular.ttf
7f40c3dd6000-7f40c3dea000 r--p 00000000 08:02 2236124                    /usr/lib/jvm/java-8-jdk/jre/lib/fonts/LucidaBrightItalic.ttf
7f40c3dea000-7f40c3e24000 r--p 00000000 08:02 2236128                    /usr/lib/jvm/java-8-jdk/jre/lib/fonts/LucidaTypewriterBold.ttf
7f40c3e24000-7f40c3e37000 r--p 00000000 08:02 2236122                    /usr/lib/jvm/java-8-jdk/jre/lib/fonts/LucidaBrightDemiBold.ttf
7f40c3e37000-7f40c3e8c000 r--p 00000000 08:02 2236125                    /usr/lib/jvm/java-8-jdk/jre/lib/fonts/LucidaBrightRegular.ttf
7f40c3e8c000-7f40c3eda000 r--p 00000000 08:02 2236126                    /usr/lib/jvm/java-8-jdk/jre/lib/fonts/LucidaSansDemiBold.ttf
7f40c3eda000-7f40c3eed000 r--p 00000000 08:02 2236123                    /usr/lib/jvm/java-8-jdk/jre/lib/fonts/LucidaBrightDemiItalic.ttf
7f40c3eed000-7f40c3f80000 r--s 00000000 08:02 1576614                    /var/cache/fontconfig/df84ef04-c59c-41f3-a952-9dc77ded16fa-le64.cache-7
7f40c3f80000-7f40c4000000 r--s 00000000 08:02 1577518                    /var/cache/fontconfig/f1af2c79-978f-4e05-b1a6-6ed5d6bd53e0-le64.cache-7
7f40c4000000-7f40c4021000 rw-p 00000000 00:00 0 
7f40c4021000-7f40c8000000 ---p 00000000 00:00 0 
7f40c8000000-7f40c8021000 rw-p 00000000 00:00 0 
7f40c8021000-7f40cc000000 ---p 00000000 00:00 0 
7f40cc000000-7f40cc021000 rw-p 00000000 00:00 0 
7f40cc021000-7f40d0000000 ---p 00000000 00:00 0 
7f40d0000000-7f40d050e000 rw-p 00000000 00:00 0 
7f40d050e000-7f40d4000000 ---p 00000000 00:00 0 
7f40d4000000-7f40d4021000 rw-p 00000000 00:00 0 
7f40d4021000-7f40d8000000 ---p 00000000 00:00 0 
7f40d8002000-7f40d8010000 r--s 00000000 08:02 1576009                    /var/cache/fontconfig/2f37f582-738b-4416-8d88-aa196edf8283-le64.cache-7
7f40d8010000-7f40d8090000 r--s 00000000 08:02 1577517                    /var/cache/fontconfig/91e2d43f-0cd2-41c5-8276-556899743679-le64.cache-7
7f40d8090000-7f40d8094000 r-xp 00000000 08:02 1980911                    /usr/lib/jvm/java-8-jdk/jre/lib/amd64/libjavafx_font_pango.so
7f40d8094000-7f40d8293000 ---p 00004000 08:02 1980911                    /usr/lib/jvm/java-8-jdk/jre/lib/amd64/libjavafx_font_pango.so
7f40d8293000-7f40d8294000 rw-p 00003000 08:02 1980911                    /usr/lib/jvm/java-8-jdk/jre/lib/amd64/libjavafx_font_pango.so
7f40d8294000-7f40d82aa000 r-xp 00000000 08:02 1980928                    /usr/lib/jvm/java-8-jdk/jre/lib/amd64/libnet.so
7f40d82aa000-7f40d84aa000 ---p 00016000 08:02 1980928                    /usr/lib/jvm/java-8-jdk/jre/lib/amd64/libnet.so
7f40d84aa000-7f40d84ab000 rw-p 00016000 08:02 1980928                    /usr/lib/jvm/java-8-jdk/jre/lib/amd64/libnet.so
7f40d84ab000-7f40d84bc000 r-xp 00000000 08:02 1980929                    /usr/lib/jvm/java-8-jdk/jre/lib/amd64/libnio.so
7f40d84bc000-7f40d86bb000 ---p 00011000 08:02 1980929                    /usr/lib/jvm/java-8-jdk/jre/lib/amd64/libnio.so
7f40d86bb000-7f40d86bc000 rw-p 00010000 08:02 1980929                    /usr/lib/jvm/java-8-jdk/jre/lib/amd64/libnio.so
7f40d86bc000-7f40d86c1000 r-xp 00000000 08:02 1980910                    /usr/lib/jvm/java-8-jdk/jre/lib/amd64/libjavafx_font_freetype.so
7f40d86c1000-7f40d88c0000 ---p 00005000 08:02 1980910                    /usr/lib/jvm/java-8-jdk/jre/lib/amd64/libjavafx_font_freetype.so
7f40d88c0000-7f40d88c1000 rw-p 00004000 08:02 1980910                    /usr/lib/jvm/java-8-jdk/jre/lib/amd64/libjavafx_font_freetype.so
7f40d88c1000-7f40d88c4000 r-xp 00000000 08:02 1980909                    /usr/lib/jvm/java-8-jdk/jre/lib/amd64/libjavafx_font.so
7f40d88c4000-7f40d8ac3000 ---p 00003000 08:02 1980909                    /usr/lib/jvm/java-8-jdk/jre/lib/amd64/libjavafx_font.so
7f40d8ac3000-7f40d8ac4000 rw-p 00002000 08:02 1980909                    /usr/lib/jvm/java-8-jdk/jre/lib/amd64/libjavafx_font.so
7f40d8ac4000-7f40d8cc4000 rw-p 00000000 00:00 0 
7f40d8cc4000-7f40d8cc7000 ---p 00000000 00:00 0 
7f40d8cc7000-7f40d8dc5000 rw-p 00000000 00:00 0 
7f40d8dc5000-7f40d8dc6000 ---p 00000000 00:00 0 
7f40d8dc6000-7f40d95c6000 rw-p 00000000 00:00 0 
7f40d95c6000-7f40d9707000 rw-s 00000000 08:03 40110225                   /home/roger/.cache/mesa_shader_cache/index
7f40d9707000-7f40d970a000 ---p 00000000 00:00 0 
7f40d970a000-7f40d9808000 rw-p 00000000 00:00 0 
7f40d9808000-7f40d980b000 ---p 00000000 00:00 0 
7f40d980b000-7f40d9909000 rw-p 00000000 00:00 0 
7f40d9909000-7f40d9943000 r-xp 00000000 08:02 1216960                    /usr/lib/gtk-2.0/2.10.0/engines/libmurrine.so
7f40d9943000-7f40d9b43000 ---p 0003a000 08:02 1216960                    /usr/lib/gtk-2.0/2.10.0/engines/libmurrine.so
7f40d9b43000-7f40d9b44000 r--p 0003a000 08:02 1216960                    /usr/lib/gtk-2.0/2.10.0/engines/libmurrine.so
7f40d9b44000-7f40d9b45000 rw-p 0003b000 08:02 1216960                    /usr/lib/gtk-2.0/2.10.0/engines/libmurrine.so
7f40d9b45000-7f40d9b4e000 r-xp 00000000 08:02 1183464                    /usr/lib/gtk-2.0/2.10.0/engines/libpixmap.so
7f40d9b4e000-7f40d9d4e000 ---p 00009000 08:02 1183464                    /usr/lib/gtk-2.0/2.10.0/engines/libpixmap.so
7f40d9d4e000-7f40d9d4f000 r--p 00009000 08:02 1183464                    /usr/lib/gtk-2.0/2.10.0/engines/libpixmap.so
7f40d9d4f000-7f40d9d50000 rw-p 0000a000 08:02 1183464                    /usr/lib/gtk-2.0/2.10.0/engines/libpixmap.so
7f40d9d50000-7f40d9d55000 r-xp 00000000 08:02 287019                     /usr/lib/libogg.so.0.8.3
7f40d9d55000-7f40d9f55000 ---p 00005000 08:02 287019                     /usr/lib/libogg.so.0.8.3
7f40d9f55000-7f40d9f56000 r--p 00005000 08:02 287019                     /usr/lib/libogg.so.0.8.3
7f40d9f56000-7f40d9f57000 rw-p 00006000 08:02 287019                     /usr/lib/libogg.so.0.8.3
7f40d9f57000-7f40d9f81000 r-xp 00000000 08:02 287035                     /usr/lib/libvorbis.so.0.4.8
7f40d9f81000-7f40da181000 ---p 0002a000 08:02 287035                     /usr/lib/libvorbis.so.0.4.8
7f40da181000-7f40da182000 r--p 0002a000 08:02 287035                     /usr/lib/libvorbis.so.0.4.8
7f40da182000-7f40da183000 rw-p 0002b000 08:02 287035                     /usr/lib/libvorbis.so.0.4.8
7f40da183000-7f40da18b000 r-xp 00000000 08:02 286663                     /usr/lib/libltdl.so.7.3.1
7f40da18b000-7f40da38b000 ---p 00008000 08:02 286663                     /usr/lib/libltdl.so.7.3.1
7f40da38b000-7f40da38c000 r--p 00008000 08:02 286663                     /usr/lib/libltdl.so.7.3.1
7f40da38c000-7f40da38d000 rw-p 00009000 08:02 286663                     /usr/lib/libltdl.so.7.3.1
7f40da38d000-7f40da3a2000 r-xp 00000000 08:02 292829                     /usr/lib/libtdb.so.1.3.15
7f40da3a2000-7f40da5a1000 ---p 00015000 08:02 292829                     /usr/lib/libtdb.so.1.3.15
7f40da5a1000-7f40da5a2000 r--p 00014000 08:02 292829                     /usr/lib/libtdb.so.1.3.15
7f40da5a2000-7f40da5a3000 rw-p 00015000 08:02 292829                     /usr/lib/libtdb.so.1.3.15
7f40da5a3000-7f40da5aa000 r-xp 00000000 08:02 287039                     /usr/lib/libvorbisfile.so.3.3.7
7f40da5aa000-7f40da7aa000 ---p 00007000 08:02 287039                     /usr/lib/libvorbisfile.so.3.3.7
7f40da7aa000-7f40da7ab000 r--p 00007000 08:02 287039                     /usr/lib/libvorbisfile.so.3.3.7
7f40da7ab000-7f40da7ac000 rw-p 00008000 08:02 287039                     /usr/lib/libvorbisfile.so.3.3.7
7f40da7ac000-7f40da7bd000 r-xp 00000000 08:02 292842                     /usr/lib/libcanberra.so.0.2.5
7f40da7bd000-7f40da9bc000 ---p 00011000 08:02 292842                     /usr/lib/libcanberra.so.0.2.5
7f40da9bc000-7f40da9bd000 r--p 00010000 08:02 292842                     /usr/lib/libcanberra.so.0.2.5
7f40da9bd000-7f40da9be000 rw-p 00011000 08:02 292842                     /usr/lib/libcanberra.so.0.2.5
7f40da9be000-7f40da9c2000 r-xp 00000000 08:02 292844                     /usr/lib/libcanberra-gtk.so.0.1.9
7f40da9c2000-7f40dabc1000 ---p 00004000 08:02 292844                     /usr/lib/libcanberra-gtk.so.0.1.9
7f40dabc1000-7f40dabc2000 r--p 00003000 08:02 292844                     /usr/lib/libcanberra-gtk.so.0.1.9
7f40dabc2000-7f40dabc3000 rw-p 00004000 08:02 292844                     /usr/lib/libcanberra-gtk.so.0.1.9
7f40dabc3000-7f40dabc8000 r-xp 00000000 08:02 791875                     /usr/lib/gtk-2.0/modules/libcanberra-gtk-module.so
7f40dabc8000-7f40dadc7000 ---p 00005000 08:02 791875                     /usr/lib/gtk-2.0/modules/libcanberra-gtk-module.so
7f40dadc7000-7f40dadc8000 r--p 00004000 08:02 791875                     /usr/lib/gtk-2.0/modules/libcanberra-gtk-module.so
7f40dadc8000-7f40dadc9000 rw-p 00005000 08:02 791875                     /usr/lib/gtk-2.0/modules/libcanberra-gtk-module.so
7f40dadc9000-7f40dadf2000 r-xp 00000000 08:02 1980899                    /usr/lib/jvm/java-8-jdk/jre/lib/amd64/libglass.so
7f40dadf2000-7f40daff1000 ---p 00029000 08:02 1980899                    /usr/lib/jvm/java-8-jdk/jre/lib/amd64/libglass.so
7f40daff1000-7f40daff4000 rw-p 00028000 08:02 1980899                    /usr/lib/jvm/java-8-jdk/jre/lib/amd64/libglass.so
7f40daff4000-7f40daff5000 ---p 00000000 00:00 0 
7f40daff5000-7f40db7f5000 rw-p 00000000 00:00 0 
7f40db7f5000-7f40db936000 rw-s 00000000 08:03 40110225                   /home/roger/.cache/mesa_shader_cache/index
7f40db936000-7f40db93e000 r-xp 00000000 08:02 290609                     /usr/lib/libpciaccess.so.0.11.1
7f40db93e000-7f40dbb3e000 ---p 00008000 08:02 290609                     /usr/lib/libpciaccess.so.0.11.1
7f40dbb3e000-7f40dbb3f000 r--p 00008000 08:02 290609                     /usr/lib/libpciaccess.so.0.11.1
7f40dbb3f000-7f40dbb40000 rw-p 00009000 08:02 290609                     /usr/lib/libpciaccess.so.0.11.1
7f40dbb40000-7f40dbb47000 r-xp 00000000 08:02 290629                     /usr/lib/libdrm_nouveau.so.2.0.0
7f40dbb47000-7f40dbd46000 ---p 00007000 08:02 290629                     /usr/lib/libdrm_nouveau.so.2.0.0
7f40dbd46000-7f40dbd47000 r--p 00006000 08:02 290629                     /usr/lib/libdrm_nouveau.so.2.0.0
7f40dbd47000-7f40dbd48000 rw-p 00007000 08:02 290629                     /usr/lib/libdrm_nouveau.so.2.0.0
7f40dbd48000-7f40dbd53000 r-xp 00000000 08:02 290623                     /usr/lib/libdrm_radeon.so.1.0.1
7f40dbd53000-7f40dbf52000 ---p 0000b000 08:02 290623                     /usr/lib/libdrm_radeon.so.1.0.1
7f40dbf52000-7f40dbf53000 r--p 0000a000 08:02 290623                     /usr/lib/libdrm_radeon.so.1.0.1
7f40dbf53000-7f40dbf54000 rw-p 0000b000 08:02 290623                     /usr/lib/libdrm_radeon.so.1.0.1
7f40dbf54000-7f40dbf77000 r-xp 00000000 08:02 290624                     /usr/lib/libdrm_intel.so.1.0.0
7f40dbf77000-7f40dc176000 ---p 00023000 08:02 290624                     /usr/lib/libdrm_intel.so.1.0.0
7f40dc176000-7f40dc177000 r--p 00022000 08:02 290624                     /usr/lib/libdrm_intel.so.1.0.0
7f40dc177000-7f40dc178000 rw-p 00023000 08:02 290624                     /usr/lib/libdrm_intel.so.1.0.0
7f40dc178000-7f40dca19000 r-xp 00000000 08:02 919776                     /usr/lib/dri/i965_dri.so
7f40dca19000-7f40dcc19000 ---p 008a1000 08:02 919776                     /usr/lib/dri/i965_dri.so
7f40dcc19000-7f40dcc74000 r--p 008a1000 08:02 919776                     /usr/lib/dri/i965_dri.so
7f40dcc74000-7f40dcc7f000 rw-p 008fc000 08:02 919776                     /usr/lib/dri/i965_dri.so
7f40dcc7f000-7f40dcd31000 rw-p 00000000 00:00 0 
7f40dcd31000-7f40dcd32000 r-xp 00000000 08:02 290780                     /usr/lib/libxshmfence.so.1.0.0
7f40dcd32000-7f40dcf31000 ---p 00001000 08:02 290780                     /usr/lib/libxshmfence.so.1.0.0
7f40dcf31000-7f40dcf32000 r--p 00000000 08:02 290780                     /usr/lib/libxshmfence.so.1.0.0
7f40dcf32000-7f40dcf33000 rw-p 00001000 08:02 290780                     /usr/lib/libxshmfence.so.1.0.0
7f40dcf33000-7f40dcf39000 r-xp 00000000 08:02 289571                     /usr/lib/libxcb-sync.so.1.0.0
7f40dcf39000-7f40dd138000 ---p 00006000 08:02 289571                     /usr/lib/libxcb-sync.so.1.0.0
7f40dd138000-7f40dd139000 r--p 00005000 08:02 289571                     /usr/lib/libxcb-sync.so.1.0.0
7f40dd139000-7f40dd13a000 rw-p 00006000 08:02 289571                     /usr/lib/libxcb-sync.so.1.0.0
7f40dd13a000-7f40dd13c000 r-xp 00000000 08:02 289563                     /usr/lib/libxcb-present.so.0.0.0
7f40dd13c000-7f40dd33b000 ---p 00002000 08:02 289563                     /usr/lib/libxcb-present.so.0.0.0
7f40dd33b000-7f40dd33c000 r--p 00001000 08:02 289563                     /usr/lib/libxcb-present.so.0.0.0
7f40dd33c000-7f40dd33d000 rw-p 00002000 08:02 289563                     /usr/lib/libxcb-present.so.0.0.0
7f40dd33d000-7f40dd340000 r-xp 00000000 08:02 289572                     /usr/lib/libxcb-dri3.so.0.0.0
7f40dd340000-7f40dd53f000 ---p 00003000 08:02 289572                     /usr/lib/libxcb-dri3.so.0.0.0
7f40dd53f000-7f40dd540000 r--p 00002000 08:02 289572                     /usr/lib/libxcb-dri3.so.0.0.0
7f40dd540000-7f40dd541000 rw-p 00003000 08:02 289572                     /usr/lib/libxcb-dri3.so.0.0.0
7f40dd541000-7f40dd545000 r-xp 00000000 08:02 289583                     /usr/lib/libxcb-dri2.so.0.0.0
7f40dd545000-7f40dd744000 ---p 00004000 08:02 289583                     /usr/lib/libxcb-dri2.so.0.0.0
7f40dd744000-7f40dd745000 r--p 00003000 08:02 289583                     /usr/lib/libxcb-dri2.so.0.0.0
7f40dd745000-7f40dd746000 rw-p 00004000 08:02 289583                     /usr/lib/libxcb-dri2.so.0.0.0
7f40dd746000-7f40dd747000 r-xp 00000000 08:02 290470                     /usr/lib/libX11-xcb.so.1.0.0
7f40dd747000-7f40dd946000 ---p 00001000 08:02 290470                     /usr/lib/libX11-xcb.so.1.0.0
7f40dd946000-7f40dd947000 r--p 00000000 08:02 290470                     /usr/lib/libX11-xcb.so.1.0.0
7f40dd947000-7f40dd948000 rw-p 00001000 08:02 290470                     /usr/lib/libX11-xcb.so.1.0.0
7f40dd948000-7f40dd961000 r-xp 00000000 08:02 289596                     /usr/lib/libxcb-glx.so.0.0.0
7f40dd961000-7f40ddb60000 ---p 00019000 08:02 289596                     /usr/lib/libxcb-glx.so.0.0.0
7f40ddb60000-7f40ddb62000 r--p 00018000 08:02 289596                     /usr/lib/libxcb-glx.so.0.0.0
7f40ddb62000-7f40ddb63000 rw-p 0001a000 08:02 289596                     /usr/lib/libxcb-glx.so.0.0.0
7f40ddb63000-7f40ddb74000 r-xp 00000000 08:02 290636                     /usr/lib/libdrm.so.2.4.0
7f40ddb74000-7f40ddd73000 ---p 00011000 08:02 290636                     /usr/lib/libdrm.so.2.4.0
7f40ddd73000-7f40ddd74000 r--p 00010000 08:02 290636                     /usr/lib/libdrm.so.2.4.0
7f40ddd74000-7f40ddd75000 rw-p 00011000 08:02 290636                     /usr/lib/libdrm.so.2.4.0
7f40ddd75000-7f40ddda1000 r-xp 00000000 08:02 290902                     /usr/lib/libglapi.so.0.0.0
7f40ddda1000-7f40ddfa0000 ---p 0002c000 08:02 290902                     /usr/lib/libglapi.so.0.0.0
7f40ddfa0000-7f40ddfa4000 r--p 0002b000 08:02 290902                     /usr/lib/libglapi.so.0.0.0
7f40ddfa4000-7f40ddfa5000 rw-p 0002f000 08:02 290902                     /usr/lib/libglapi.so.0.0.0
7f40ddfa5000-7f40ddfa6000 rw-p 00000000 00:00 0 
7f40ddfa6000-7f40de017000 r-xp 00000000 08:02 290891                     /usr/lib/libGLX_mesa.so.0.0.0
7f40de017000-7f40de217000 ---p 00071000 08:02 290891                     /usr/lib/libGLX_mesa.so.0.0.0
7f40de217000-7f40de21a000 r--p 00071000 08:02 290891                     /usr/lib/libGLX_mesa.so.0.0.0
7f40de21a000-7f40de21b000 rw-p 00074000 08:02 290891                     /usr/lib/libGLX_mesa.so.0.0.0
7f40de21b000-7f40de221000 r-xp 00000000 08:02 292294                     /usr/lib/libdatrie.so.1.3.5
7f40de221000-7f40de420000 ---p 00006000 08:02 292294                     /usr/lib/libdatrie.so.1.3.5
7f40de420000-7f40de421000 r--p 00005000 08:02 292294                     /usr/lib/libdatrie.so.1.3.5
7f40de421000-7f40de422000 rw-p 00006000 08:02 292294                     /usr/lib/libdatrie.so.1.3.5
7f40de422000-7f40de427000 r-xp 00000000 08:02 287264                     /usr/lib/libXdmcp.so.6.0.0
7f40de427000-7f40de626000 ---p 00005000 08:02 287264                     /usr/lib/libXdmcp.so.6.0.0
7f40de626000-7f40de627000 r--p 00004000 08:02 287264                     /usr/lib/libXdmcp.so.6.0.0
7f40de627000-7f40de628000 rw-p 00005000 08:02 287264                     /usr/lib/libXdmcp.so.6.0.0
7f40de628000-7f40de62a000 r-xp 00000000 08:02 287275                     /usr/lib/libXau.so.6.0.0
7f40de62a000-7f40de82a000 ---p 00002000 08:02 287275                     /usr/lib/libXau.so.6.0.0
7f40de82a000-7f40de82b000 r--p 00002000 08:02 287275                     /usr/lib/libXau.so.6.0.0
7f40de82b000-7f40de82c000 rw-p 00003000 08:02 287275                     /usr/lib/libXau.so.6.0.0
7f40de82c000-7f40de856000 r-xp 00000000 08:02 287187                     /usr/lib/libgraphite2.so.3.0.1
7f40de856000-7f40dea55000 ---p 0002a000 08:02 287187                     /usr/lib/libgraphite2.so.3.0.1
7f40dea55000-7f40dea57000 r--p 00029000 08:02 287187                     /usr/lib/libgraphite2.so.3.0.1
7f40dea57000-7f40dea58000 rw-p 0002b000 08:02 287187                     /usr/lib/libgraphite2.so.3.0.1
7f40dea58000-7f40deaa2000 r-xp 00000000 08:02 274697                     /usr/lib/libblkid.so.1.1.0
7f40deaa2000-7f40deca2000 ---p 0004a000 08:02 274697                     /usr/lib/libblkid.so.1.1.0
7f40deca2000-7f40deca7000 r--p 0004a000 08:02 274697                     /usr/lib/libblkid.so.1.1.0
7f40deca7000-7f40deca8000 rw-p 0004f000 08:02 274697                     /usr/lib/libblkid.so.1.1.0
7f40deca8000-7f40deca9000 rw-p 00000000 00:00 0 
7f40deca9000-7f40ded17000 r-xp 00000000 08:02 290918                     /usr/lib/libGLdispatch.so.0.0.0
7f40ded17000-7f40def16000 ---p 0006e000 08:02 290918                     /usr/lib/libGLdispatch.so.0.0.0
7f40def16000-7f40def3e000 r--p 0006d000 08:02 290918                     /usr/lib/libGLdispatch.so.0.0.0
7f40def3e000-7f40def3f000 rw-p 00095000 08:02 290918                     /usr/lib/libGLdispatch.so.0.0.0
7f40def3f000-7f40def5f000 rw-p 00000000 00:00 0 
7f40def5f000-7f40def6f000 r-xp 00000000 08:02 290921                     /usr/lib/libGLX.so.0.0.0
7f40def6f000-7f40df16e000 ---p 00010000 08:02 290921                     /usr/lib/libGLX.so.0.0.0
7f40df16e000-7f40df16f000 r--p 0000f000 08:02 290921                     /usr/lib/libGLX.so.0.0.0
7f40df16f000-7f40df170000 rw-p 00010000 08:02 290921                     /usr/lib/libGLX.so.0.0.0
7f40df170000-7f40df190000 rw-p 00000000 00:00 0 
7f40df190000-7f40df201000 r-xp 00000000 08:02 277663                     /usr/lib/libpcre.so.1.2.10
7f40df201000-7f40df400000 ---p 00071000 08:02 277663                     /usr/lib/libpcre.so.1.2.10
7f40df400000-7f40df401000 r--p 00070000 08:02 277663                     /usr/lib/libpcre.so.1.2.10
7f40df401000-7f40df402000 rw-p 00071000 08:02 277663                     /usr/lib/libpcre.so.1.2.10
7f40df402000-7f40df409000 r-xp 00000000 08:02 277792                     /usr/lib/libffi.so.6.0.4
7f40df409000-7f40df609000 ---p 00007000 08:02 277792                     /usr/lib/libffi.so.6.0.4
7f40df609000-7f40df60a000 r--p 00007000 08:02 277792                     /usr/lib/libffi.so.6.0.4
7f40df60a000-7f40df60b000 rw-p 00008000 08:02 277792                     /usr/lib/libffi.so.6.0.4
7f40df60b000-7f40df611000 r-xp 00000000 08:02 305097                     /usr/lib/libuuid.so.1.3.0
7f40df611000-7f40df810000 ---p 00006000 08:02 305097                     /usr/lib/libuuid.so.1.3.0
7f40df810000-7f40df811000 r--p 00005000 08:02 305097                     /usr/lib/libuuid.so.1.3.0
7f40df811000-7f40df812000 rw-p 00006000 08:02 305097                     /usr/lib/libuuid.so.1.3.0
7f40df812000-7f40df841000 r-xp 00000000 08:02 274746                     /usr/lib/libexpat.so.1.6.7
7f40df841000-7f40dfa41000 ---p 0002f000 08:02 274746                     /usr/lib/libexpat.so.1.6.7
7f40dfa41000-7f40dfa43000 r--p 0002f000 08:02 274746                     /usr/lib/libexpat.so.1.6.7
7f40dfa43000-7f40dfa44000 rw-p 00031000 08:02 274746                     /usr/lib/libexpat.so.1.6.7
7f40dfa44000-7f40dfa53000 r-xp 00000000 08:02 268848                     /usr/lib/libbz2.so.1.0.6
7f40dfa53000-7f40dfc52000 ---p 0000f000 08:02 268848                     /usr/lib/libbz2.so.1.0.6
7f40dfc52000-7f40dfc53000 r--p 0000e000 08:02 268848                     /usr/lib/libbz2.so.1.0.6
7f40dfc53000-7f40dfc54000 rw-p 0000f000 08:02 268848                     /usr/lib/libbz2.so.1.0.6
7f40dfc54000-7f40dfc6f000 r-xp 00000000 08:02 292303                     /usr/lib/libfribidi.so.0.4.0
7f40dfc6f000-7f40dfe6e000 ---p 0001b000 08:02 292303                     /usr/lib/libfribidi.so.0.4.0
7f40dfe6e000-7f40dfe6f000 r--p 0001a000 08:02 292303                     /usr/lib/libfribidi.so.0.4.0
7f40dfe6f000-7f40dfe70000 rw-p 0001b000 08:02 292303                     /usr/lib/libfribidi.so.0.4.0
7f40dfe70000-7f40dfe78000 r-xp 00000000 08:02 292298                     /usr/lib/libthai.so.0.3.0
7f40dfe78000-7f40e0078000 ---p 00008000 08:02 292298                     /usr/lib/libthai.so.0.3.0
7f40e0078000-7f40e0079000 r--p 00008000 08:02 292298                     /usr/lib/libthai.so.0.3.0
7f40e0079000-7f40e007a000 rw-p 00009000 08:02 292298                     /usr/lib/libthai.so.0.3.0
7f40e007a000-7f40e0086000 r-xp 00000000 08:02 289573                     /usr/lib/libxcb-render.so.0.0.0
7f40e0086000-7f40e0286000 ---p 0000c000 08:02 289573                     /usr/lib/libxcb-render.so.0.0.0
7f40e0286000-7f40e0287000 r--p 0000c000 08:02 289573                     /usr/lib/libxcb-render.so.0.0.0
7f40e0287000-7f40e0288000 rw-p 0000d000 08:02 289573                     /usr/lib/libxcb-render.so.0.0.0
7f40e0288000-7f40e02af000 r-xp 00000000 08:02 289562                     /usr/lib/libxcb.so.1.1.0
7f40e02af000-7f40e04af000 ---p 00027000 08:02 289562                     /usr/lib/libxcb.so.1.1.0
7f40e04af000-7f40e04b0000 r--p 00027000 08:02 289562                     /usr/lib/libxcb.so.1.1.0
7f40e04b0000-7f40e04b1000 rw-p 00028000 08:02 289562                     /usr/lib/libxcb.so.1.1.0
7f40e04b1000-7f40e04b3000 r-xp 00000000 08:02 289601                     /usr/lib/libxcb-shm.so.0.0.0
7f40e04b3000-7f40e06b3000 ---p 00002000 08:02 289601                     /usr/lib/libxcb-shm.so.0.0.0
7f40e06b3000-7f40e06b4000 r--p 00002000 08:02 289601                     /usr/lib/libxcb-shm.so.0.0.0
7f40e06b4000-7f40e06b5000 rw-p 00003000 08:02 289601                     /usr/lib/libxcb-shm.so.0.0.0
7f40e06b5000-7f40e06ea000 r-xp 00000000 08:02 287180                     /usr/lib/libpng16.so.16.34.0
7f40e06ea000-7f40e08e9000 ---p 00035000 08:02 287180                     /usr/lib/libpng16.so.16.34.0
7f40e08e9000-7f40e08ea000 r--p 00034000 08:02 287180                     /usr/lib/libpng16.so.16.34.0
7f40e08ea000-7f40e08eb000 rw-p 00035000 08:02 287180                     /usr/lib/libpng16.so.16.34.0
7f40e08eb000-7f40e098a000 r-xp 00000000 08:02 287221                     /usr/lib/libpixman-1.so.0.34.0
7f40e098a000-7f40e0b8a000 ---p 0009f000 08:02 287221                     /usr/lib/libpixman-1.so.0.34.0
7f40e0b8a000-7f40e0b92000 r--p 0009f000 08:02 287221                     /usr/lib/libpixman-1.so.0.34.0
7f40e0b92000-7f40e0b93000 rw-p 000a7000 08:02 287221                     /usr/lib/libpixman-1.so.0.34.0
7f40e0b93000-7f40e0c3d000 r-xp 00000000 08:02 287206                     /usr/lib/libharfbuzz.so.0.10800.4
7f40e0c3d000-7f40e0e3d000 ---p 000aa000 08:02 287206                     /usr/lib/libharfbuzz.so.0.10800.4
7f40e0e3d000-7f40e0e3e000 r--p 000aa000 08:02 287206                     /usr/lib/libharfbuzz.so.0.10800.4
7f40e0e3e000-7f40e0e3f000 rw-p 000ab000 08:02 287206                     /usr/lib/libharfbuzz.so.0.10800.4
7f40e0e3f000-7f40e0e94000 r-xp 00000000 08:02 274703                     /usr/lib/libmount.so.1.1.0
7f40e0e94000-7f40e1093000 ---p 00055000 08:02 274703                     /usr/lib/libmount.so.1.1.0
7f40e1093000-7f40e1096000 r--p 00054000 08:02 274703                     /usr/lib/libmount.so.1.1.0
7f40e1096000-7f40e1097000 rw-p 00057000 08:02 274703                     /usr/lib/libmount.so.1.1.0
7f40e1097000-7f40e1098000 rw-p 00000000 00:00 0 
7f40e1098000-7f40e10ab000 r-xp 00000000 08:02 264337                     /usr/lib/libresolv-2.27.so
7f40e10ab000-7f40e12ab000 ---p 00013000 08:02 264337                     /usr/lib/libresolv-2.27.so
7f40e12ab000-7f40e12ac000 r--p 00013000 08:02 264337                     /usr/lib/libresolv-2.27.so
7f40e12ac000-7f40e12ad000 rw-p 00014000 08:02 264337                     /usr/lib/libresolv-2.27.so
7f40e12ad000-7f40e12af000 rw-p 00000000 00:00 0 
7f40e12af000-7f40e12c5000 r-xp 00000000 08:02 275014                     /usr/lib/libz.so.1.2.11
7f40e12c5000-7f40e14c4000 ---p 00016000 08:02 275014                     /usr/lib/libz.so.1.2.11
7f40e14c4000-7f40e14c5000 r--p 00015000 08:02 275014                     /usr/lib/libz.so.1.2.11
7f40e14c5000-7f40e14c6000 rw-p 00016000 08:02 275014                     /usr/lib/libz.so.1.2.11
7f40e14c6000-7f40e14d7000 r-xp 00000000 08:02 290543                     /usr/lib/libXext.so.6.4.0
7f40e14d7000-7f40e16d6000 ---p 00011000 08:02 290543                     /usr/lib/libXext.so.6.4.0
7f40e16d6000-7f40e16d7000 r--p 00010000 08:02 290543                     /usr/lib/libXext.so.6.4.0
7f40e16d7000-7f40e16d8000 rw-p 00011000 08:02 290543                     /usr/lib/libXext.so.6.4.0
7f40e16d8000-7f40e16da000 r-xp 00000000 08:02 290774                     /usr/lib/libXdamage.so.1.1.0
7f40e16da000-7f40e18d9000 ---p 00002000 08:02 290774                     /usr/lib/libXdamage.so.1.1.0
7f40e18d9000-7f40e18da000 r--p 00001000 08:02 290774                     /usr/lib/libXdamage.so.1.1.0
7f40e18da000-7f40e18db000 rw-p 00002000 08:02 290774                     /usr/lib/libXdamage.so.1.1.0
7f40e18db000-7f40e18dd000 r-xp 00000000 08:02 291852                     /usr/lib/libXcomposite.so.1.0.0
7f40e18dd000-7f40e1adc000 ---p 00002000 08:02 291852                     /usr/lib/libXcomposite.so.1.0.0
7f40e1adc000-7f40e1add000 r--p 00001000 08:02 291852                     /usr/lib/libXcomposite.so.1.0.0
7f40e1add000-7f40e1ade000 rw-p 00002000 08:02 291852                     /usr/lib/libXcomposite.so.1.0.0
7f40e1ade000-7f40e1ae7000 r-xp 00000000 08:02 291804                     /usr/lib/libXcursor.so.1.0.2
7f40e1ae7000-7f40e1ce6000 ---p 00009000 08:02 291804                     /usr/lib/libXcursor.so.1.0.2
7f40e1ce6000-7f40e1ce7000 r--p 00008000 08:02 291804                     /usr/lib/libXcursor.so.1.0.2
7f40e1ce7000-7f40e1ce8000 rw-p 00009000 08:02 291804                     /usr/lib/libXcursor.so.1.0.2
7f40e1ce8000-7f40e1cf2000 r-xp 00000000 08:02 291879                     /usr/lib/libXrandr.so.2.2.0
7f40e1cf2000-7f40e1ef1000 ---p 0000a000 08:02 291879                     /usr/lib/libXrandr.so.2.2.0
7f40e1ef1000-7f40e1ef2000 r--p 00009000 08:02 291879                     /usr/lib/libXrandr.so.2.2.0
7f40e1ef2000-7f40e1ef3000 rw-p 0000a000 08:02 291879                     /usr/lib/libXrandr.so.2.2.0
7f40e1ef3000-7f40e1f02000 r-xp 00000000 08:02 291337                     /usr/lib/libXi.so.6.1.0
7f40e1f02000-7f40e2102000 ---p 0000f000 08:02 291337                     /usr/lib/libXi.so.6.1.0
7f40e2102000-7f40e2103000 r--p 0000f000 08:02 291337                     /usr/lib/libXi.so.6.1.0
7f40e2103000-7f40e2104000 rw-p 00010000 08:02 291337                     /usr/lib/libXi.so.6.1.0
7f40e2104000-7f40e2106000 r-xp 00000000 08:02 291869                     /usr/lib/libXinerama.so.1.0.0
7f40e2106000-7f40e2305000 ---p 00002000 08:02 291869                     /usr/lib/libXinerama.so.1.0.0
7f40e2305000-7f40e2306000 r--p 00001000 08:02 291869                     /usr/lib/libXinerama.so.1.0.0
7f40e2306000-7f40e2307000 rw-p 00002000 08:02 291869                     /usr/lib/libXinerama.so.1.0.0
7f40e2307000-7f40e2310000 r-xp 00000000 08:02 291645                     /usr/lib/libXrender.so.1.3.0
7f40e2310000-7f40e2510000 ---p 00009000 08:02 291645                     /usr/lib/libXrender.so.1.3.0
7f40e2510000-7f40e2511000 r--p 00009000 08:02 291645                     /usr/lib/libXrender.so.1.3.0
7f40e2511000-7f40e2512000 rw-p 0000a000 08:02 291645                     /usr/lib/libXrender.so.1.3.0
7f40e2512000-7f40e2517000 r-xp 00000000 08:02 290769                     /usr/lib/libXfixes.so.3.1.0
7f40e2517000-7f40e2716000 ---p 00005000 08:02 290769                     /usr/lib/libXfixes.so.3.1.0
7f40e2716000-7f40e2717000 r--p 00004000 08:02 290769                     /usr/lib/libXfixes.so.3.1.0
7f40e2717000-7f40e2718000 rw-p 00005000 08:02 290769                     /usr/lib/libXfixes.so.3.1.0
7f40e2718000-7f40e272f000 r-xp 00000000 08:02 265862                     /usr/lib/libgcc_s.so.1
7f40e272f000-7f40e292e000 ---p 00017000 08:02 265862                     /usr/lib/libgcc_s.so.1
7f40e292e000-7f40e292f000 r--p 00016000 08:02 265862                     /usr/lib/libgcc_s.so.1
7f40e292f000-7f40e2930000 rw-p 00017000 08:02 265862                     /usr/lib/libgcc_s.so.1
7f40e2930000-7f40e2aa9000 r-xp 00000000 08:02 265892                     /usr/lib/libstdc++.so.6.0.25
7f40e2aa9000-7f40e2ca9000 ---p 00179000 08:02 265892                     /usr/lib/libstdc++.so.6.0.25
7f40e2ca9000-7f40e2cb5000 r--p 00179000 08:02 265892                     /usr/lib/libstdc++.so.6.0.25
7f40e2cb5000-7f40e2cb6000 rw-p 00185000 08:02 265892                     /usr/lib/libstdc++.so.6.0.25
7f40e2cb6000-7f40e2cb9000 rw-p 00000000 00:00 0 
7f40e2cb9000-7f40e2d29000 r-xp 00000000 08:02 290922                     /usr/lib/libGL.so.1.0.0
7f40e2d29000-7f40e2f28000 ---p 00070000 08:02 290922                     /usr/lib/libGL.so.1.0.0
7f40e2f28000-7f40e2f42000 r--p 0006f000 08:02 290922                     /usr/lib/libGL.so.1.0.0
7f40e2f42000-7f40e2f43000 rw-p 00089000 08:02 290922                     /usr/lib/libGL.so.1.0.0
7f40e2f43000-7f40e2f44000 rw-p 00000000 00:00 0 
7f40e2f44000-7f40e2f48000 r-xp 00000000 08:02 290744                     /usr/lib/libXxf86vm.so.1.0.0
7f40e2f48000-7f40e3148000 ---p 00004000 08:02 290744                     /usr/lib/libXxf86vm.so.1.0.0
7f40e3148000-7f40e3149000 r--p 00004000 08:02 290744                     /usr/lib/libXxf86vm.so.1.0.0
7f40e3149000-7f40e314a000 rw-p 00005000 08:02 290744                     /usr/lib/libXxf86vm.so.1.0.0
7f40e314a000-7f40e3283000 r-xp 00000000 08:02 290469                     /usr/lib/libX11.so.6.3.0
7f40e3283000-7f40e3483000 ---p 00139000 08:02 290469                     /usr/lib/libX11.so.6.3.0
7f40e3483000-7f40e3484000 r--p 00139000 08:02 290469                     /usr/lib/libX11.so.6.3.0
7f40e3484000-7f40e3489000 rw-p 0013a000 08:02 290469                     /usr/lib/libX11.so.6.3.0
7f40e3489000-7f40e348e000 r-xp 00000000 08:02 291810                     /usr/lib/libXtst.so.6.1.0
7f40e348e000-7f40e368d000 ---p 00005000 08:02 291810                     /usr/lib/libXtst.so.6.1.0
7f40e368d000-7f40e368e000 r--p 00004000 08:02 291810                     /usr/lib/libXtst.so.6.1.0
7f40e368e000-7f40e368f000 rw-p 00005000 08:02 291810                     /usr/lib/libXtst.so.6.1.0
7f40e368f000-7f40e37a4000 r-xp 00000000 08:02 277865                     /usr/lib/libglib-2.0.so.0.5600.1
7f40e37a4000-7f40e39a3000 ---p 00115000 08:02 277865                     /usr/lib/libglib-2.0.so.0.5600.1
7f40e39a3000-7f40e39a4000 r--p 00114000 08:02 277865                     /usr/lib/libglib-2.0.so.0.5600.1
7f40e39a4000-7f40e39a5000 rw-p 00115000 08:02 277865                     /usr/lib/libglib-2.0.so.0.5600.1
7f40e39a5000-7f40e39a6000 rw-p 00000000 00:00 0 
7f40e39a6000-7f40e39a7000 r-xp 00000000 08:02 277867                     /usr/lib/libgthread-2.0.so.0.5600.1
7f40e39a7000-7f40e3ba6000 ---p 00001000 08:02 277867                     /usr/lib/libgthread-2.0.so.0.5600.1
7f40e3ba6000-7f40e3ba7000 r--p 00000000 08:02 277867                     /usr/lib/libgthread-2.0.so.0.5600.1
7f40e3ba7000-7f40e3ba8000 rw-p 00001000 08:02 277867                     /usr/lib/libgthread-2.0.so.0.5600.1
7f40e3ba8000-7f40e3bab000 r-xp 00000000 08:02 277866                     /usr/lib/libgmodule-2.0.so.0.5600.1
7f40e3bab000-7f40e3daa000 ---p 00003000 08:02 277866                     /usr/lib/libgmodule-2.0.so.0.5600.1
7f40e3daa000-7f40e3dab000 r--p 00002000 08:02 277866                     /usr/lib/libgmodule-2.0.so.0.5600.1
7f40e3dab000-7f40e3dac000 rw-p 00003000 08:02 277866                     /usr/lib/libgmodule-2.0.so.0.5600.1
7f40e3dac000-7f40e3dfe000 r-xp 00000000 08:02 277868                     /usr/lib/libgobject-2.0.so.0.5600.1
7f40e3dfe000-7f40e3ffe000 ---p 00052000 08:02 277868                     /usr/lib/libgobject-2.0.so.0.5600.1
7f40e3ffe000-7f40e3fff000 r--p 00052000 08:02 277868                     /usr/lib/libgobject-2.0.so.0.5600.1
7f40e3fff000-7f40e4000000 rw-p 00053000 08:02 277868                     /usr/lib/libgobject-2.0.so.0.5600.1
7f40e4000000-7f40e4021000 rw-p 00000000 00:00 0 
7f40e4021000-7f40e8000000 ---p 00000000 00:00 0 
7f40e8000000-7f40e9871000 rw-p 00000000 00:00 0 
7f40e9871000-7f40ec000000 ---p 00000000 00:00 0 
7f40ec000000-7f40ec275000 rw-p 00000000 00:00 0 
7f40ec275000-7f40f0000000 ---p 00000000 00:00 0 
7f40f0000000-7f40f0021000 rw-p 00000000 00:00 0 
7f40f0021000-7f40f4000000 ---p 00000000 00:00 0 
7f40f4000000-7f40f4021000 rw-p 00000000 00:00 0 
7f40f4021000-7f40f8000000 ---p 00000000 00:00 0 
7f40f8000000-7f40f81de000 rw-p 00000000 00:00 0 
7f40f81de000-7f40fc000000 ---p 00000000 00:00 0 
7f40fc000000-7f40fc021000 rw-p 00000000 00:00 0 
7f40fc021000-7f4100000000 ---p 00000000 00:00 0 
7f4100000000-7f4100216000 rw-p 00000000 00:00 0 
7f4100216000-7f4104000000 ---p 00000000 00:00 0 
7f4104000000-7f4104021000 rw-p 00000000 00:00 0 
7f4104021000-7f4108000000 ---p 00000000 00:00 0 
7f4108000000-7f4108021000 rw-p 00000000 00:00 0 
7f4108021000-7f410c000000 ---p 00000000 00:00 0 
7f410c000000-7f410c021000 rw-p 00000000 00:00 0 
7f410c021000-7f4110000000 ---p 00000000 00:00 0 
7f4110000000-7f4110299000 rw-p 00000000 00:00 0 
7f4110299000-7f4114000000 ---p 00000000 00:00 0 
7f4114000000-7f4114021000 rw-p 00000000 00:00 0 
7f4114021000-7f4118000000 ---p 00000000 00:00 0 
7f4118008000-7f4118031000 r--p 00000000 00:2d 100266                     /tmp/+JXF704835286577392951.tmp
7f4118031000-7f4118071000 r-xp 00000000 08:02 291022                     /usr/lib/libfontconfig.so.1.11.1
7f4118071000-7f4118271000 ---p 00040000 08:02 291022                     /usr/lib/libfontconfig.so.1.11.1
7f4118271000-7f4118273000 r--p 00040000 08:02 291022                     /usr/lib/libfontconfig.so.1.11.1
7f4118273000-7f4118274000 rw-p 00042000 08:02 291022                     /usr/lib/libfontconfig.so.1.11.1
7f4118274000-7f4118335000 r-xp 00000000 08:02 287208                     /usr/lib/libfreetype.so.6.16.1
7f4118335000-7f4118535000 ---p 000c1000 08:02 287208                     /usr/lib/libfreetype.so.6.16.1
7f4118535000-7f411853c000 r--p 000c1000 08:02 287208                     /usr/lib/libfreetype.so.6.16.1
7f411853c000-7f411853d000 rw-p 000c8000 08:02 287208                     /usr/lib/libfreetype.so.6.16.1
7f411853d000-7f4118581000 r-xp 00000000 08:02 292319                     /usr/lib/libpango-1.0.so.0.4200.3
7f4118581000-7f4118780000 ---p 00044000 08:02 292319                     /usr/lib/libpango-1.0.so.0.4200.3
7f4118780000-7f4118783000 r--p 00043000 08:02 292319                     /usr/lib/libpango-1.0.so.0.4200.3
7f4118783000-7f4118784000 rw-p 00046000 08:02 292319                     /usr/lib/libpango-1.0.so.0.4200.3
7f4118784000-7f41188a1000 r-xp 00000000 08:02 292256                     /usr/lib/libcairo.so.2.11512.0
7f41188a1000-7f4118aa1000 ---p 0011d000 08:02 292256                     /usr/lib/libcairo.so.2.11512.0
7f4118aa1000-7f4118aa5000 r--p 0011d000 08:02 292256                     /usr/lib/libcairo.so.2.11512.0
7f4118aa5000-7f4118aa6000 rw-p 00121000 08:02 292256                     /usr/lib/libcairo.so.2.11512.0
7f4118aa6000-7f4118aa7000 rw-p 00000000 00:00 0 
7f4118aa7000-7f4118ab3000 r-xp 00000000 08:02 292323                     /usr/lib/libpangocairo-1.0.so.0.4200.3
7f4118ab3000-7f4118cb2000 ---p 0000c000 08:02 292323                     /usr/lib/libpangocairo-1.0.so.0.4200.3
7f4118cb2000-7f4118cb3000 r--p 0000b000 08:02 292323                     /usr/lib/libpangocairo-1.0.so.0.4200.3
7f4118cb3000-7f4118cb4000 rw-p 0000c000 08:02 292323                     /usr/lib/libpangocairo-1.0.so.0.4200.3
7f4118cb4000-7f4118cd7000 r-xp 00000000 08:02 292151                     /usr/lib/libgdk_pixbuf-2.0.so.0.3600.12
7f4118cd7000-7f4118ed6000 ---p 00023000 08:02 292151                     /usr/lib/libgdk_pixbuf-2.0.so.0.3600.12
7f4118ed6000-7f4118ed7000 r--p 00022000 08:02 292151                     /usr/lib/libgdk_pixbuf-2.0.so.0.3600.12
7f4118ed7000-7f4118ed8000 rw-p 00023000 08:02 292151                     /usr/lib/libgdk_pixbuf-2.0.so.0.3600.12
7f4118ed8000-7f4118eeb000 r-xp 00000000 08:02 292327                     /usr/lib/libpangoft2-1.0.so.0.4200.3
7f4118eeb000-7f41190eb000 ---p 00013000 08:02 292327                     /usr/lib/libpangoft2-1.0.so.0.4200.3
7f41190eb000-7f41190ec000 r--p 00013000 08:02 292327                     /usr/lib/libpangoft2-1.0.so.0.4200.3
7f41190ec000-7f41190ed000 rw-p 00014000 08:02 292327                     /usr/lib/libpangoft2-1.0.so.0.4200.3
7f41190ed000-7f4119284000 r-xp 00000000 08:02 277869                     /usr/lib/libgio-2.0.so.0.5600.1
7f4119284000-7f4119483000 ---p 00197000 08:02 277869                     /usr/lib/libgio-2.0.so.0.5600.1
7f4119483000-7f411948a000 r--p 00196000 08:02 277869                     /usr/lib/libgio-2.0.so.0.5600.1
7f411948a000-7f411948b000 rw-p 0019d000 08:02 277869                     /usr/lib/libgio-2.0.so.0.5600.1
7f411948b000-7f411948d000 rw-p 00000000 00:00 0 
7f411948d000-7f41194b0000 r-xp 00000000 08:02 292206                     /usr/lib/libatk-1.0.so.0.22810.1
7f41194b0000-7f41196af000 ---p 00023000 08:02 292206                     /usr/lib/libatk-1.0.so.0.22810.1
7f41196af000-7f41196b2000 r--p 00022000 08:02 292206                     /usr/lib/libatk-1.0.so.0.22810.1
7f41196b2000-7f41196b3000 rw-p 00025000 08:02 292206                     /usr/lib/libatk-1.0.so.0.22810.1
7f41196b3000-7f4119761000 r-xp 00000000 08:02 294172                     /usr/lib/libgdk-x11-2.0.so.0.2400.32
7f4119761000-7f4119961000 ---p 000ae000 08:02 294172                     /usr/lib/libgdk-x11-2.0.so.0.2400.32
7f4119961000-7f4119966000 r--p 000ae000 08:02 294172                     /usr/lib/libgdk-x11-2.0.so.0.2400.32
7f4119966000-7f4119967000 rw-p 000b3000 08:02 294172                     /usr/lib/libgdk-x11-2.0.so.0.2400.32
7f4119967000-7f4119d97000 r-xp 00000000 08:02 294173                     /usr/lib/libgtk-x11-2.0.so.0.2400.32
7f4119d97000-7f4119f97000 ---p 00430000 08:02 294173                     /usr/lib/libgtk-x11-2.0.so.0.2400.32
7f4119f97000-7f4119fa1000 r--p 00430000 08:02 294173                     /usr/lib/libgtk-x11-2.0.so.0.2400.32
7f4119fa1000-7f4119fa2000 rw-p 0043a000 08:02 294173                     /usr/lib/libgtk-x11-2.0.so.0.2400.32
7f4119fa2000-7f4119fa4000 rw-p 00000000 00:00 0 
7f4119fa4000-7f4119fb0000 r-xp 00000000 08:02 1980933                    /usr/lib/jvm/java-8-jdk/jre/lib/amd64/libprism_es2.so
7f4119fb0000-7f411a1af000 ---p 0000c000 08:02 1980933                    /usr/lib/jvm/java-8-jdk/jre/lib/amd64/libprism_es2.so
7f411a1af000-7f411a1b0000 rw-p 0000b000 08:02 1980933                    /usr/lib/jvm/java-8-jdk/jre/lib/amd64/libprism_es2.so
7f411a1b0000-7f411c000000 rw-p 00000000 00:00 0 
7f411c000000-7f411c021000 rw-p 00000000 00:00 0 
7f411c021000-7f4120000000 ---p 00000000 00:00 0 
7f4120000000-7f412000b000 r--p 00000000 00:2d 100271                     /tmp/+JXF5349743522041376775.tmp
7f412000b000-7f412000e000 ---p 00000000 00:00 0 
7f412000e000-7f412010c000 rw-p 00000000 00:00 0 
7f412010c000-7f412010d000 ---p 00000000 00:00 0 
7f412010d000-7f412020d000 rw-p 00000000 00:00 0 
7f412020d000-7f4120210000 ---p 00000000 00:00 0 
7f4120210000-7f412030e000 rw-p 00000000 00:00 0 
7f412030e000-7f412030f000 ---p 00000000 00:00 0 
7f412030f000-7f4120312000 ---p 00000000 00:00 0 
7f4120312000-7f412040f000 rw-p 00000000 00:00 0 
7f412040f000-7f4120410000 ---p 00000000 00:00 0 
7f4120410000-7f4120413000 ---p 00000000 00:00 0 
7f4120413000-7f4120510000 rw-p 00000000 00:00 0 
7f4120510000-7f4120511000 ---p 00000000 00:00 0 
7f4120511000-7f4120514000 ---p 00000000 00:00 0 
7f4120514000-7f4120611000 rw-p 00000000 00:00 0 
7f4120611000-7f4120614000 ---p 00000000 00:00 0 
7f4120614000-7f4120712000 rw-p 00000000 00:00 0 
7f4120712000-7f41208f9000 r--p 00000000 08:02 286836                     /usr/lib/locale/locale-archive
7f41208f9000-7f41208fc000 ---p 00000000 00:00 0 
7f41208fc000-7f41209fa000 rw-p 00000000 00:00 0 
7f41209fa000-7f41209fd000 ---p 00000000 00:00 0 
7f41209fd000-7f4120afb000 rw-p 00000000 00:00 0 
7f4120afb000-7f4120afc000 ---p 00000000 00:00 0 
7f4120afc000-7f4121000000 rw-p 00000000 00:00 0 
7f4121000000-7f4121450000 rwxp 00000000 00:00 0 
7f4121450000-7f4130000000 ---p 00000000 00:00 0 
7f4130000000-7f413054f000 rw-p 00000000 00:00 0 
7f413054f000-7f4134000000 ---p 00000000 00:00 0 
7f4134007000-7f413400a000 r--s 0001a000 08:02 1852962                    /usr/lib/jvm/java-8-jdk/jre/lib/jce.jar
7f413400a000-7f413400d000 r--s 00000000 08:02 1577520                    /var/cache/fontconfig/0801bb99-fa39-4a1f-96d0-9404a2b4b715-le64.cache-7
7f413400d000-7f4134010000 r--s 00000000 08:02 1573408                    /var/cache/fontconfig/9c2147df-fa3c-48b5-a753-85b74b37770d-le64.cache-7
7f4134010000-7f4134015000 r--s 0009d000 08:02 1852969                    /usr/lib/jvm/java-8-jdk/jre/lib/jsse.jar
7f4134015000-7f413402c000 r--s 00272000 08:03 51642435                   /home/roger/NetBeansProjects/SalesAssistant/dist/run1338799381/lib/jfoenix-8.0.5.jar
7f413402c000-7f413402e000 r--s 00008000 08:03 51642434                   /home/roger/NetBeansProjects/SalesAssistant/dist/run1338799381/lib/fontawesomefx-octicons-4.3.0-5.jar
7f413402e000-7f413405d000 r--s 002e5000 08:03 51642429                   /home/roger/NetBeansProjects/SalesAssistant/dist/run1338799381/lib/derby.jar
7f413405d000-7f41340f2000 r--s 0110e000 08:02 2236113                    /usr/lib/jvm/java-8-jdk/jre/lib/ext/jfxrt.jar
7f41340f2000-7f4134bfd000 rw-p 00000000 00:00 0 
7f4134bfd000-7f4134dd7000 r--s 03d6b000 08:02 1852979                    /usr/lib/jvm/java-8-jdk/jre/lib/rt.jar
7f4134dd7000-7f4135832000 rw-p 00000000 00:00 0 
7f4135832000-7f4135833000 ---p 00000000 00:00 0 
7f4135833000-7f4135933000 rw-p 00000000 00:00 0 
7f4135933000-7f4135934000 ---p 00000000 00:00 0 
7f4135934000-7f4135a34000 rw-p 00000000 00:00 0 
7f4135a34000-7f4135a35000 ---p 00000000 00:00 0 
7f4135a35000-7f4135b35000 rw-p 00000000 00:00 0 
7f4135b35000-7f4135b36000 ---p 00000000 00:00 0 
7f4135b36000-7f4135c4b000 rw-p 00000000 00:00 0 
7f4135c4b000-7f4135d7a000 ---p 00000000 00:00 0 
7f4135d7a000-7f4135d8f000 rw-p 00000000 00:00 0 
7f4135d8f000-7f4135ebd000 ---p 00000000 00:00 0 
7f4135ebd000-7f4135ec8000 rw-p 00000000 00:00 0 
7f4135ec8000-7f4135f5f000 ---p 00000000 00:00 0 
7f4135f5f000-7f4135f72000 rw-p 00000000 00:00 0 
7f4135f72000-7f4136320000 ---p 00000000 00:00 0 
7f4136320000-7f413633b000 r-xp 00000000 08:02 1980943                    /usr/lib/jvm/java-8-jdk/jre/lib/amd64/libzip.so
7f413633b000-7f413653b000 ---p 0001b000 08:02 1980943                    /usr/lib/jvm/java-8-jdk/jre/lib/amd64/libzip.so
7f413653b000-7f413653c000 rw-p 0001b000 08:02 1980943                    /usr/lib/jvm/java-8-jdk/jre/lib/amd64/libzip.so
7f413653c000-7f4136547000 r-xp 00000000 08:02 264340                     /usr/lib/libnss_files-2.27.so
7f4136547000-7f4136746000 ---p 0000b000 08:02 264340                     /usr/lib/libnss_files-2.27.so
7f4136746000-7f4136747000 r--p 0000a000 08:02 264340                     /usr/lib/libnss_files-2.27.so
7f4136747000-7f4136748000 rw-p 0000b000 08:02 264340                     /usr/lib/libnss_files-2.27.so
7f4136748000-7f413674e000 rw-p 00000000 00:00 0 
7f413674e000-7f4136779000 r-xp 00000000 08:02 1980907                    /usr/lib/jvm/java-8-jdk/jre/lib/amd64/libjava.so
7f4136779000-7f4136978000 ---p 0002b000 08:02 1980907                    /usr/lib/jvm/java-8-jdk/jre/lib/amd64/libjava.so
7f4136978000-7f413697a000 rw-p 0002a000 08:02 1980907                    /usr/lib/jvm/java-8-jdk/jre/lib/amd64/libjava.so
7f413697a000-7f4136987000 r-xp 00000000 08:02 1980942                    /usr/lib/jvm/java-8-jdk/jre/lib/amd64/libverify.so
7f4136987000-7f4136b87000 ---p 0000d000 08:02 1980942                    /usr/lib/jvm/java-8-jdk/jre/lib/amd64/libverify.so
7f4136b87000-7f4136b89000 rw-p 0000d000 08:02 1980942                    /usr/lib/jvm/java-8-jdk/jre/lib/amd64/libverify.so
7f4136b89000-7f4136b90000 r-xp 00000000 08:02 264335                     /usr/lib/librt-2.27.so
7f4136b90000-7f4136d8f000 ---p 00007000 08:02 264335                     /usr/lib/librt-2.27.so
7f4136d8f000-7f4136d90000 r--p 00006000 08:02 264335                     /usr/lib/librt-2.27.so
7f4136d90000-7f4136d91000 rw-p 00007000 08:02 264335                     /usr/lib/librt-2.27.so
7f4136d91000-7f4136f24000 r-xp 00000000 08:02 264332                     /usr/lib/libm-2.27.so
7f4136f24000-7f4137124000 ---p 00193000 08:02 264332                     /usr/lib/libm-2.27.so
7f4137124000-7f4137125000 r--p 00193000 08:02 264332                     /usr/lib/libm-2.27.so
7f4137125000-7f4137126000 rw-p 00194000 08:02 264332                     /usr/lib/libm-2.27.so
7f4137126000-7f4137e02000 r-xp 00000000 08:02 1980947                    /usr/lib/jvm/java-8-jdk/jre/lib/amd64/server/libjvm.so
7f4137e02000-7f4138002000 ---p 00cdc000 08:02 1980947                    /usr/lib/jvm/java-8-jdk/jre/lib/amd64/server/libjvm.so
7f4138002000-7f41380dc000 rw-p 00cdc000 08:02 1980947                    /usr/lib/jvm/java-8-jdk/jre/lib/amd64/server/libjvm.so
7f41380dc000-7f4138127000 rw-p 00000000 00:00 0 
7f4138127000-7f41382da000 r-xp 00000000 08:02 264385                     /usr/lib/libc-2.27.so
7f41382da000-7f41384d9000 ---p 001b3000 08:02 264385                     /usr/lib/libc-2.27.so
7f41384d9000-7f41384dd000 r--p 001b2000 08:02 264385                     /usr/lib/libc-2.27.so
7f41384dd000-7f41384df000 rw-p 001b6000 08:02 264385                     /usr/lib/libc-2.27.so
7f41384df000-7f41384e3000 rw-p 00000000 00:00 0 
7f41384e3000-7f41384e6000 r-xp 00000000 08:02 264333                     /usr/lib/libdl-2.27.so
7f41384e6000-7f41386e5000 ---p 00003000 08:02 264333                     /usr/lib/libdl-2.27.so
7f41386e5000-7f41386e6000 r--p 00002000 08:02 264333                     /usr/lib/libdl-2.27.so
7f41386e6000-7f41386e7000 rw-p 00003000 08:02 264333                     /usr/lib/libdl-2.27.so
7f41386e7000-7f41386fd000 r-xp 00000000 08:02 1980879                    /usr/lib/jvm/java-8-jdk/jre/lib/amd64/jli/libjli.so
7f41386fd000-7f41388fc000 ---p 00016000 08:02 1980879                    /usr/lib/jvm/java-8-jdk/jre/lib/amd64/jli/libjli.so
7f41388fc000-7f41388fd000 rw-p 00015000 08:02 1980879                    /usr/lib/jvm/java-8-jdk/jre/lib/amd64/jli/libjli.so
7f41388fd000-7f4138916000 r-xp 00000000 08:02 264403                     /usr/lib/libpthread-2.27.so
7f4138916000-7f4138b15000 ---p 00019000 08:02 264403                     /usr/lib/libpthread-2.27.so
7f4138b15000-7f4138b16000 r--p 00018000 08:02 264403                     /usr/lib/libpthread-2.27.so
7f4138b16000-7f4138b17000 rw-p 00019000 08:02 264403                     /usr/lib/libpthread-2.27.so
7f4138b17000-7f4138b1b000 rw-p 00000000 00:00 0 
7f4138b1b000-7f4138b40000 r-xp 00000000 08:02 264386                     /usr/lib/ld-2.27.so
7f4138b40000-7f4138b41000 r--s 0001a000 08:03 51642433                   /home/roger/NetBeansProjects/SalesAssistant/dist/run1338799381/lib/fontawesomefx-icons525-3.0.0-4.jar
7f4138b41000-7f4138b42000 r--s 00021000 08:03 51642432                   /home/roger/NetBeansProjects/SalesAssistant/dist/run1338799381/lib/fontawesomefx-fontawesome-4.7.0-5.jar
7f4138b42000-7f4138b44000 r--s 00004000 08:03 51642431                   /home/roger/NetBeansProjects/SalesAssistant/dist/run1338799381/lib/fontawesomefx-commons-8.15.jar
7f4138b44000-7f4138b4b000 r--s 0008a000 08:03 51642430                   /home/roger/NetBeansProjects/SalesAssistant/dist/run1338799381/lib/derbyclient.jar
7f4138b4b000-7f4138b50000 rw-s 00000000 00:2c 106760                     /i915 (deleted)
7f4138b50000-7f4138b54000 rw-s 00000000 00:2c 106752                     /i915 (deleted)
7f4138b54000-7f4138b58000 rw-s 00000000 00:2c 106750                     /i915 (deleted)
7f4138b58000-7f4138b5d000 rw-s 00000000 00:2c 106749                     /i915 (deleted)
7f4138b5d000-7f4138b62000 rw-s 00000000 00:2c 106744                     /i915 (deleted)
7f4138b62000-7f4138c0c000 rw-p 00000000 00:00 0 
7f4138c0c000-7f4138c0d000 ---p 00000000 00:00 0 
7f4138c0d000-7f4138c10000 ---p 00000000 00:00 0 
7f4138c10000-7f4138d11000 rw-p 00000000 00:00 0 
7f4138d11000-7f4138d12000 rw-s 00000000 00:05 106754                     /memfd:xshmfence (deleted)
7f4138d12000-7f4138d13000 rwxp 00000000 00:00 0 
7f4138d13000-7f4138d17000 rw-s 00000000 00:2c 104133                     /i915 (deleted)
7f4138d17000-7f4138d1b000 rw-s 00000000 00:2c 104131                     /i915 (deleted)
7f4138d1b000-7f4138d20000 rw-s 00000000 00:2c 104130                     /i915 (deleted)
7f4138d20000-7f4138d22000 r--s 0000a000 08:03 51642426                   /home/roger/NetBeansProjects/SalesAssistant/dist/run1338799381/PetersProject.jar
7f4138d22000-7f4138d35000 rw-p 00000000 00:00 0 
7f4138d35000-7f4138d3d000 rw-s 00000000 00:2d 104078                     /tmp/hsperfdata_roger/9340
7f4138d3d000-7f4138d3e000 rw-p 00000000 00:00 0 
7f4138d3e000-7f4138d3f000 ---p 00000000 00:00 0 
7f4138d3f000-7f4138d40000 r--p 00024000 08:02 264386                     /usr/lib/ld-2.27.so
7f4138d40000-7f4138d41000 rw-p 00025000 08:02 264386                     /usr/lib/ld-2.27.so
7f4138d41000-7f4138d42000 rw-p 00000000 00:00 0 
7fff03113000-7fff03134000 rw-p 00000000 00:00 0                          [stack]
7fff031d2000-7fff031d5000 r--p 00000000 00:00 0                          [vvar]
7fff031d5000-7fff031d7000 r-xp 00000000 00:00 0                          [vdso]

VM Arguments:
jvm_args: -Dfile.encoding=UTF-8 
java_command: /home/roger/NetBeansProjects/SalesAssistant/dist/run1338799381/PetersProject.jar
java_class_path (initial): /home/roger/NetBeansProjects/SalesAssistant/dist/run1338799381/PetersProject.jar
Launcher Type: SUN_STANDARD

Environment Variables:
JAVA_HOME=/usr/lib/jvm/java-8-jdk
_JAVA_OPTIONS=
PATH=/usr/local/bin:/usr/bin:/bin:/usr/local/sbin:/usr/lib/jvm/default/bin:/usr/lib/jvm/java-8-jdk/bin/
LD_LIBRARY_PATH=/usr/lib/jvm/java-8-jdk/jre/lib/amd64:/usr/lib/jvm/java-8-jdk/jre/lib/i386:
SHELL=/bin/bash
DISPLAY=:0

Signal Handlers:
SIGSEGV: [libjvm.so+0xad2a40], sa_mask[0]=11111111011111111101111111111110, sa_flags=SA_RESTART|SA_SIGINFO
SIGBUS: [libjvm.so+0xad2a40], sa_mask[0]=11111111011111111101111111111110, sa_flags=SA_RESTART|SA_SIGINFO
SIGFPE: [libjvm.so+0x92a610], sa_mask[0]=11111111011111111101111111111110, sa_flags=SA_RESTART|SA_SIGINFO
SIGPIPE: SIG_IGN, sa_mask[0]=00000000000010000000000000000000, sa_flags=SA_RESTART
SIGXFSZ: [libjvm.so+0x92a610], sa_mask[0]=11111111011111111101111111111110, sa_flags=SA_RESTART|SA_SIGINFO
SIGILL: [libjvm.so+0x92a610], sa_mask[0]=11111111011111111101111111111110, sa_flags=SA_RESTART|SA_SIGINFO
SIGUSR1: SIG_DFL, sa_mask[0]=00000000000000000000000000000000, sa_flags=none
SIGUSR2: [libjvm.so+0x92be70], sa_mask[0]=00100000000000000000000000000000, sa_flags=SA_RESTART|SA_SIGINFO
SIGHUP: SIG_IGN, sa_mask[0]=00000000000000000000000000000000, sa_flags=none
SIGINT: SIG_IGN, sa_mask[0]=00000000000000000000000000000000, sa_flags=none
SIGTERM: [libjvm.so+0x92d270], sa_mask[0]=11111111011111111101111111111110, sa_flags=SA_RESTART|SA_SIGINFO
SIGQUIT: [libjvm.so+0x92d270], sa_mask[0]=11111111011111111101111111111110, sa_flags=SA_RESTART|SA_SIGINFO


---------------  S Y S T E M  ---------------

OS:LSB_VERSION=1.4
DISTRIB_ID=Arch
DISTRIB_RELEASE=rolling
DISTRIB_DESCRIPTION="Arch Linux"

uname:Linux 4.17.11-arch1 #1 SMP PREEMPT Sun Jul 29 10:11:16 UTC 2018 x86_64
libc:glibc 2.27 NPTL 2.27 
rlimit: STACK 8192k, CORE infinity, NPROC 15454, NOFILE 4096, AS infinity
load average:1.32 1.14 1.11

/proc/meminfo:
MemTotal:        3967964 kB
MemFree:          232420 kB
MemAvailable:    1538024 kB
Buffers:          103012 kB
Cached:          1127748 kB
SwapCached:           16 kB
Active:          2261028 kB
Inactive:        1252236 kB
Active(anon):    1676152 kB
Inactive(anon):   357036 kB
Active(file):     584876 kB
Inactive(file):   895200 kB
Unevictable:         112 kB
Mlocked:             112 kB
SwapTotal:       4194300 kB
SwapFree:        4193264 kB
Dirty:             14116 kB
Writeback:             0 kB
AnonPages:       2282692 kB
Mapped:           455556 kB
Shmem:            230628 kB
Slab:             110060 kB
SReclaimable:      64388 kB
SUnreclaim:        45672 kB
KernelStack:        9216 kB
PageTables:        28276 kB
NFS_Unstable:          0 kB
Bounce:                0 kB
WritebackTmp:          0 kB
CommitLimit:     6178280 kB
Committed_AS:    5982392 kB
VmallocTotal:   34359738367 kB
VmallocUsed:           0 kB
VmallocChunk:          0 kB
HardwareCorrupted:     0 kB
AnonHugePages:         0 kB
ShmemHugePages:        0 kB
ShmemPmdMapped:        0 kB
HugePages_Total:       0
HugePages_Free:        0
HugePages_Rsvd:        0
HugePages_Surp:        0
Hugepagesize:       2048 kB
Hugetlb:               0 kB
DirectMap4k:      130816 kB
DirectMap2M:     3989504 kB
DirectMap1G:     1048576 kB


CPU:total 4 (initial active 4) (2 cores per cpu, 2 threads per core) family 6 model 69 stepping 1, cmov, cx8, fxsr, mmx, sse, sse2, sse3, ssse3, sse4.1, sse4.2, popcnt, avx, avx2, aes, clmul, erms, lzcnt, ht, tsc, tscinvbit, bmi1, bmi2

/proc/cpuinfo:
processor	: 0
vendor_id	: GenuineIntel
cpu family	: 6
model		: 69
model name	: Intel(R) Core(TM) i5-4210U CPU @ 1.70GHz
stepping	: 1
microcode	: 0x1c
cpu MHz		: 2323.295
cache size	: 3072 KB
physical id	: 0
siblings	: 4
core id		: 0
cpu cores	: 2
apicid		: 0
initial apicid	: 0
fpu		: yes
fpu_exception	: yes
cpuid level	: 13
wp		: yes
flags		: fpu vme de pse tsc msr pae mce cx8 apic sep mtrr pge mca cmov pat pse36 clflush dts acpi mmx fxsr sse sse2 ss ht tm pbe syscall nx pdpe1gb rdtscp lm constant_tsc arch_perfmon pebs bts rep_good nopl xtopology nonstop_tsc cpuid aperfmperf pni pclmulqdq dtes64 monitor ds_cpl vmx est tm2 ssse3 sdbg fma cx16 xtpr pdcm pcid sse4_1 sse4_2 movbe popcnt aes xsave avx f16c rdrand lahf_lm abm cpuid_fault epb invpcid_single pti tpr_shadow vnmi flexpriority ept vpid fsgsbase tsc_adjust bmi1 avx2 smep bmi2 erms invpcid xsaveopt dtherm ida arat pln pts
bugs		: cpu_meltdown spectre_v1 spectre_v2 spec_store_bypass
bogomips	: 4790.37
clflush size	: 64
cache_alignment	: 64
address sizes	: 39 bits physical, 48 bits virtual
power management:

processor	: 1
vendor_id	: GenuineIntel
cpu family	: 6
model		: 69
model name	: Intel(R) Core(TM) i5-4210U CPU @ 1.70GHz
stepping	: 1
microcode	: 0x1c
cpu MHz		: 2371.767
cache size	: 3072 KB
physical id	: 0
siblings	: 4
core id		: 0
cpu cores	: 2
apicid		: 1
initial apicid	: 1
fpu		: yes
fpu_exception	: yes
cpuid level	: 13
wp		: yes
flags		: fpu vme de pse tsc msr pae mce cx8 apic sep mtrr pge mca cmov pat pse36 clflush dts acpi mmx fxsr sse sse2 ss ht tm pbe syscall nx pdpe1gb rdtscp lm constant_tsc arch_perfmon pebs bts rep_good nopl xtopology nonstop_tsc cpuid aperfmperf pni pclmulqdq dtes64 monitor ds_cpl vmx est tm2 ssse3 sdbg fma cx16 xtpr pdcm pcid sse4_1 sse4_2 movbe popcnt aes xsave avx f16c rdrand lahf_lm abm cpuid_fault epb invpcid_single pti tpr_shadow vnmi flexpriority ept vpid fsgsbase tsc_adjust bmi1 avx2 smep bmi2 erms invpcid xsaveopt dtherm ida arat pln pts
bugs		: cpu_meltdown spectre_v1 spectre_v2 spec_store_bypass
bogomips	: 4790.37
clflush size	: 64
cache_alignment	: 64
address sizes	: 39 bits physical, 48 bits virtual
power management:

processor	: 2
vendor_id	: GenuineIntel
cpu family	: 6
model		: 69
model name	: Intel(R) Core(TM) i5-4210U CPU @ 1.70GHz
stepping	: 1
microcode	: 0x1c
cpu MHz		: 2322.406
cache size	: 3072 KB
physical id	: 0
siblings	: 4
core id		: 1
cpu cores	: 2
apicid		: 2
initial apicid	: 2
fpu		: yes
fpu_exception	: yes
cpuid level	: 13
wp		: yes
flags		: fpu vme de pse tsc msr pae mce cx8 apic sep mtrr pge mca cmov pat pse36 clflush dts acpi mmx fxsr sse sse2 ss ht tm pbe syscall nx pdpe1gb rdtscp lm constant_tsc arch_perfmon pebs bts rep_good nopl xtopology nonstop_tsc cpuid aperfmperf pni pclmulqdq dtes64 monitor ds_cpl vmx est tm2 ssse3 sdbg fma cx16 xtpr pdcm pcid sse4_1 sse4_2 movbe popcnt aes xsave avx f16c rdrand lahf_lm abm cpuid_fault epb invpcid_single pti tpr_shadow vnmi flexpriority ept vpid fsgsbase tsc_adjust bmi1 avx2 smep bmi2 erms invpcid xsaveopt dtherm ida arat pln pts
bugs		: cpu_meltdown spectre_v1 spectre_v2 spec_store_bypass
bogomips	: 4790.37
clflush size	: 64
cache_alignment	: 64
address sizes	: 39 bits physical, 48 bits virtual
power management:

processor	: 3
vendor_id	: GenuineIntel
cpu family	: 6
model		: 69
model name	: Intel(R) Core(TM) i5-4210U CPU @ 1.70GHz
stepping	: 1
microcode	: 0x1c
cpu MHz		: 2394.414
cache size	: 3072 KB
physical id	: 0
siblings	: 4
core id		: 1
cpu cores	: 2
apicid		: 3
initial apicid	: 3
fpu		: yes
fpu_exception	: yes
cpuid level	: 13
wp		: yes
flags		: fpu vme de pse tsc msr pae mce cx8 apic sep mtrr pge mca cmov pat pse36 clflush dts acpi mmx fxsr sse sse2 ss ht tm pbe syscall nx pdpe1gb rdtscp lm constant_tsc arch_perfmon pebs bts rep_good nopl xtopology nonstop_tsc cpuid aperfmperf pni pclmulqdq dtes64 monitor ds_cpl vmx est tm2 ssse3 sdbg fma cx16 xtpr pdcm pcid sse4_1 sse4_2 movbe popcnt aes xsave avx f16c rdrand lahf_lm abm cpuid_fault epb invpcid_single pti tpr_shadow vnmi flexpriority ept vpid fsgsbase tsc_adjust bmi1 avx2 smep bmi2 erms invpcid xsaveopt dtherm ida arat pln pts
bugs		: cpu_meltdown spectre_v1 spectre_v2 spec_store_bypass
bogomips	: 4790.37
clflush size	: 64
cache_alignment	: 64
address sizes	: 39 bits physical, 48 bits virtual
power management:



Memory: 4k page, physical 3967964k(232304k free), swap 4194300k(4193264k free)

vm_info: Java HotSpot(TM) 64-Bit Server VM (25.181-b13) for linux-amd64 JRE (1.8.0_181-b13), built on Jul  7 2018 00:56:38 by "java_re" with gcc 4.3.0 20080428 (Red Hat 4.3.0-8)

time: Thu Aug  2 08:34:25 2018
elapsed time: 4 seconds (0d 0h 0m 4s)

