#
# A fatal error has been detected by the Java Runtime Environment:
#
#  SIGSEGV (0xb) at pc=0x00007f33243ebb35, pid=10751, tid=0x00007f33226a4700
#
# JRE version: Java(TM) SE Runtime Environment (8.0_181-b13) (build 1.8.0_181-b13)
# Java VM: Java HotSpot(TM) 64-Bit Server VM (25.181-b13 mixed mode linux-amd64 compressed oops)
# Problematic frame:
# V  [libjvm.so+0x654b35]  InstanceKlass::oop_follow_contents(ParCompactionManager*, oopDesc*)+0x2d5
#
# Core dump written. Default location: /home/roger/NetBeansProjects/SalesAssistant/core or core.10751
#
# If you would like to submit a bug report, please visit:
#   http://bugreport.java.com/bugreport/crash.jsp
#

---------------  T H R E A D  ---------------

Current thread (0x00007f331c023800):  GCTaskThread [stack: 0x00007f33225a5000,0x00007f33226a5000] [id=10758]

siginfo: si_signo: 11 (SIGSEGV), si_code: 128 (SI_KERNEL), si_addr: 0x0000000000000000

Registers:
RAX=0x00007f3320653000, RBX=0x000000006c729db0, RCX=0x0000000000000036, RDX=0x007fffffffd4894e
RSP=0x00007f33226a3840, RBP=0x00007f33226a38a0, RSI=0x0040000000000000, RDI=0x00000001000016d0
R8 =0x00000000edd6aeb8, R9 =0x0000000020000000, R10=0x0000000000000018, R11=0x00007f3324d67040
R12=0x00007f3324d6b0a0, R13=0x00000000edd6aeb4, R14=0x00007f331c0dc310, R15=0x00007f331c0dc310
RIP=0x00007f33243ebb35, EFLAGS=0x0000000000010206, CSGSFS=0x002b000000000033, ERR=0x0000000000000000
  TRAPNO=0x000000000000000d

Top of Stack: (sp=0x00007f33226a3840)
0x00007f33226a3840:   0000000000000000 00000000edd6aea8
0x00007f33226a3850:   0000000100001938 0000000100001940
0x00007f33226a3860:   00007f3324d1fb48 00007f331c0dc350
0x00007f33226a3870:   00000000edd69720 00007f3324d67040
0x00007f33226a3880:   00007f331c0dc310 00007f331c023c00
0x00007f33226a3890:   00007f331c0dc310 00007f331c04e9d0
0x00007f33226a38a0:   00007f33226a3a30 00007f332471cda2
0x00007f33226a38b0:   00007f33226a3990 00007f33226a3970
0x00007f33226a38c0:   00007f331c0dc320 00007f33226a39e0
0x00007f33226a38d0:   00007f33226a39b0 00007f33226a3990
0x00007f33226a38e0:   00007f33226a3980 00007f33226a3970
0x00007f33226a38f0:   00007f33226a3960 00007f33226a3950
0x00007f33226a3900:   00007f331c13ca68 00007f331c0dc3d0
0x00007f33226a3910:   00000000c3bb3e10 00000000c3bd0550
0x00007f33226a3920:   00007f331c0dc350 00007f33226a39d8
0x00007f33226a3930:   0000000000000001 00007f332557aee8
0x00007f33226a3940:   00007f331c0dc350 00007f33226a39f8
0x00007f33226a3950:   00007f33226a3980 0000000000000001
0x00007f33226a3960:   0000000000000004 00007f33226a39a0
0x00007f33226a3970:   0000000000000000 0000000000000000
0x00007f33226a3980:   00007f3325578ef1 00007f33226a39a0
0x00007f33226a3990:   00007f33226a39c0 0000000000000000
0x00007f33226a39a0:   0000000000000017 00007f331c024750
0x00007f33226a39b0:   00000000ede3a2c0 00007f331c0dc310
0x00007f33226a39c0:   0000000200000000 0000000000000c00
0x00007f33226a39d0:   0000000000000000 0000000000000000
0x00007f33226a39e0:   00007f33226a3a00 00007f32bc327800
0x00007f33226a39f0:   00007f33226a3a01 00000000edd6aea8
0x00007f33226a3a00:   00007f331c023bc0 00007f33226a3ac0
0x00007f33226a3a10:   00007f331c023bc0 00007f331c023c00
0x00007f33226a3a20:   00007f331c0dc310 00007f331c04e9d0
0x00007f33226a3a30:   00007f33226a3b10 00007f332470244e 

Instructions: (pc=0x00007f33243ebb35)
0x00007f33243ebb15:   49 8b 44 24 30 48 c1 ee 03 48 d3 ee 48 89 f2 89
0x00007f33243ebb25:   f1 be 01 00 00 00 83 e1 3f 48 c1 ea 06 48 d3 e6
0x00007f33243ebb35:   48 85 34 d0 75 95 48 8b 05 b6 f2 92 00 0f b6 10
0x00007f33243ebb45:   84 d2 0f 85 b3 01 00 00 48 8b 7b 08 8b 77 08 83 

Register to memory mapping:

RAX=0x00007f3320653000 is an unknown value
RBX=0x000000006c729db0 is an unknown value
RCX=0x0000000000000036 is an unknown value
RDX=0x007fffffffd4894e is an unknown value
RSP=0x00007f33226a3840 is an unknown value
RBP=0x00007f33226a38a0 is an unknown value
RSI=0x0040000000000000 is an unknown value
RDI=0x00000001000016d0 is pointing into metadata
R8 =0x00000000edd6aeb8 is an oop

[error occurred during error reporting (printing register info), id 0xb]

Stack: [0x00007f33225a5000,0x00007f33226a5000],  sp=0x00007f33226a3840,  free space=1018k
Native frames: (J=compiled Java code, j=interpreted, Vv=VM code, C=native code)
V  [libjvm.so+0x654b35]  InstanceKlass::oop_follow_contents(ParCompactionManager*, oopDesc*)+0x2d5
V  [libjvm.so+0x985da2]  ParCompactionManager::follow_marking_stacks()+0x232
V  [libjvm.so+0x96b44e]  ThreadRootsMarkingTask::do_it(GCTaskManager*, unsigned int)+0x12e
V  [libjvm.so+0x5de82f]  GCTaskThread::run()+0x12f
V  [libjvm.so+0x930198]  java_start(Thread*)+0x108


---------------  P R O C E S S  ---------------

Java Threads: ( => current thread )
  0x00007f32bc4ac000 JavaThread "derby.rawStoreDaemon" daemon [_thread_blocked, id=10777, stack(0x00007f32a7cf6000,0x00007f32a7df7000)]
  0x00007f32bc463800 JavaThread "Timer-0" daemon [_thread_blocked, id=10776, stack(0x00007f32c40b3000,0x00007f32c41b4000)]
  0x00007f32bc327800 JavaThread "Prism Font Disposer" daemon [_thread_blocked, id=10775, stack(0x00007f32c45e8000,0x00007f32c46e9000)]
  0x00007f331c3af000 JavaThread "JavaFX-Launcher" [_thread_blocked, id=10774, stack(0x00007f32c58fb000,0x00007f32c59fc000)]
  0x00007f331c3ac000 JavaThread "JavaFX Application Thread" [_thread_blocked, id=10772, stack(0x00007f32c633e000,0x00007f32c643f000)]
  0x00007f331c3a9000 JavaThread "Thread-1" daemon [_thread_blocked, id=10771, stack(0x00007f32f8012000,0x00007f32f8113000)]
  0x00007f331c2e7000 JavaThread "QuantumRenderer-0" daemon [_thread_blocked, id=10769, stack(0x00007f32fae09000,0x00007f32faf0a000)]
  0x00007f331c187800 JavaThread "Service Thread" daemon [_thread_blocked, id=10767, stack(0x00007f32fb00b000,0x00007f32fb10c000)]
  0x00007f331c184800 JavaThread "C1 CompilerThread2" daemon [_thread_blocked, id=10766, stack(0x00007f32fb10d000,0x00007f32fb20d000)]
  0x00007f331c182800 JavaThread "C2 CompilerThread1" daemon [_thread_blocked, id=10765, stack(0x00007f32fb20e000,0x00007f32fb30e000)]
  0x00007f331c17f800 JavaThread "C2 CompilerThread0" daemon [_thread_blocked, id=10764, stack(0x00007f32fb30f000,0x00007f32fb40f000)]
  0x00007f331c17e800 JavaThread "Signal Dispatcher" daemon [_thread_blocked, id=10763, stack(0x00007f32fb40f000,0x00007f32fb510000)]
  0x00007f331c14b800 JavaThread "Finalizer" daemon [_thread_blocked, id=10762, stack(0x00007f32fb6f7000,0x00007f32fb7f8000)]
  0x00007f331c149000 JavaThread "Reference Handler" daemon [_thread_blocked, id=10761, stack(0x00007f32fb7f8000,0x00007f32fb8f9000)]
  0x00007f331c00a800 JavaThread "main" [_thread_blocked, id=10753, stack(0x00007f332587e000,0x00007f332597e000)]

Other Threads:
  0x00007f331c13f800 VMThread [stack: 0x00007f32fb8fa000,0x00007f32fb9fa000] [id=10760]
  0x00007f331c18c800 WatcherThread [stack: 0x00007f32faf0b000,0x00007f32fb00b000] [id=10768]

=>0x00007f331c023800 (exited) GCTaskThread [stack: 0x00007f33225a5000,0x00007f33226a5000] [id=10758]

VM state:at safepoint (normal execution)

VM Mutex/Monitor currently owned by a thread:  ([mutex/lock_event])
[0x00007f331c007ee0] Threads_lock - owner thread: 0x00007f331c13f800
[0x00007f331c0083e0] Heap_lock - owner thread: 0x00007f331c3ac000

Heap:
 PSYoungGen      total 34304K, used 2544K [0x00000000ebd00000, 0x00000000f0000000, 0x0000000100000000)
  eden space 31744K, 0% used [0x00000000ebd00000,0x00000000ebd00000,0x00000000edc00000)
  from space 2560K, 99% used [0x00000000edc00000,0x00000000ede7c010,0x00000000ede80000)
  to   space 2560K, 0% used [0x00000000efd80000,0x00000000efd80000,0x00000000f0000000)
 ParOldGen       total 42496K, used 8325K [0x00000000c3600000, 0x00000000c5f80000, 0x00000000ebd00000)
  object space 42496K, 19% used [0x00000000c3600000,0x00000000c3e21788,0x00000000c5f80000)
 Metaspace       used 20464K, capacity 21166K, committed 21296K, reserved 1067008K
  class space    used 2696K, capacity 2926K, committed 2944K, reserved 1048576K

Card table byte_map: [0x00007f33229eb000,0x00007f3322bd1000] byte_map_base: 0x00007f33223d0000

Marking Bits: (ParMarkBitMap*) 0x00007f3324d6b0a0
 Begin Bits: [0x00007f3320653000, 0x00007f332157b000)
 End Bits:   [0x00007f332157b000, 0x00007f33224a3000)

Polling page: 0x00007f33259af000

CodeCache: size=245760Kb used=4377Kb max_used=4385Kb free=241382Kb
 bounds [0x00007f330d000000, 0x00007f330d450000, 0x00007f331c000000]
 total_blobs=1911 nmethods=1256 adapters=568
 compilation: enabled

Compilation events (10 events):
Event: 4.300 Thread 0x00007f331c184800 1254       3       org.apache.derby.impl.services.cache.CacheEntry::unkeep (35 bytes)
Event: 4.300 Thread 0x00007f331c184800 nmethod 1254 0x00007f330d446110 code [0x00007f330d4462c0, 0x00007f330d446768]
Event: 4.303 Thread 0x00007f331c184800 1255   !   3       org.apache.derby.impl.services.cache.ConcurrentCache::release (40 bytes)
Event: 4.303 Thread 0x00007f331c184800 nmethod 1255 0x00007f330d446dd0 code [0x00007f330d446fe0, 0x00007f330d447cd8]
Event: 4.306 Thread 0x00007f331c184800 1256       1       org.apache.derby.impl.services.locks.Lock::getCount (5 bytes)
Event: 4.306 Thread 0x00007f331c184800 nmethod 1256 0x00007f330d448290 code [0x00007f330d4483e0, 0x00007f330d4484f0]
Event: 4.307 Thread 0x00007f331c17f800 1258       4       sun.misc.VM::allowArraySyntax (4 bytes)
Event: 4.307 Thread 0x00007f331c184800 1257       3       java.lang.ClassLoader::checkName (43 bytes)
Event: 4.307 Thread 0x00007f331c17f800 nmethod 1258 0x00007f330d44b190 code [0x00007f330d44b2e0, 0x00007f330d44b338]
Event: 4.307 Thread 0x00007f331c184800 nmethod 1257 0x00007f330d44a5d0 code [0x00007f330d44a780, 0x00007f330d44aef8]

GC Heap History (7 events):
Event: 0.696 GC heap before
{Heap before GC invocations=1 (full 0):
 PSYoungGen      total 18432K, used 15872K [0x00000000ebd00000, 0x00000000ed180000, 0x0000000100000000)
  eden space 15872K, 100% used [0x00000000ebd00000,0x00000000ecc80000,0x00000000ecc80000)
  from space 2560K, 0% used [0x00000000ecf00000,0x00000000ecf00000,0x00000000ed180000)
  to   space 2560K, 0% used [0x00000000ecc80000,0x00000000ecc80000,0x00000000ecf00000)
 ParOldGen       total 42496K, used 0K [0x00000000c3600000, 0x00000000c5f80000, 0x00000000ebd00000)
  object space 42496K, 0% used [0x00000000c3600000,0x00000000c3600000,0x00000000c5f80000)
 Metaspace       used 9663K, capacity 10052K, committed 10368K, reserved 1058816K
  class space    used 1217K, capacity 1340K, committed 1408K, reserved 1048576K
Event: 0.704 GC heap after
Heap after GC invocations=1 (full 0):
 PSYoungGen      total 18432K, used 2544K [0x00000000ebd00000, 0x00000000ee100000, 0x0000000100000000)
  eden space 15872K, 0% used [0x00000000ebd00000,0x00000000ebd00000,0x00000000ecc80000)
  from space 2560K, 99% used [0x00000000ecc80000,0x00000000ecefc050,0x00000000ecf00000)
  to   space 2560K, 0% used [0x00000000ede80000,0x00000000ede80000,0x00000000ee100000)
 ParOldGen       total 42496K, used 318K [0x00000000c3600000, 0x00000000c5f80000, 0x00000000ebd00000)
  object space 42496K, 0% used [0x00000000c3600000,0x00000000c364fab0,0x00000000c5f80000)
 Metaspace       used 9663K, capacity 10052K, committed 10368K, reserved 1058816K
  class space    used 1217K, capacity 1340K, committed 1408K, reserved 1048576K
}
Event: 1.215 GC heap before
{Heap before GC invocations=2 (full 0):
 PSYoungGen      total 18432K, used 18416K [0x00000000ebd00000, 0x00000000ee100000, 0x0000000100000000)
  eden space 15872K, 100% used [0x00000000ebd00000,0x00000000ecc80000,0x00000000ecc80000)
  from space 2560K, 99% used [0x00000000ecc80000,0x00000000ecefc050,0x00000000ecf00000)
  to   space 2560K, 0% used [0x00000000ede80000,0x00000000ede80000,0x00000000ee100000)
 ParOldGen       total 42496K, used 318K [0x00000000c3600000, 0x00000000c5f80000, 0x00000000ebd00000)
  object space 42496K, 0% used [0x00000000c3600000,0x00000000c364fab0,0x00000000c5f80000)
 Metaspace       used 15232K, capacity 15774K, committed 16128K, reserved 1062912K
  class space    used 2016K, capacity 2179K, committed 2304K, reserved 1048576K
Event: 1.228 GC heap after
Heap after GC invocations=2 (full 0):
 PSYoungGen      total 34304K, used 2544K [0x00000000ebd00000, 0x00000000ee100000, 0x0000000100000000)
  eden space 31744K, 0% used [0x00000000ebd00000,0x00000000ebd00000,0x00000000edc00000)
  from space 2560K, 99% used [0x00000000ede80000,0x00000000ee0fc010,0x00000000ee100000)
  to   space 2560K, 0% used [0x00000000edc00000,0x00000000edc00000,0x00000000ede80000)
 ParOldGen       total 42496K, used 3951K [0x00000000c3600000, 0x00000000c5f80000, 0x00000000ebd00000)
  object space 42496K, 9% used [0x00000000c3600000,0x00000000c39dbf18,0x00000000c5f80000)
 Metaspace       used 15232K, capacity 15774K, committed 16128K, reserved 1062912K
  class space    used 2016K, capacity 2179K, committed 2304K, reserved 1048576K
}
Event: 4.307 GC heap before
{Heap before GC invocations=3 (full 0):
 PSYoungGen      total 34304K, used 16946K [0x00000000ebd00000, 0x00000000ee100000, 0x0000000100000000)
  eden space 31744K, 45% used [0x00000000ebd00000,0x00000000ecb10af8,0x00000000edc00000)
  from space 2560K, 99% used [0x00000000ede80000,0x00000000ee0fc010,0x00000000ee100000)
  to   space 2560K, 0% used [0x00000000edc00000,0x00000000edc00000,0x00000000ede80000)
 ParOldGen       total 42496K, used 3951K [0x00000000c3600000, 0x00000000c5f80000, 0x00000000ebd00000)
  object space 42496K, 9% used [0x00000000c3600000,0x00000000c39dbf18,0x00000000c5f80000)
 Metaspace       used 20464K, capacity 21166K, committed 21296K, reserved 1067008K
  class space    used 2696K, capacity 2926K, committed 2944K, reserved 1048576K
Event: 4.315 GC heap after
Heap after GC invocations=3 (full 0):
 PSYoungGen      total 34304K, used 2544K [0x00000000ebd00000, 0x00000000f0000000, 0x0000000100000000)
  eden space 31744K, 0% used [0x00000000ebd00000,0x00000000ebd00000,0x00000000edc00000)
  from space 2560K, 99% used [0x00000000edc00000,0x00000000ede7c010,0x00000000ede80000)
  to   space 2560K, 0% used [0x00000000efd80000,0x00000000efd80000,0x00000000f0000000)
 ParOldGen       total 42496K, used 8325K [0x00000000c3600000, 0x00000000c5f80000, 0x00000000ebd00000)
  object space 42496K, 19% used [0x00000000c3600000,0x00000000c3e21788,0x00000000c5f80000)
 Metaspace       used 20464K, capacity 21166K, committed 21296K, reserved 1067008K
  class space    used 2696K, capacity 2926K, committed 2944K, reserved 1048576K
}
Event: 4.315 GC heap before
{Heap before GC invocations=4 (full 1):
 PSYoungGen      total 34304K, used 2544K [0x00000000ebd00000, 0x00000000f0000000, 0x0000000100000000)
  eden space 31744K, 0% used [0x00000000ebd00000,0x00000000ebd00000,0x00000000edc00000)
  from space 2560K, 99% used [0x00000000edc00000,0x00000000ede7c010,0x00000000ede80000)
  to   space 2560K, 0% used [0x00000000efd80000,0x00000000efd80000,0x00000000f0000000)
 ParOldGen       total 42496K, used 8325K [0x00000000c3600000, 0x00000000c5f80000, 0x00000000ebd00000)
  object space 42496K, 19% used [0x00000000c3600000,0x00000000c3e21788,0x00000000c5f80000)
 Metaspace       used 20464K, capacity 21166K, committed 21296K, reserved 1067008K
  class space    used 2696K, capacity 2926K, committed 2944K, reserved 1048576K

Deoptimization events (10 events):
Event: 0.709 Thread 0x00007f331c3ac000 Uncommon trap: reason=unstable_if action=reinterpret pc=0x00007f330d2747d0 method=java.util.HashMap.getNode(ILjava/lang/Object;)Ljava/util/HashMap$Node; @ 84
Event: 0.777 Thread 0x00007f331c3ac000 Uncommon trap: reason=unstable_if action=reinterpret pc=0x00007f330d29128c method=java.lang.String.indexOf([CII[CIII)I @ 3
Event: 0.914 Thread 0x00007f331c3ac000 Uncommon trap: reason=unstable_if action=reinterpret pc=0x00007f330d19aecc method=java.lang.String.startsWith(Ljava/lang/String;I)Z @ 25
Event: 1.072 Thread 0x00007f331c3ac000 Uncommon trap: reason=range_check action=make_not_entrant pc=0x00007f330d327840 method=sun.reflect.generics.parser.SignatureParser.current()C @ 34
Event: 1.163 Thread 0x00007f331c3ac000 Uncommon trap: reason=unstable_if action=reinterpret pc=0x00007f330d2e54d0 method=java.lang.AbstractStringBuilder.append(Ljava/lang/String;)Ljava/lang/AbstractStringBuilder; @ 1
Event: 1.260 Thread 0x00007f331c3ac000 Uncommon trap: reason=unstable_if action=reinterpret pc=0x00007f330d2e9770 method=sun.net.www.ParseUtil.encodePath(Ljava/lang/String;Z)Ljava/lang/String; @ 109
Event: 3.491 Thread 0x00007f331c3ac000 Uncommon trap: reason=unstable_if action=reinterpret pc=0x00007f330d2207c0 method=java.lang.AbstractStringBuilder.append(Ljava/lang/String;)Ljava/lang/AbstractStringBuilder; @ 1
Event: 4.251 Thread 0x00007f331c3ac000 Uncommon trap: reason=unstable_if action=reinterpret pc=0x00007f330d2285e0 method=java.lang.CharacterData.of(I)Ljava/lang/CharacterData; @ 4
Event: 4.295 Thread 0x00007f331c3ac000 Uncommon trap: reason=unstable_if action=reinterpret pc=0x00007f330d3b66d4 method=java.lang.ClassLoader.checkName(Ljava/lang/String;)Z @ 36
Event: 4.296 Thread 0x00007f331c3ac000 Uncommon trap: reason=unstable_if action=reinterpret pc=0x00007f330d422bb4 method=java.util.concurrent.ConcurrentHashMap.putVal(Ljava/lang/Object;Ljava/lang/Object;Z)Ljava/lang/Object; @ 181

Classes redefined (0 events):
No events

Internal exceptions (10 events):
Event: 0.582 Thread 0x00007f331c3ac000 Exception <a 'java/lang/NullPointerException'> (0x00000000ec9338b8) thrown at [/HUDSON/workspace/8-2-build-linux-amd64/jdk8u181/11358/hotspot/src/share/vm/prims/jvm.cpp, line 1439]
Event: 0.929 Thread 0x00007f331c3ac000 Exception <a 'java/lang/ArrayIndexOutOfBoundsException'> (0x00000000ec1d72a8) thrown at [/HUDSON/workspace/8-2-build-linux-amd64/jdk8u181/11358/hotspot/src/share/vm/runtime/sharedRuntime.cpp, line 605]
Event: 0.930 Thread 0x00007f331c3ac000 Exception <a 'java/lang/ArrayIndexOutOfBoundsException'> (0x00000000ec1d7fa8) thrown at [/HUDSON/workspace/8-2-build-linux-amd64/jdk8u181/11358/hotspot/src/share/vm/runtime/sharedRuntime.cpp, line 605]
Event: 0.930 Thread 0x00007f331c3ac000 Exception <a 'java/lang/ArrayIndexOutOfBoundsException'> (0x00000000ec1d9350) thrown at [/HUDSON/workspace/8-2-build-linux-amd64/jdk8u181/11358/hotspot/src/share/vm/runtime/sharedRuntime.cpp, line 605]
Event: 0.959 Thread 0x00007f331c3ac000 Exception <a 'java/lang/ArrayIndexOutOfBoundsException'> (0x00000000ec278fd8) thrown at [/HUDSON/workspace/8-2-build-linux-amd64/jdk8u181/11358/hotspot/src/share/vm/runtime/sharedRuntime.cpp, line 605]
Event: 0.959 Thread 0x00007f331c3ac000 Exception <a 'java/lang/ArrayIndexOutOfBoundsException'> (0x00000000ec27b000) thrown at [/HUDSON/workspace/8-2-build-linux-amd64/jdk8u181/11358/hotspot/src/share/vm/runtime/sharedRuntime.cpp, line 605]
Event: 1.072 Thread 0x00007f331c3ac000 Exception <a 'java/lang/ArrayIndexOutOfBoundsException': 57> (0x00000000ec541f98) thrown at [/HUDSON/workspace/8-2-build-linux-amd64/jdk8u181/11358/hotspot/src/share/vm/interpreter/interpreterRuntime.cpp, line 366]
Event: 1.072 Thread 0x00007f331c3ac000 Exception <a 'java/lang/ArrayIndexOutOfBoundsException': 57> (0x00000000ec543388) thrown at [/HUDSON/workspace/8-2-build-linux-amd64/jdk8u181/11358/hotspot/src/share/vm/interpreter/interpreterRuntime.cpp, line 366]
Event: 1.163 Thread 0x00007f331c3ac000 Implicit null exception at 0x00007f330d2e50f5 to 0x00007f330d2e54bd
Event: 3.491 Thread 0x00007f331c3ac000 Implicit null exception at 0x00007f330d2203f6 to 0x00007f330d2207a9

Events (10 events):
Event: 4.305 loading class org/apache/derby/iapi/services/loader/GeneratedByteCode done
Event: 4.306 loading class org/apache/derby/impl/services/reflect/DirectCall
Event: 4.306 loading class org/apache/derby/impl/services/reflect/DirectCall done
Event: 4.306 loading class org/apache/derby/impl/jdbc/EmbedPreparedStatement42
Event: 4.306 loading class org/apache/derby/impl/jdbc/EmbedPreparedStatement42 done
Event: 4.306 loading class org/apache/derby/impl/jdbc/EmbedPreparedStatement
Event: 4.306 loading class org/apache/derby/impl/jdbc/EmbedPreparedStatement done
Event: 4.307 loading class org/apache/derby/iapi/jdbc/EnginePreparedStatement
Event: 4.307 loading class org/apache/derby/iapi/jdbc/EnginePreparedStatement done
Event: 4.307 Executing VM operation: CollectForMetadataAllocation


Dynamic libraries:
00400000-00401000 r-xp 00000000 08:02 1852936                            /usr/lib/jvm/java-8-jdk/jre/bin/java
00600000-00601000 rw-p 00000000 08:02 1852936                            /usr/lib/jvm/java-8-jdk/jre/bin/java
007b1000-007d2000 rw-p 00000000 00:00 0                                  [heap]
c3600000-c5f80000 rw-p 00000000 00:00 0 
c5f80000-ebd00000 ---p 00000000 00:00 0 
ebd00000-f0000000 rw-p 00000000 00:00 0 
f0000000-100000000 ---p 00000000 00:00 0 
100000000-1002e0000 rw-p 00000000 00:00 0 
1002e0000-140000000 ---p 00000000 00:00 0 
7f32a0000000-7f32a0021000 rw-p 00000000 00:00 0 
7f32a0021000-7f32a4000000 ---p 00000000 00:00 0 
7f32a7af6000-7f32a7ce2000 rw-p 00000000 00:00 0 
7f32a7ce2000-7f32a7cf6000 ---p 00000000 00:00 0 
7f32a7cf6000-7f32a7cf9000 ---p 00000000 00:00 0 
7f32a7cf9000-7f32a7df7000 rw-p 00000000 00:00 0 
7f32a7df7000-7f32a7e00000 r-xp 00000000 08:02 1980926                    /usr/lib/jvm/java-8-jdk/jre/lib/amd64/libmanagement.so
7f32a7e00000-7f32a7fff000 ---p 00009000 08:02 1980926                    /usr/lib/jvm/java-8-jdk/jre/lib/amd64/libmanagement.so
7f32a7fff000-7f32a8000000 rw-p 00008000 08:02 1980926                    /usr/lib/jvm/java-8-jdk/jre/lib/amd64/libmanagement.so
7f32a8000000-7f32a8021000 rw-p 00000000 00:00 0 
7f32a8021000-7f32ac000000 ---p 00000000 00:00 0 
7f32ac000000-7f32ac021000 rw-p 00000000 00:00 0 
7f32ac021000-7f32b0000000 ---p 00000000 00:00 0 
7f32b0000000-7f32b0021000 rw-p 00000000 00:00 0 
7f32b0021000-7f32b4000000 ---p 00000000 00:00 0 
7f32b4000000-7f32b4021000 rw-p 00000000 00:00 0 
7f32b4021000-7f32b8000000 ---p 00000000 00:00 0 
7f32b8000000-7f32b8021000 rw-p 00000000 00:00 0 
7f32b8021000-7f32bc000000 ---p 00000000 00:00 0 
7f32bc000000-7f32bc53f000 rw-p 00000000 00:00 0 
7f32bc53f000-7f32c0000000 ---p 00000000 00:00 0 
7f32c0000000-7f32c0021000 rw-p 00000000 00:00 0 
7f32c0021000-7f32c4000000 ---p 00000000 00:00 0 
7f32c408d000-7f32c40a9000 r--s 00393000 08:02 2236110                    /usr/lib/jvm/java-8-jdk/jre/lib/ext/cldrdata.jar
7f32c40a9000-7f32c40b3000 r--s 00116000 08:02 2236114                    /usr/lib/jvm/java-8-jdk/jre/lib/ext/localedata.jar
7f32c40b3000-7f32c40b6000 ---p 00000000 00:00 0 
7f32c40b6000-7f32c43b4000 rw-p 00000000 00:00 0 
7f32c43b4000-7f32c45b4000 rw-p 00000000 00:00 0 
7f32c45b4000-7f32c45dd000 r--p 00000000 00:2d 128324                     /tmp/+JXF2682091119497564182.tmp
7f32c45dd000-7f32c45e8000 r--p 00000000 00:2d 128323                     /tmp/+JXF8347452223948590918.tmp
7f32c45e8000-7f32c45eb000 ---p 00000000 00:00 0 
7f32c45eb000-7f32c48e9000 rw-p 00000000 00:00 0 
7f32c48e9000-7f32c4970000 r--p 00000000 08:02 1216049                    /usr/share/fonts/noto/NotoSerif-Regular.ttf
7f32c4970000-7f32c4a1b000 r--p 00000000 08:02 2236127                    /usr/lib/jvm/java-8-jdk/jre/lib/fonts/LucidaSansRegular.ttf
7f32c4a1b000-7f32c4a57000 r--p 00000000 08:02 2236129                    /usr/lib/jvm/java-8-jdk/jre/lib/fonts/LucidaTypewriterRegular.ttf
7f32c4a57000-7f32c4a91000 r--p 00000000 08:02 2236128                    /usr/lib/jvm/java-8-jdk/jre/lib/fonts/LucidaTypewriterBold.ttf
7f32c4a91000-7f32c4ae6000 r--p 00000000 08:02 2236125                    /usr/lib/jvm/java-8-jdk/jre/lib/fonts/LucidaBrightRegular.ttf
7f32c4ae6000-7f32c4b34000 r--p 00000000 08:02 2236126                    /usr/lib/jvm/java-8-jdk/jre/lib/fonts/LucidaSansDemiBold.ttf
7f32c4b34000-7f32c4bc7000 r--s 00000000 08:02 1576614                    /var/cache/fontconfig/df84ef04-c59c-41f3-a952-9dc77ded16fa-le64.cache-7
7f32c4bc7000-7f32c4c47000 r--s 00000000 08:02 1577518                    /var/cache/fontconfig/f1af2c79-978f-4e05-b1a6-6ed5d6bd53e0-le64.cache-7
7f32c4c47000-7f32c4cc7000 r--s 00000000 08:02 1577517                    /var/cache/fontconfig/91e2d43f-0cd2-41c5-8276-556899743679-le64.cache-7
7f32c4cc7000-7f32c4ccb000 r-xp 00000000 08:02 1980911                    /usr/lib/jvm/java-8-jdk/jre/lib/amd64/libjavafx_font_pango.so
7f32c4ccb000-7f32c4eca000 ---p 00004000 08:02 1980911                    /usr/lib/jvm/java-8-jdk/jre/lib/amd64/libjavafx_font_pango.so
7f32c4eca000-7f32c4ecb000 rw-p 00003000 08:02 1980911                    /usr/lib/jvm/java-8-jdk/jre/lib/amd64/libjavafx_font_pango.so
7f32c4ecb000-7f32c4ee1000 r-xp 00000000 08:02 1980928                    /usr/lib/jvm/java-8-jdk/jre/lib/amd64/libnet.so
7f32c4ee1000-7f32c50e1000 ---p 00016000 08:02 1980928                    /usr/lib/jvm/java-8-jdk/jre/lib/amd64/libnet.so
7f32c50e1000-7f32c50e2000 rw-p 00016000 08:02 1980928                    /usr/lib/jvm/java-8-jdk/jre/lib/amd64/libnet.so
7f32c50e2000-7f32c50f3000 r-xp 00000000 08:02 1980929                    /usr/lib/jvm/java-8-jdk/jre/lib/amd64/libnio.so
7f32c50f3000-7f32c52f2000 ---p 00011000 08:02 1980929                    /usr/lib/jvm/java-8-jdk/jre/lib/amd64/libnio.so
7f32c52f2000-7f32c52f3000 rw-p 00010000 08:02 1980929                    /usr/lib/jvm/java-8-jdk/jre/lib/amd64/libnio.so
7f32c52f3000-7f32c52f8000 r-xp 00000000 08:02 1980910                    /usr/lib/jvm/java-8-jdk/jre/lib/amd64/libjavafx_font_freetype.so
7f32c52f8000-7f32c54f7000 ---p 00005000 08:02 1980910                    /usr/lib/jvm/java-8-jdk/jre/lib/amd64/libjavafx_font_freetype.so
7f32c54f7000-7f32c54f8000 rw-p 00004000 08:02 1980910                    /usr/lib/jvm/java-8-jdk/jre/lib/amd64/libjavafx_font_freetype.so
7f32c54f8000-7f32c54fb000 r-xp 00000000 08:02 1980909                    /usr/lib/jvm/java-8-jdk/jre/lib/amd64/libjavafx_font.so
7f32c54fb000-7f32c56fa000 ---p 00003000 08:02 1980909                    /usr/lib/jvm/java-8-jdk/jre/lib/amd64/libjavafx_font.so
7f32c56fa000-7f32c56fb000 rw-p 00002000 08:02 1980909                    /usr/lib/jvm/java-8-jdk/jre/lib/amd64/libjavafx_font.so
7f32c56fb000-7f32c58fb000 rw-p 00000000 00:00 0 
7f32c58fb000-7f32c58fe000 ---p 00000000 00:00 0 
7f32c58fe000-7f32c59fc000 rw-p 00000000 00:00 0 
7f32c59fc000-7f32c59fd000 ---p 00000000 00:00 0 
7f32c59fd000-7f32c61fd000 rw-p 00000000 00:00 0 
7f32c61fd000-7f32c633e000 rw-s 00000000 08:03 40110225                   /home/roger/.cache/mesa_shader_cache/index
7f32c633e000-7f32c6341000 ---p 00000000 00:00 0 
7f32c6341000-7f32c643f000 rw-p 00000000 00:00 0 
7f32c643f000-7f32c6479000 r-xp 00000000 08:02 1216960                    /usr/lib/gtk-2.0/2.10.0/engines/libmurrine.so
7f32c6479000-7f32c6679000 ---p 0003a000 08:02 1216960                    /usr/lib/gtk-2.0/2.10.0/engines/libmurrine.so
7f32c6679000-7f32c667a000 r--p 0003a000 08:02 1216960                    /usr/lib/gtk-2.0/2.10.0/engines/libmurrine.so
7f32c667a000-7f32c667b000 rw-p 0003b000 08:02 1216960                    /usr/lib/gtk-2.0/2.10.0/engines/libmurrine.so
7f32c667b000-7f32c6684000 r-xp 00000000 08:02 1183464                    /usr/lib/gtk-2.0/2.10.0/engines/libpixmap.so
7f32c6684000-7f32c6884000 ---p 00009000 08:02 1183464                    /usr/lib/gtk-2.0/2.10.0/engines/libpixmap.so
7f32c6884000-7f32c6885000 r--p 00009000 08:02 1183464                    /usr/lib/gtk-2.0/2.10.0/engines/libpixmap.so
7f32c6885000-7f32c6886000 rw-p 0000a000 08:02 1183464                    /usr/lib/gtk-2.0/2.10.0/engines/libpixmap.so
7f32c6886000-7f32c688b000 r-xp 00000000 08:02 287019                     /usr/lib/libogg.so.0.8.3
7f32c688b000-7f32c6a8b000 ---p 00005000 08:02 287019                     /usr/lib/libogg.so.0.8.3
7f32c6a8b000-7f32c6a8c000 r--p 00005000 08:02 287019                     /usr/lib/libogg.so.0.8.3
7f32c6a8c000-7f32c6a8d000 rw-p 00006000 08:02 287019                     /usr/lib/libogg.so.0.8.3
7f32c6a8d000-7f32c6ab7000 r-xp 00000000 08:02 287035                     /usr/lib/libvorbis.so.0.4.8
7f32c6ab7000-7f32c6cb7000 ---p 0002a000 08:02 287035                     /usr/lib/libvorbis.so.0.4.8
7f32c6cb7000-7f32c6cb8000 r--p 0002a000 08:02 287035                     /usr/lib/libvorbis.so.0.4.8
7f32c6cb8000-7f32c6cb9000 rw-p 0002b000 08:02 287035                     /usr/lib/libvorbis.so.0.4.8
7f32c6cb9000-7f32c6cc1000 r-xp 00000000 08:02 286663                     /usr/lib/libltdl.so.7.3.1
7f32c6cc1000-7f32c6ec1000 ---p 00008000 08:02 286663                     /usr/lib/libltdl.so.7.3.1
7f32c6ec1000-7f32c6ec2000 r--p 00008000 08:02 286663                     /usr/lib/libltdl.so.7.3.1
7f32c6ec2000-7f32c6ec3000 rw-p 00009000 08:02 286663                     /usr/lib/libltdl.so.7.3.1
7f32c6ec3000-7f32c6ed8000 r-xp 00000000 08:02 292829                     /usr/lib/libtdb.so.1.3.15
7f32c6ed8000-7f32c70d7000 ---p 00015000 08:02 292829                     /usr/lib/libtdb.so.1.3.15
7f32c70d7000-7f32c70d8000 r--p 00014000 08:02 292829                     /usr/lib/libtdb.so.1.3.15
7f32c70d8000-7f32c70d9000 rw-p 00015000 08:02 292829                     /usr/lib/libtdb.so.1.3.15
7f32c70d9000-7f32c70e0000 r-xp 00000000 08:02 287039                     /usr/lib/libvorbisfile.so.3.3.7
7f32c70e0000-7f32c72e0000 ---p 00007000 08:02 287039                     /usr/lib/libvorbisfile.so.3.3.7
7f32c72e0000-7f32c72e1000 r--p 00007000 08:02 287039                     /usr/lib/libvorbisfile.so.3.3.7
7f32c72e1000-7f32c72e2000 rw-p 00008000 08:02 287039                     /usr/lib/libvorbisfile.so.3.3.7
7f32c72e2000-7f32c72f3000 r-xp 00000000 08:02 292842                     /usr/lib/libcanberra.so.0.2.5
7f32c72f3000-7f32c74f2000 ---p 00011000 08:02 292842                     /usr/lib/libcanberra.so.0.2.5
7f32c74f2000-7f32c74f3000 r--p 00010000 08:02 292842                     /usr/lib/libcanberra.so.0.2.5
7f32c74f3000-7f32c74f4000 rw-p 00011000 08:02 292842                     /usr/lib/libcanberra.so.0.2.5
7f32c74f4000-7f32c74f8000 r-xp 00000000 08:02 292844                     /usr/lib/libcanberra-gtk.so.0.1.9
7f32c74f8000-7f32c76f7000 ---p 00004000 08:02 292844                     /usr/lib/libcanberra-gtk.so.0.1.9
7f32c76f7000-7f32c76f8000 r--p 00003000 08:02 292844                     /usr/lib/libcanberra-gtk.so.0.1.9
7f32c76f8000-7f32c76f9000 rw-p 00004000 08:02 292844                     /usr/lib/libcanberra-gtk.so.0.1.9
7f32c76f9000-7f32c76fe000 r-xp 00000000 08:02 791875                     /usr/lib/gtk-2.0/modules/libcanberra-gtk-module.so
7f32c76fe000-7f32c78fd000 ---p 00005000 08:02 791875                     /usr/lib/gtk-2.0/modules/libcanberra-gtk-module.so
7f32c78fd000-7f32c78fe000 r--p 00004000 08:02 791875                     /usr/lib/gtk-2.0/modules/libcanberra-gtk-module.so
7f32c78fe000-7f32c78ff000 rw-p 00005000 08:02 791875                     /usr/lib/gtk-2.0/modules/libcanberra-gtk-module.so
7f32c78ff000-7f32c7928000 r-xp 00000000 08:02 1980899                    /usr/lib/jvm/java-8-jdk/jre/lib/amd64/libglass.so
7f32c7928000-7f32c7b27000 ---p 00029000 08:02 1980899                    /usr/lib/jvm/java-8-jdk/jre/lib/amd64/libglass.so
7f32c7b27000-7f32c7b2a000 rw-p 00028000 08:02 1980899                    /usr/lib/jvm/java-8-jdk/jre/lib/amd64/libglass.so
7f32c7b2a000-7f32c7b2b000 ---p 00000000 00:00 0 
7f32c7b2b000-7f32c832b000 rw-p 00000000 00:00 0 
7f32c832b000-7f32c8333000 r-xp 00000000 08:02 290609                     /usr/lib/libpciaccess.so.0.11.1
7f32c8333000-7f32c8533000 ---p 00008000 08:02 290609                     /usr/lib/libpciaccess.so.0.11.1
7f32c8533000-7f32c8534000 r--p 00008000 08:02 290609                     /usr/lib/libpciaccess.so.0.11.1
7f32c8534000-7f32c8535000 rw-p 00009000 08:02 290609                     /usr/lib/libpciaccess.so.0.11.1
7f32c8535000-7f32c853c000 r-xp 00000000 08:02 290629                     /usr/lib/libdrm_nouveau.so.2.0.0
7f32c853c000-7f32c873b000 ---p 00007000 08:02 290629                     /usr/lib/libdrm_nouveau.so.2.0.0
7f32c873b000-7f32c873c000 r--p 00006000 08:02 290629                     /usr/lib/libdrm_nouveau.so.2.0.0
7f32c873c000-7f32c873d000 rw-p 00007000 08:02 290629                     /usr/lib/libdrm_nouveau.so.2.0.0
7f32c873d000-7f32c8748000 r-xp 00000000 08:02 290623                     /usr/lib/libdrm_radeon.so.1.0.1
7f32c8748000-7f32c8947000 ---p 0000b000 08:02 290623                     /usr/lib/libdrm_radeon.so.1.0.1
7f32c8947000-7f32c8948000 r--p 0000a000 08:02 290623                     /usr/lib/libdrm_radeon.so.1.0.1
7f32c8948000-7f32c8949000 rw-p 0000b000 08:02 290623                     /usr/lib/libdrm_radeon.so.1.0.1
7f32c8949000-7f32c896c000 r-xp 00000000 08:02 290624                     /usr/lib/libdrm_intel.so.1.0.0
7f32c896c000-7f32c8b6b000 ---p 00023000 08:02 290624                     /usr/lib/libdrm_intel.so.1.0.0
7f32c8b6b000-7f32c8b6c000 r--p 00022000 08:02 290624                     /usr/lib/libdrm_intel.so.1.0.0
7f32c8b6c000-7f32c8b6d000 rw-p 00023000 08:02 290624                     /usr/lib/libdrm_intel.so.1.0.0
7f32c8b6d000-7f32c940e000 r-xp 00000000 08:02 919776                     /usr/lib/dri/i965_dri.so
7f32c940e000-7f32c960e000 ---p 008a1000 08:02 919776                     /usr/lib/dri/i965_dri.so
7f32c960e000-7f32c9669000 r--p 008a1000 08:02 919776                     /usr/lib/dri/i965_dri.so
7f32c9669000-7f32c9674000 rw-p 008fc000 08:02 919776                     /usr/lib/dri/i965_dri.so
7f32c9674000-7f32c9726000 rw-p 00000000 00:00 0 
7f32c9726000-7f32c9727000 r-xp 00000000 08:02 290780                     /usr/lib/libxshmfence.so.1.0.0
7f32c9727000-7f32c9926000 ---p 00001000 08:02 290780                     /usr/lib/libxshmfence.so.1.0.0
7f32c9926000-7f32c9927000 r--p 00000000 08:02 290780                     /usr/lib/libxshmfence.so.1.0.0
7f32c9927000-7f32c9928000 rw-p 00001000 08:02 290780                     /usr/lib/libxshmfence.so.1.0.0
7f32c9928000-7f32c992e000 r-xp 00000000 08:02 289571                     /usr/lib/libxcb-sync.so.1.0.0
7f32c992e000-7f32c9b2d000 ---p 00006000 08:02 289571                     /usr/lib/libxcb-sync.so.1.0.0
7f32c9b2d000-7f32c9b2e000 r--p 00005000 08:02 289571                     /usr/lib/libxcb-sync.so.1.0.0
7f32c9b2e000-7f32c9b2f000 rw-p 00006000 08:02 289571                     /usr/lib/libxcb-sync.so.1.0.0
7f32c9b2f000-7f32c9b31000 r-xp 00000000 08:02 289563                     /usr/lib/libxcb-present.so.0.0.0
7f32c9b31000-7f32c9d30000 ---p 00002000 08:02 289563                     /usr/lib/libxcb-present.so.0.0.0
7f32c9d30000-7f32c9d31000 r--p 00001000 08:02 289563                     /usr/lib/libxcb-present.so.0.0.0
7f32c9d31000-7f32c9d32000 rw-p 00002000 08:02 289563                     /usr/lib/libxcb-present.so.0.0.0
7f32c9d32000-7f32c9d35000 r-xp 00000000 08:02 289572                     /usr/lib/libxcb-dri3.so.0.0.0
7f32c9d35000-7f32c9f34000 ---p 00003000 08:02 289572                     /usr/lib/libxcb-dri3.so.0.0.0
7f32c9f34000-7f32c9f35000 r--p 00002000 08:02 289572                     /usr/lib/libxcb-dri3.so.0.0.0
7f32c9f35000-7f32c9f36000 rw-p 00003000 08:02 289572                     /usr/lib/libxcb-dri3.so.0.0.0
7f32c9f36000-7f32c9f3a000 r-xp 00000000 08:02 289583                     /usr/lib/libxcb-dri2.so.0.0.0
7f32c9f3a000-7f32ca139000 ---p 00004000 08:02 289583                     /usr/lib/libxcb-dri2.so.0.0.0
7f32ca139000-7f32ca13a000 r--p 00003000 08:02 289583                     /usr/lib/libxcb-dri2.so.0.0.0
7f32ca13a000-7f32ca13b000 rw-p 00004000 08:02 289583                     /usr/lib/libxcb-dri2.so.0.0.0
7f32ca13b000-7f32ca13c000 r-xp 00000000 08:02 290470                     /usr/lib/libX11-xcb.so.1.0.0
7f32ca13c000-7f32ca33b000 ---p 00001000 08:02 290470                     /usr/lib/libX11-xcb.so.1.0.0
7f32ca33b000-7f32ca33c000 r--p 00000000 08:02 290470                     /usr/lib/libX11-xcb.so.1.0.0
7f32ca33c000-7f32ca33d000 rw-p 00001000 08:02 290470                     /usr/lib/libX11-xcb.so.1.0.0
7f32ca33d000-7f32ca356000 r-xp 00000000 08:02 289596                     /usr/lib/libxcb-glx.so.0.0.0
7f32ca356000-7f32ca555000 ---p 00019000 08:02 289596                     /usr/lib/libxcb-glx.so.0.0.0
7f32ca555000-7f32ca557000 r--p 00018000 08:02 289596                     /usr/lib/libxcb-glx.so.0.0.0
7f32ca557000-7f32ca558000 rw-p 0001a000 08:02 289596                     /usr/lib/libxcb-glx.so.0.0.0
7f32ca558000-7f32ca569000 r-xp 00000000 08:02 290636                     /usr/lib/libdrm.so.2.4.0
7f32ca569000-7f32ca768000 ---p 00011000 08:02 290636                     /usr/lib/libdrm.so.2.4.0
7f32ca768000-7f32ca769000 r--p 00010000 08:02 290636                     /usr/lib/libdrm.so.2.4.0
7f32ca769000-7f32ca76a000 rw-p 00011000 08:02 290636                     /usr/lib/libdrm.so.2.4.0
7f32ca76a000-7f32ca796000 r-xp 00000000 08:02 290902                     /usr/lib/libglapi.so.0.0.0
7f32ca796000-7f32ca995000 ---p 0002c000 08:02 290902                     /usr/lib/libglapi.so.0.0.0
7f32ca995000-7f32ca999000 r--p 0002b000 08:02 290902                     /usr/lib/libglapi.so.0.0.0
7f32ca999000-7f32ca99a000 rw-p 0002f000 08:02 290902                     /usr/lib/libglapi.so.0.0.0
7f32ca99a000-7f32ca99b000 rw-p 00000000 00:00 0 
7f32ca99b000-7f32caa0c000 r-xp 00000000 08:02 290891                     /usr/lib/libGLX_mesa.so.0.0.0
7f32caa0c000-7f32cac0c000 ---p 00071000 08:02 290891                     /usr/lib/libGLX_mesa.so.0.0.0
7f32cac0c000-7f32cac0f000 r--p 00071000 08:02 290891                     /usr/lib/libGLX_mesa.so.0.0.0
7f32cac0f000-7f32cac10000 rw-p 00074000 08:02 290891                     /usr/lib/libGLX_mesa.so.0.0.0
7f32cac10000-7f32cac16000 r-xp 00000000 08:02 292294                     /usr/lib/libdatrie.so.1.3.5
7f32cac16000-7f32cae15000 ---p 00006000 08:02 292294                     /usr/lib/libdatrie.so.1.3.5
7f32cae15000-7f32cae16000 r--p 00005000 08:02 292294                     /usr/lib/libdatrie.so.1.3.5
7f32cae16000-7f32cae17000 rw-p 00006000 08:02 292294                     /usr/lib/libdatrie.so.1.3.5
7f32cae17000-7f32cae1c000 r-xp 00000000 08:02 287264                     /usr/lib/libXdmcp.so.6.0.0
7f32cae1c000-7f32cb01b000 ---p 00005000 08:02 287264                     /usr/lib/libXdmcp.so.6.0.0
7f32cb01b000-7f32cb01c000 r--p 00004000 08:02 287264                     /usr/lib/libXdmcp.so.6.0.0
7f32cb01c000-7f32cb01d000 rw-p 00005000 08:02 287264                     /usr/lib/libXdmcp.so.6.0.0
7f32cb01d000-7f32cb01f000 r-xp 00000000 08:02 287275                     /usr/lib/libXau.so.6.0.0
7f32cb01f000-7f32cb21f000 ---p 00002000 08:02 287275                     /usr/lib/libXau.so.6.0.0
7f32cb21f000-7f32cb220000 r--p 00002000 08:02 287275                     /usr/lib/libXau.so.6.0.0
7f32cb220000-7f32cb221000 rw-p 00003000 08:02 287275                     /usr/lib/libXau.so.6.0.0
7f32cb221000-7f32cb24b000 r-xp 00000000 08:02 287187                     /usr/lib/libgraphite2.so.3.0.1
7f32cb24b000-7f32cb44a000 ---p 0002a000 08:02 287187                     /usr/lib/libgraphite2.so.3.0.1
7f32cb44a000-7f32cb44c000 r--p 00029000 08:02 287187                     /usr/lib/libgraphite2.so.3.0.1
7f32cb44c000-7f32cb44d000 rw-p 0002b000 08:02 287187                     /usr/lib/libgraphite2.so.3.0.1
7f32cb44d000-7f32cb497000 r-xp 00000000 08:02 274697                     /usr/lib/libblkid.so.1.1.0
7f32cb497000-7f32cb697000 ---p 0004a000 08:02 274697                     /usr/lib/libblkid.so.1.1.0
7f32cb697000-7f32cb69c000 r--p 0004a000 08:02 274697                     /usr/lib/libblkid.so.1.1.0
7f32cb69c000-7f32cb69d000 rw-p 0004f000 08:02 274697                     /usr/lib/libblkid.so.1.1.0
7f32cb69d000-7f32cb69e000 rw-p 00000000 00:00 0 
7f32cb69e000-7f32cb70c000 r-xp 00000000 08:02 290918                     /usr/lib/libGLdispatch.so.0.0.0
7f32cb70c000-7f32cb90b000 ---p 0006e000 08:02 290918                     /usr/lib/libGLdispatch.so.0.0.0
7f32cb90b000-7f32cb933000 r--p 0006d000 08:02 290918                     /usr/lib/libGLdispatch.so.0.0.0
7f32cb933000-7f32cb934000 rw-p 00095000 08:02 290918                     /usr/lib/libGLdispatch.so.0.0.0
7f32cb934000-7f32cb954000 rw-p 00000000 00:00 0 
7f32cb954000-7f32cb964000 r-xp 00000000 08:02 290921                     /usr/lib/libGLX.so.0.0.0
7f32cb964000-7f32cbb63000 ---p 00010000 08:02 290921                     /usr/lib/libGLX.so.0.0.0
7f32cbb63000-7f32cbb64000 r--p 0000f000 08:02 290921                     /usr/lib/libGLX.so.0.0.0
7f32cbb64000-7f32cbb65000 rw-p 00010000 08:02 290921                     /usr/lib/libGLX.so.0.0.0
7f32cbb65000-7f32cbb85000 rw-p 00000000 00:00 0 
7f32cbb85000-7f32cbbf6000 r-xp 00000000 08:02 277663                     /usr/lib/libpcre.so.1.2.10
7f32cbbf6000-7f32cbdf5000 ---p 00071000 08:02 277663                     /usr/lib/libpcre.so.1.2.10
7f32cbdf5000-7f32cbdf6000 r--p 00070000 08:02 277663                     /usr/lib/libpcre.so.1.2.10
7f32cbdf6000-7f32cbdf7000 rw-p 00071000 08:02 277663                     /usr/lib/libpcre.so.1.2.10
7f32cbdf7000-7f32cbdfe000 r-xp 00000000 08:02 277792                     /usr/lib/libffi.so.6.0.4
7f32cbdfe000-7f32cbffe000 ---p 00007000 08:02 277792                     /usr/lib/libffi.so.6.0.4
7f32cbffe000-7f32cbfff000 r--p 00007000 08:02 277792                     /usr/lib/libffi.so.6.0.4
7f32cbfff000-7f32cc000000 rw-p 00008000 08:02 277792                     /usr/lib/libffi.so.6.0.4
7f32cc000000-7f32cd871000 rw-p 00000000 00:00 0 
7f32cd871000-7f32d0000000 ---p 00000000 00:00 0 
7f32d0007000-7f32d001b000 r--p 00000000 08:02 2236124                    /usr/lib/jvm/java-8-jdk/jre/lib/fonts/LucidaBrightItalic.ttf
7f32d001b000-7f32d002e000 r--p 00000000 08:02 2236122                    /usr/lib/jvm/java-8-jdk/jre/lib/fonts/LucidaBrightDemiBold.ttf
7f32d002e000-7f32d0041000 r--p 00000000 08:02 2236123                    /usr/lib/jvm/java-8-jdk/jre/lib/fonts/LucidaBrightDemiItalic.ttf
7f32d0041000-7f32d0182000 rw-s 00000000 08:03 40110225                   /home/roger/.cache/mesa_shader_cache/index
7f32d0182000-7f32d0188000 r-xp 00000000 08:02 305097                     /usr/lib/libuuid.so.1.3.0
7f32d0188000-7f32d0387000 ---p 00006000 08:02 305097                     /usr/lib/libuuid.so.1.3.0
7f32d0387000-7f32d0388000 r--p 00005000 08:02 305097                     /usr/lib/libuuid.so.1.3.0
7f32d0388000-7f32d0389000 rw-p 00006000 08:02 305097                     /usr/lib/libuuid.so.1.3.0
7f32d0389000-7f32d03b8000 r-xp 00000000 08:02 274746                     /usr/lib/libexpat.so.1.6.7
7f32d03b8000-7f32d05b8000 ---p 0002f000 08:02 274746                     /usr/lib/libexpat.so.1.6.7
7f32d05b8000-7f32d05ba000 r--p 0002f000 08:02 274746                     /usr/lib/libexpat.so.1.6.7
7f32d05ba000-7f32d05bb000 rw-p 00031000 08:02 274746                     /usr/lib/libexpat.so.1.6.7
7f32d05bb000-7f32d05ca000 r-xp 00000000 08:02 268848                     /usr/lib/libbz2.so.1.0.6
7f32d05ca000-7f32d07c9000 ---p 0000f000 08:02 268848                     /usr/lib/libbz2.so.1.0.6
7f32d07c9000-7f32d07ca000 r--p 0000e000 08:02 268848                     /usr/lib/libbz2.so.1.0.6
7f32d07ca000-7f32d07cb000 rw-p 0000f000 08:02 268848                     /usr/lib/libbz2.so.1.0.6
7f32d07cb000-7f32d07e6000 r-xp 00000000 08:02 292303                     /usr/lib/libfribidi.so.0.4.0
7f32d07e6000-7f32d09e5000 ---p 0001b000 08:02 292303                     /usr/lib/libfribidi.so.0.4.0
7f32d09e5000-7f32d09e6000 r--p 0001a000 08:02 292303                     /usr/lib/libfribidi.so.0.4.0
7f32d09e6000-7f32d09e7000 rw-p 0001b000 08:02 292303                     /usr/lib/libfribidi.so.0.4.0
7f32d09e7000-7f32d09ef000 r-xp 00000000 08:02 292298                     /usr/lib/libthai.so.0.3.0
7f32d09ef000-7f32d0bef000 ---p 00008000 08:02 292298                     /usr/lib/libthai.so.0.3.0
7f32d0bef000-7f32d0bf0000 r--p 00008000 08:02 292298                     /usr/lib/libthai.so.0.3.0
7f32d0bf0000-7f32d0bf1000 rw-p 00009000 08:02 292298                     /usr/lib/libthai.so.0.3.0
7f32d0bf1000-7f32d0bfd000 r-xp 00000000 08:02 289573                     /usr/lib/libxcb-render.so.0.0.0
7f32d0bfd000-7f32d0dfd000 ---p 0000c000 08:02 289573                     /usr/lib/libxcb-render.so.0.0.0
7f32d0dfd000-7f32d0dfe000 r--p 0000c000 08:02 289573                     /usr/lib/libxcb-render.so.0.0.0
7f32d0dfe000-7f32d0dff000 rw-p 0000d000 08:02 289573                     /usr/lib/libxcb-render.so.0.0.0
7f32d0dff000-7f32d0e26000 r-xp 00000000 08:02 289562                     /usr/lib/libxcb.so.1.1.0
7f32d0e26000-7f32d1026000 ---p 00027000 08:02 289562                     /usr/lib/libxcb.so.1.1.0
7f32d1026000-7f32d1027000 r--p 00027000 08:02 289562                     /usr/lib/libxcb.so.1.1.0
7f32d1027000-7f32d1028000 rw-p 00028000 08:02 289562                     /usr/lib/libxcb.so.1.1.0
7f32d1028000-7f32d102a000 r-xp 00000000 08:02 289601                     /usr/lib/libxcb-shm.so.0.0.0
7f32d102a000-7f32d122a000 ---p 00002000 08:02 289601                     /usr/lib/libxcb-shm.so.0.0.0
7f32d122a000-7f32d122b000 r--p 00002000 08:02 289601                     /usr/lib/libxcb-shm.so.0.0.0
7f32d122b000-7f32d122c000 rw-p 00003000 08:02 289601                     /usr/lib/libxcb-shm.so.0.0.0
7f32d122c000-7f32d1261000 r-xp 00000000 08:02 287180                     /usr/lib/libpng16.so.16.34.0
7f32d1261000-7f32d1460000 ---p 00035000 08:02 287180                     /usr/lib/libpng16.so.16.34.0
7f32d1460000-7f32d1461000 r--p 00034000 08:02 287180                     /usr/lib/libpng16.so.16.34.0
7f32d1461000-7f32d1462000 rw-p 00035000 08:02 287180                     /usr/lib/libpng16.so.16.34.0
7f32d1462000-7f32d1501000 r-xp 00000000 08:02 287221                     /usr/lib/libpixman-1.so.0.34.0
7f32d1501000-7f32d1701000 ---p 0009f000 08:02 287221                     /usr/lib/libpixman-1.so.0.34.0
7f32d1701000-7f32d1709000 r--p 0009f000 08:02 287221                     /usr/lib/libpixman-1.so.0.34.0
7f32d1709000-7f32d170a000 rw-p 000a7000 08:02 287221                     /usr/lib/libpixman-1.so.0.34.0
7f32d170a000-7f32d17b4000 r-xp 00000000 08:02 287206                     /usr/lib/libharfbuzz.so.0.10800.4
7f32d17b4000-7f32d19b4000 ---p 000aa000 08:02 287206                     /usr/lib/libharfbuzz.so.0.10800.4
7f32d19b4000-7f32d19b5000 r--p 000aa000 08:02 287206                     /usr/lib/libharfbuzz.so.0.10800.4
7f32d19b5000-7f32d19b6000 rw-p 000ab000 08:02 287206                     /usr/lib/libharfbuzz.so.0.10800.4
7f32d19b6000-7f32d1a0b000 r-xp 00000000 08:02 274703                     /usr/lib/libmount.so.1.1.0
7f32d1a0b000-7f32d1c0a000 ---p 00055000 08:02 274703                     /usr/lib/libmount.so.1.1.0
7f32d1c0a000-7f32d1c0d000 r--p 00054000 08:02 274703                     /usr/lib/libmount.so.1.1.0
7f32d1c0d000-7f32d1c0e000 rw-p 00057000 08:02 274703                     /usr/lib/libmount.so.1.1.0
7f32d1c0e000-7f32d1c0f000 rw-p 00000000 00:00 0 
7f32d1c0f000-7f32d1c22000 r-xp 00000000 08:02 264337                     /usr/lib/libresolv-2.27.so
7f32d1c22000-7f32d1e22000 ---p 00013000 08:02 264337                     /usr/lib/libresolv-2.27.so
7f32d1e22000-7f32d1e23000 r--p 00013000 08:02 264337                     /usr/lib/libresolv-2.27.so
7f32d1e23000-7f32d1e24000 rw-p 00014000 08:02 264337                     /usr/lib/libresolv-2.27.so
7f32d1e24000-7f32d1e26000 rw-p 00000000 00:00 0 
7f32d1e26000-7f32d1e3c000 r-xp 00000000 08:02 275014                     /usr/lib/libz.so.1.2.11
7f32d1e3c000-7f32d203b000 ---p 00016000 08:02 275014                     /usr/lib/libz.so.1.2.11
7f32d203b000-7f32d203c000 r--p 00015000 08:02 275014                     /usr/lib/libz.so.1.2.11
7f32d203c000-7f32d203d000 rw-p 00016000 08:02 275014                     /usr/lib/libz.so.1.2.11
7f32d203d000-7f32d204e000 r-xp 00000000 08:02 290543                     /usr/lib/libXext.so.6.4.0
7f32d204e000-7f32d224d000 ---p 00011000 08:02 290543                     /usr/lib/libXext.so.6.4.0
7f32d224d000-7f32d224e000 r--p 00010000 08:02 290543                     /usr/lib/libXext.so.6.4.0
7f32d224e000-7f32d224f000 rw-p 00011000 08:02 290543                     /usr/lib/libXext.so.6.4.0
7f32d224f000-7f32d2251000 r-xp 00000000 08:02 290774                     /usr/lib/libXdamage.so.1.1.0
7f32d2251000-7f32d2450000 ---p 00002000 08:02 290774                     /usr/lib/libXdamage.so.1.1.0
7f32d2450000-7f32d2451000 r--p 00001000 08:02 290774                     /usr/lib/libXdamage.so.1.1.0
7f32d2451000-7f32d2452000 rw-p 00002000 08:02 290774                     /usr/lib/libXdamage.so.1.1.0
7f32d2452000-7f32d2454000 r-xp 00000000 08:02 291852                     /usr/lib/libXcomposite.so.1.0.0
7f32d2454000-7f32d2653000 ---p 00002000 08:02 291852                     /usr/lib/libXcomposite.so.1.0.0
7f32d2653000-7f32d2654000 r--p 00001000 08:02 291852                     /usr/lib/libXcomposite.so.1.0.0
7f32d2654000-7f32d2655000 rw-p 00002000 08:02 291852                     /usr/lib/libXcomposite.so.1.0.0
7f32d2655000-7f32d265e000 r-xp 00000000 08:02 291804                     /usr/lib/libXcursor.so.1.0.2
7f32d265e000-7f32d285d000 ---p 00009000 08:02 291804                     /usr/lib/libXcursor.so.1.0.2
7f32d285d000-7f32d285e000 r--p 00008000 08:02 291804                     /usr/lib/libXcursor.so.1.0.2
7f32d285e000-7f32d285f000 rw-p 00009000 08:02 291804                     /usr/lib/libXcursor.so.1.0.2
7f32d285f000-7f32d2869000 r-xp 00000000 08:02 291879                     /usr/lib/libXrandr.so.2.2.0
7f32d2869000-7f32d2a68000 ---p 0000a000 08:02 291879                     /usr/lib/libXrandr.so.2.2.0
7f32d2a68000-7f32d2a69000 r--p 00009000 08:02 291879                     /usr/lib/libXrandr.so.2.2.0
7f32d2a69000-7f32d2a6a000 rw-p 0000a000 08:02 291879                     /usr/lib/libXrandr.so.2.2.0
7f32d2a6a000-7f32d2a79000 r-xp 00000000 08:02 291337                     /usr/lib/libXi.so.6.1.0
7f32d2a79000-7f32d2c79000 ---p 0000f000 08:02 291337                     /usr/lib/libXi.so.6.1.0
7f32d2c79000-7f32d2c7a000 r--p 0000f000 08:02 291337                     /usr/lib/libXi.so.6.1.0
7f32d2c7a000-7f32d2c7b000 rw-p 00010000 08:02 291337                     /usr/lib/libXi.so.6.1.0
7f32d2c7b000-7f32d2c7d000 r-xp 00000000 08:02 291869                     /usr/lib/libXinerama.so.1.0.0
7f32d2c7d000-7f32d2e7c000 ---p 00002000 08:02 291869                     /usr/lib/libXinerama.so.1.0.0
7f32d2e7c000-7f32d2e7d000 r--p 00001000 08:02 291869                     /usr/lib/libXinerama.so.1.0.0
7f32d2e7d000-7f32d2e7e000 rw-p 00002000 08:02 291869                     /usr/lib/libXinerama.so.1.0.0
7f32d2e7e000-7f32d2e87000 r-xp 00000000 08:02 291645                     /usr/lib/libXrender.so.1.3.0
7f32d2e87000-7f32d3087000 ---p 00009000 08:02 291645                     /usr/lib/libXrender.so.1.3.0
7f32d3087000-7f32d3088000 r--p 00009000 08:02 291645                     /usr/lib/libXrender.so.1.3.0
7f32d3088000-7f32d3089000 rw-p 0000a000 08:02 291645                     /usr/lib/libXrender.so.1.3.0
7f32d3089000-7f32d308e000 r-xp 00000000 08:02 290769                     /usr/lib/libXfixes.so.3.1.0
7f32d308e000-7f32d328d000 ---p 00005000 08:02 290769                     /usr/lib/libXfixes.so.3.1.0
7f32d328d000-7f32d328e000 r--p 00004000 08:02 290769                     /usr/lib/libXfixes.so.3.1.0
7f32d328e000-7f32d328f000 rw-p 00005000 08:02 290769                     /usr/lib/libXfixes.so.3.1.0
7f32d328f000-7f32d32a6000 r-xp 00000000 08:02 265862                     /usr/lib/libgcc_s.so.1
7f32d32a6000-7f32d34a5000 ---p 00017000 08:02 265862                     /usr/lib/libgcc_s.so.1
7f32d34a5000-7f32d34a6000 r--p 00016000 08:02 265862                     /usr/lib/libgcc_s.so.1
7f32d34a6000-7f32d34a7000 rw-p 00017000 08:02 265862                     /usr/lib/libgcc_s.so.1
7f32d34a7000-7f32d3620000 r-xp 00000000 08:02 265892                     /usr/lib/libstdc++.so.6.0.25
7f32d3620000-7f32d3820000 ---p 00179000 08:02 265892                     /usr/lib/libstdc++.so.6.0.25
7f32d3820000-7f32d382c000 r--p 00179000 08:02 265892                     /usr/lib/libstdc++.so.6.0.25
7f32d382c000-7f32d382d000 rw-p 00185000 08:02 265892                     /usr/lib/libstdc++.so.6.0.25
7f32d382d000-7f32d3830000 rw-p 00000000 00:00 0 
7f32d3830000-7f32d38a0000 r-xp 00000000 08:02 290922                     /usr/lib/libGL.so.1.0.0
7f32d38a0000-7f32d3a9f000 ---p 00070000 08:02 290922                     /usr/lib/libGL.so.1.0.0
7f32d3a9f000-7f32d3ab9000 r--p 0006f000 08:02 290922                     /usr/lib/libGL.so.1.0.0
7f32d3ab9000-7f32d3aba000 rw-p 00089000 08:02 290922                     /usr/lib/libGL.so.1.0.0
7f32d3aba000-7f32d3abb000 rw-p 00000000 00:00 0 
7f32d3abb000-7f32d3abf000 r-xp 00000000 08:02 290744                     /usr/lib/libXxf86vm.so.1.0.0
7f32d3abf000-7f32d3cbf000 ---p 00004000 08:02 290744                     /usr/lib/libXxf86vm.so.1.0.0
7f32d3cbf000-7f32d3cc0000 r--p 00004000 08:02 290744                     /usr/lib/libXxf86vm.so.1.0.0
7f32d3cc0000-7f32d3cc1000 rw-p 00005000 08:02 290744                     /usr/lib/libXxf86vm.so.1.0.0
7f32d3cc1000-7f32d3dfa000 r-xp 00000000 08:02 290469                     /usr/lib/libX11.so.6.3.0
7f32d3dfa000-7f32d3ffa000 ---p 00139000 08:02 290469                     /usr/lib/libX11.so.6.3.0
7f32d3ffa000-7f32d3ffb000 r--p 00139000 08:02 290469                     /usr/lib/libX11.so.6.3.0
7f32d3ffb000-7f32d4000000 rw-p 0013a000 08:02 290469                     /usr/lib/libX11.so.6.3.0
7f32d4000000-7f32d4021000 rw-p 00000000 00:00 0 
7f32d4021000-7f32d8000000 ---p 00000000 00:00 0 
7f32d8000000-7f32d8021000 rw-p 00000000 00:00 0 
7f32d8021000-7f32dc000000 ---p 00000000 00:00 0 
7f32dc000000-7f32dc10f000 rw-p 00000000 00:00 0 
7f32dc10f000-7f32e0000000 ---p 00000000 00:00 0 
7f32e0000000-7f32e0296000 rw-p 00000000 00:00 0 
7f32e0296000-7f32e4000000 ---p 00000000 00:00 0 
7f32e4000000-7f32e4021000 rw-p 00000000 00:00 0 
7f32e4021000-7f32e8000000 ---p 00000000 00:00 0 
7f32e8000000-7f32e81f3000 rw-p 00000000 00:00 0 
7f32e81f3000-7f32ec000000 ---p 00000000 00:00 0 
7f32ec000000-7f32ec021000 rw-p 00000000 00:00 0 
7f32ec021000-7f32f0000000 ---p 00000000 00:00 0 
7f32f0000000-7f32f0021000 rw-p 00000000 00:00 0 
7f32f0021000-7f32f4000000 ---p 00000000 00:00 0 
7f32f4000000-7f32f4021000 rw-p 00000000 00:00 0 
7f32f4021000-7f32f8000000 ---p 00000000 00:00 0 
7f32f8004000-7f32f8012000 r--s 00000000 08:02 1576009                    /var/cache/fontconfig/2f37f582-738b-4416-8d88-aa196edf8283-le64.cache-7
7f32f8012000-7f32f8015000 ---p 00000000 00:00 0 
7f32f8015000-7f32f8113000 rw-p 00000000 00:00 0 
7f32f8113000-7f32f8118000 r-xp 00000000 08:02 291810                     /usr/lib/libXtst.so.6.1.0
7f32f8118000-7f32f8317000 ---p 00005000 08:02 291810                     /usr/lib/libXtst.so.6.1.0
7f32f8317000-7f32f8318000 r--p 00004000 08:02 291810                     /usr/lib/libXtst.so.6.1.0
7f32f8318000-7f32f8319000 rw-p 00005000 08:02 291810                     /usr/lib/libXtst.so.6.1.0
7f32f8319000-7f32f842e000 r-xp 00000000 08:02 277865                     /usr/lib/libglib-2.0.so.0.5600.1
7f32f842e000-7f32f862d000 ---p 00115000 08:02 277865                     /usr/lib/libglib-2.0.so.0.5600.1
7f32f862d000-7f32f862e000 r--p 00114000 08:02 277865                     /usr/lib/libglib-2.0.so.0.5600.1
7f32f862e000-7f32f862f000 rw-p 00115000 08:02 277865                     /usr/lib/libglib-2.0.so.0.5600.1
7f32f862f000-7f32f8630000 rw-p 00000000 00:00 0 
7f32f8630000-7f32f8631000 r-xp 00000000 08:02 277867                     /usr/lib/libgthread-2.0.so.0.5600.1
7f32f8631000-7f32f8830000 ---p 00001000 08:02 277867                     /usr/lib/libgthread-2.0.so.0.5600.1
7f32f8830000-7f32f8831000 r--p 00000000 08:02 277867                     /usr/lib/libgthread-2.0.so.0.5600.1
7f32f8831000-7f32f8832000 rw-p 00001000 08:02 277867                     /usr/lib/libgthread-2.0.so.0.5600.1
7f32f8832000-7f32f8835000 r-xp 00000000 08:02 277866                     /usr/lib/libgmodule-2.0.so.0.5600.1
7f32f8835000-7f32f8a34000 ---p 00003000 08:02 277866                     /usr/lib/libgmodule-2.0.so.0.5600.1
7f32f8a34000-7f32f8a35000 r--p 00002000 08:02 277866                     /usr/lib/libgmodule-2.0.so.0.5600.1
7f32f8a35000-7f32f8a36000 rw-p 00003000 08:02 277866                     /usr/lib/libgmodule-2.0.so.0.5600.1
7f32f8a36000-7f32f8a88000 r-xp 00000000 08:02 277868                     /usr/lib/libgobject-2.0.so.0.5600.1
7f32f8a88000-7f32f8c88000 ---p 00052000 08:02 277868                     /usr/lib/libgobject-2.0.so.0.5600.1
7f32f8c88000-7f32f8c89000 r--p 00052000 08:02 277868                     /usr/lib/libgobject-2.0.so.0.5600.1
7f32f8c89000-7f32f8c8a000 rw-p 00053000 08:02 277868                     /usr/lib/libgobject-2.0.so.0.5600.1
7f32f8c8a000-7f32f8cca000 r-xp 00000000 08:02 291022                     /usr/lib/libfontconfig.so.1.11.1
7f32f8cca000-7f32f8eca000 ---p 00040000 08:02 291022                     /usr/lib/libfontconfig.so.1.11.1
7f32f8eca000-7f32f8ecc000 r--p 00040000 08:02 291022                     /usr/lib/libfontconfig.so.1.11.1
7f32f8ecc000-7f32f8ecd000 rw-p 00042000 08:02 291022                     /usr/lib/libfontconfig.so.1.11.1
7f32f8ecd000-7f32f8f8e000 r-xp 00000000 08:02 287208                     /usr/lib/libfreetype.so.6.16.1
7f32f8f8e000-7f32f918e000 ---p 000c1000 08:02 287208                     /usr/lib/libfreetype.so.6.16.1
7f32f918e000-7f32f9195000 r--p 000c1000 08:02 287208                     /usr/lib/libfreetype.so.6.16.1
7f32f9195000-7f32f9196000 rw-p 000c8000 08:02 287208                     /usr/lib/libfreetype.so.6.16.1
7f32f9196000-7f32f91da000 r-xp 00000000 08:02 292319                     /usr/lib/libpango-1.0.so.0.4200.3
7f32f91da000-7f32f93d9000 ---p 00044000 08:02 292319                     /usr/lib/libpango-1.0.so.0.4200.3
7f32f93d9000-7f32f93dc000 r--p 00043000 08:02 292319                     /usr/lib/libpango-1.0.so.0.4200.3
7f32f93dc000-7f32f93dd000 rw-p 00046000 08:02 292319                     /usr/lib/libpango-1.0.so.0.4200.3
7f32f93dd000-7f32f94fa000 r-xp 00000000 08:02 292256                     /usr/lib/libcairo.so.2.11512.0
7f32f94fa000-7f32f96fa000 ---p 0011d000 08:02 292256                     /usr/lib/libcairo.so.2.11512.0
7f32f96fa000-7f32f96fe000 r--p 0011d000 08:02 292256                     /usr/lib/libcairo.so.2.11512.0
7f32f96fe000-7f32f96ff000 rw-p 00121000 08:02 292256                     /usr/lib/libcairo.so.2.11512.0
7f32f96ff000-7f32f9700000 rw-p 00000000 00:00 0 
7f32f9700000-7f32f970c000 r-xp 00000000 08:02 292323                     /usr/lib/libpangocairo-1.0.so.0.4200.3
7f32f970c000-7f32f990b000 ---p 0000c000 08:02 292323                     /usr/lib/libpangocairo-1.0.so.0.4200.3
7f32f990b000-7f32f990c000 r--p 0000b000 08:02 292323                     /usr/lib/libpangocairo-1.0.so.0.4200.3
7f32f990c000-7f32f990d000 rw-p 0000c000 08:02 292323                     /usr/lib/libpangocairo-1.0.so.0.4200.3
7f32f990d000-7f32f9930000 r-xp 00000000 08:02 292151                     /usr/lib/libgdk_pixbuf-2.0.so.0.3600.12
7f32f9930000-7f32f9b2f000 ---p 00023000 08:02 292151                     /usr/lib/libgdk_pixbuf-2.0.so.0.3600.12
7f32f9b2f000-7f32f9b30000 r--p 00022000 08:02 292151                     /usr/lib/libgdk_pixbuf-2.0.so.0.3600.12
7f32f9b30000-7f32f9b31000 rw-p 00023000 08:02 292151                     /usr/lib/libgdk_pixbuf-2.0.so.0.3600.12
7f32f9b31000-7f32f9b44000 r-xp 00000000 08:02 292327                     /usr/lib/libpangoft2-1.0.so.0.4200.3
7f32f9b44000-7f32f9d44000 ---p 00013000 08:02 292327                     /usr/lib/libpangoft2-1.0.so.0.4200.3
7f32f9d44000-7f32f9d45000 r--p 00013000 08:02 292327                     /usr/lib/libpangoft2-1.0.so.0.4200.3
7f32f9d45000-7f32f9d46000 rw-p 00014000 08:02 292327                     /usr/lib/libpangoft2-1.0.so.0.4200.3
7f32f9d46000-7f32f9edd000 r-xp 00000000 08:02 277869                     /usr/lib/libgio-2.0.so.0.5600.1
7f32f9edd000-7f32fa0dc000 ---p 00197000 08:02 277869                     /usr/lib/libgio-2.0.so.0.5600.1
7f32fa0dc000-7f32fa0e3000 r--p 00196000 08:02 277869                     /usr/lib/libgio-2.0.so.0.5600.1
7f32fa0e3000-7f32fa0e4000 rw-p 0019d000 08:02 277869                     /usr/lib/libgio-2.0.so.0.5600.1
7f32fa0e4000-7f32fa0e6000 rw-p 00000000 00:00 0 
7f32fa0e6000-7f32fa109000 r-xp 00000000 08:02 292206                     /usr/lib/libatk-1.0.so.0.22810.1
7f32fa109000-7f32fa308000 ---p 00023000 08:02 292206                     /usr/lib/libatk-1.0.so.0.22810.1
7f32fa308000-7f32fa30b000 r--p 00022000 08:02 292206                     /usr/lib/libatk-1.0.so.0.22810.1
7f32fa30b000-7f32fa30c000 rw-p 00025000 08:02 292206                     /usr/lib/libatk-1.0.so.0.22810.1
7f32fa30c000-7f32fa3ba000 r-xp 00000000 08:02 294172                     /usr/lib/libgdk-x11-2.0.so.0.2400.32
7f32fa3ba000-7f32fa5ba000 ---p 000ae000 08:02 294172                     /usr/lib/libgdk-x11-2.0.so.0.2400.32
7f32fa5ba000-7f32fa5bf000 r--p 000ae000 08:02 294172                     /usr/lib/libgdk-x11-2.0.so.0.2400.32
7f32fa5bf000-7f32fa5c0000 rw-p 000b3000 08:02 294172                     /usr/lib/libgdk-x11-2.0.so.0.2400.32
7f32fa5c0000-7f32fa9f0000 r-xp 00000000 08:02 294173                     /usr/lib/libgtk-x11-2.0.so.0.2400.32
7f32fa9f0000-7f32fabf0000 ---p 00430000 08:02 294173                     /usr/lib/libgtk-x11-2.0.so.0.2400.32
7f32fabf0000-7f32fabfa000 r--p 00430000 08:02 294173                     /usr/lib/libgtk-x11-2.0.so.0.2400.32
7f32fabfa000-7f32fabfb000 rw-p 0043a000 08:02 294173                     /usr/lib/libgtk-x11-2.0.so.0.2400.32
7f32fabfb000-7f32fabfd000 rw-p 00000000 00:00 0 
7f32fabfd000-7f32fac09000 r-xp 00000000 08:02 1980933                    /usr/lib/jvm/java-8-jdk/jre/lib/amd64/libprism_es2.so
7f32fac09000-7f32fae08000 ---p 0000c000 08:02 1980933                    /usr/lib/jvm/java-8-jdk/jre/lib/amd64/libprism_es2.so
7f32fae08000-7f32fae09000 rw-p 0000b000 08:02 1980933                    /usr/lib/jvm/java-8-jdk/jre/lib/amd64/libprism_es2.so
7f32fae09000-7f32fae0c000 ---p 00000000 00:00 0 
7f32fae0c000-7f32faf0a000 rw-p 00000000 00:00 0 
7f32faf0a000-7f32faf0b000 ---p 00000000 00:00 0 
7f32faf0b000-7f32fb00b000 rw-p 00000000 00:00 0 
7f32fb00b000-7f32fb00e000 ---p 00000000 00:00 0 
7f32fb00e000-7f32fb10c000 rw-p 00000000 00:00 0 
7f32fb10c000-7f32fb10d000 ---p 00000000 00:00 0 
7f32fb10d000-7f32fb110000 ---p 00000000 00:00 0 
7f32fb110000-7f32fb20d000 rw-p 00000000 00:00 0 
7f32fb20d000-7f32fb20e000 ---p 00000000 00:00 0 
7f32fb20e000-7f32fb211000 ---p 00000000 00:00 0 
7f32fb211000-7f32fb30e000 rw-p 00000000 00:00 0 
7f32fb30e000-7f32fb30f000 ---p 00000000 00:00 0 
7f32fb30f000-7f32fb312000 ---p 00000000 00:00 0 
7f32fb312000-7f32fb40f000 rw-p 00000000 00:00 0 
7f32fb40f000-7f32fb412000 ---p 00000000 00:00 0 
7f32fb412000-7f32fb510000 rw-p 00000000 00:00 0 
7f32fb510000-7f32fb6f7000 r--p 00000000 08:02 286836                     /usr/lib/locale/locale-archive
7f32fb6f7000-7f32fb6fa000 ---p 00000000 00:00 0 
7f32fb6fa000-7f32fb7f8000 rw-p 00000000 00:00 0 
7f32fb7f8000-7f32fb7fb000 ---p 00000000 00:00 0 
7f32fb7fb000-7f32fb8f9000 rw-p 00000000 00:00 0 
7f32fb8f9000-7f32fb8fa000 ---p 00000000 00:00 0 
7f32fb8fa000-7f32fc000000 rw-p 00000000 00:00 0 
7f32fc000000-7f32fc296000 rw-p 00000000 00:00 0 
7f32fc296000-7f3300000000 ---p 00000000 00:00 0 
7f3300000000-7f3300021000 rw-p 00000000 00:00 0 
7f3300021000-7f3304000000 ---p 00000000 00:00 0 
7f3304000000-7f3304021000 rw-p 00000000 00:00 0 
7f3304021000-7f3308000000 ---p 00000000 00:00 0 
7f3308000000-7f3308021000 rw-p 00000000 00:00 0 
7f3308021000-7f330c000000 ---p 00000000 00:00 0 
7f330c001000-7f330c004000 r--s 0001a000 08:02 1852962                    /usr/lib/jvm/java-8-jdk/jre/lib/jce.jar
7f330c004000-7f330c007000 r--s 00000000 08:02 1577520                    /var/cache/fontconfig/0801bb99-fa39-4a1f-96d0-9404a2b4b715-le64.cache-7
7f330c007000-7f330c030000 r--p 00000000 00:2d 125698                     /tmp/+JXF1264645989367532579.tmp
7f330c030000-7f330c035000 r--s 0009d000 08:02 1852969                    /usr/lib/jvm/java-8-jdk/jre/lib/jsse.jar
7f330c035000-7f330c064000 r--s 002e5000 08:03 51642429                   /home/roger/NetBeansProjects/SalesAssistant/dist/run425736247/lib/derby.jar
7f330c064000-7f330c0f9000 r--s 0110e000 08:02 2236113                    /usr/lib/jvm/java-8-jdk/jre/lib/ext/jfxrt.jar
7f330c0f9000-7f330d000000 rw-p 00000000 00:00 0 
7f330d000000-7f330d450000 rwxp 00000000 00:00 0 
7f330d450000-7f331c000000 ---p 00000000 00:00 0 
7f331c000000-7f331c557000 rw-p 00000000 00:00 0 
7f331c557000-7f3320000000 ---p 00000000 00:00 0 
7f3320000000-7f3320003000 r--s 00000000 08:02 1573408                    /var/cache/fontconfig/9c2147df-fa3c-48b5-a753-85b74b37770d-le64.cache-7
7f3320003000-7f332001a000 r--s 00272000 08:03 51642435                   /home/roger/NetBeansProjects/SalesAssistant/dist/run425736247/lib/jfoenix-8.0.5.jar
7f332001a000-7f332001c000 r--s 00008000 08:03 51642434                   /home/roger/NetBeansProjects/SalesAssistant/dist/run425736247/lib/fontawesomefx-octicons-4.3.0-5.jar
7f332001c000-7f332021e000 rw-p 00000000 00:00 0 
7f332021e000-7f33203f8000 r--s 03d6b000 08:02 1852979                    /usr/lib/jvm/java-8-jdk/jre/lib/rt.jar
7f33203f8000-7f33224a3000 rw-p 00000000 00:00 0 
7f33224a3000-7f33224a4000 ---p 00000000 00:00 0 
7f33224a4000-7f33225a4000 rw-p 00000000 00:00 0 
7f33225a4000-7f33225a5000 ---p 00000000 00:00 0 
7f33225a5000-7f33226a5000 rw-p 00000000 00:00 0 
7f33226a5000-7f33226a6000 ---p 00000000 00:00 0 
7f33226a6000-7f33227a6000 rw-p 00000000 00:00 0 
7f33227a6000-7f33227a7000 ---p 00000000 00:00 0 
7f33227a7000-7f33228bc000 rw-p 00000000 00:00 0 
7f33228bc000-7f33229eb000 ---p 00000000 00:00 0 
7f33229eb000-7f3322a00000 rw-p 00000000 00:00 0 
7f3322a00000-7f3322b2e000 ---p 00000000 00:00 0 
7f3322b2e000-7f3322b50000 rw-p 00000000 00:00 0 
7f3322b50000-7f3322bd0000 ---p 00000000 00:00 0 
7f3322bd0000-7f3322be3000 rw-p 00000000 00:00 0 
7f3322be3000-7f3322f91000 ---p 00000000 00:00 0 
7f3322f91000-7f3322fac000 r-xp 00000000 08:02 1980943                    /usr/lib/jvm/java-8-jdk/jre/lib/amd64/libzip.so
7f3322fac000-7f33231ac000 ---p 0001b000 08:02 1980943                    /usr/lib/jvm/java-8-jdk/jre/lib/amd64/libzip.so
7f33231ac000-7f33231ad000 rw-p 0001b000 08:02 1980943                    /usr/lib/jvm/java-8-jdk/jre/lib/amd64/libzip.so
7f33231ad000-7f33231b8000 r-xp 00000000 08:02 264340                     /usr/lib/libnss_files-2.27.so
7f33231b8000-7f33233b7000 ---p 0000b000 08:02 264340                     /usr/lib/libnss_files-2.27.so
7f33233b7000-7f33233b8000 r--p 0000a000 08:02 264340                     /usr/lib/libnss_files-2.27.so
7f33233b8000-7f33233b9000 rw-p 0000b000 08:02 264340                     /usr/lib/libnss_files-2.27.so
7f33233b9000-7f33233bf000 rw-p 00000000 00:00 0 
7f33233bf000-7f33233ea000 r-xp 00000000 08:02 1980907                    /usr/lib/jvm/java-8-jdk/jre/lib/amd64/libjava.so
7f33233ea000-7f33235e9000 ---p 0002b000 08:02 1980907                    /usr/lib/jvm/java-8-jdk/jre/lib/amd64/libjava.so
7f33235e9000-7f33235eb000 rw-p 0002a000 08:02 1980907                    /usr/lib/jvm/java-8-jdk/jre/lib/amd64/libjava.so
7f33235eb000-7f33235f8000 r-xp 00000000 08:02 1980942                    /usr/lib/jvm/java-8-jdk/jre/lib/amd64/libverify.so
7f33235f8000-7f33237f8000 ---p 0000d000 08:02 1980942                    /usr/lib/jvm/java-8-jdk/jre/lib/amd64/libverify.so
7f33237f8000-7f33237fa000 rw-p 0000d000 08:02 1980942                    /usr/lib/jvm/java-8-jdk/jre/lib/amd64/libverify.so
7f33237fa000-7f3323801000 r-xp 00000000 08:02 264335                     /usr/lib/librt-2.27.so
7f3323801000-7f3323a00000 ---p 00007000 08:02 264335                     /usr/lib/librt-2.27.so
7f3323a00000-7f3323a01000 r--p 00006000 08:02 264335                     /usr/lib/librt-2.27.so
7f3323a01000-7f3323a02000 rw-p 00007000 08:02 264335                     /usr/lib/librt-2.27.so
7f3323a02000-7f3323b95000 r-xp 00000000 08:02 264332                     /usr/lib/libm-2.27.so
7f3323b95000-7f3323d95000 ---p 00193000 08:02 264332                     /usr/lib/libm-2.27.so
7f3323d95000-7f3323d96000 r--p 00193000 08:02 264332                     /usr/lib/libm-2.27.so
7f3323d96000-7f3323d97000 rw-p 00194000 08:02 264332                     /usr/lib/libm-2.27.so
7f3323d97000-7f3324a73000 r-xp 00000000 08:02 1980947                    /usr/lib/jvm/java-8-jdk/jre/lib/amd64/server/libjvm.so
7f3324a73000-7f3324c73000 ---p 00cdc000 08:02 1980947                    /usr/lib/jvm/java-8-jdk/jre/lib/amd64/server/libjvm.so
7f3324c73000-7f3324d4d000 rw-p 00cdc000 08:02 1980947                    /usr/lib/jvm/java-8-jdk/jre/lib/amd64/server/libjvm.so
7f3324d4d000-7f3324d98000 rw-p 00000000 00:00 0 
7f3324d98000-7f3324f4b000 r-xp 00000000 08:02 264385                     /usr/lib/libc-2.27.so
7f3324f4b000-7f332514a000 ---p 001b3000 08:02 264385                     /usr/lib/libc-2.27.so
7f332514a000-7f332514e000 r--p 001b2000 08:02 264385                     /usr/lib/libc-2.27.so
7f332514e000-7f3325150000 rw-p 001b6000 08:02 264385                     /usr/lib/libc-2.27.so
7f3325150000-7f3325154000 rw-p 00000000 00:00 0 
7f3325154000-7f3325157000 r-xp 00000000 08:02 264333                     /usr/lib/libdl-2.27.so
7f3325157000-7f3325356000 ---p 00003000 08:02 264333                     /usr/lib/libdl-2.27.so
7f3325356000-7f3325357000 r--p 00002000 08:02 264333                     /usr/lib/libdl-2.27.so
7f3325357000-7f3325358000 rw-p 00003000 08:02 264333                     /usr/lib/libdl-2.27.so
7f3325358000-7f332536e000 r-xp 00000000 08:02 1980879                    /usr/lib/jvm/java-8-jdk/jre/lib/amd64/jli/libjli.so
7f332536e000-7f332556d000 ---p 00016000 08:02 1980879                    /usr/lib/jvm/java-8-jdk/jre/lib/amd64/jli/libjli.so
7f332556d000-7f332556e000 rw-p 00015000 08:02 1980879                    /usr/lib/jvm/java-8-jdk/jre/lib/amd64/jli/libjli.so
7f332556e000-7f3325587000 r-xp 00000000 08:02 264403                     /usr/lib/libpthread-2.27.so
7f3325587000-7f3325786000 ---p 00019000 08:02 264403                     /usr/lib/libpthread-2.27.so
7f3325786000-7f3325787000 r--p 00018000 08:02 264403                     /usr/lib/libpthread-2.27.so
7f3325787000-7f3325788000 rw-p 00019000 08:02 264403                     /usr/lib/libpthread-2.27.so
7f3325788000-7f332578c000 rw-p 00000000 00:00 0 
7f332578c000-7f33257b1000 r-xp 00000000 08:02 264386                     /usr/lib/ld-2.27.so
7f33257b1000-7f33257b2000 r--s 0001a000 08:03 51642433                   /home/roger/NetBeansProjects/SalesAssistant/dist/run425736247/lib/fontawesomefx-icons525-3.0.0-4.jar
7f33257b2000-7f33257b3000 r--s 00021000 08:03 51642432                   /home/roger/NetBeansProjects/SalesAssistant/dist/run425736247/lib/fontawesomefx-fontawesome-4.7.0-5.jar
7f33257b3000-7f33257b5000 r--s 00004000 08:03 51642431                   /home/roger/NetBeansProjects/SalesAssistant/dist/run425736247/lib/fontawesomefx-commons-8.15.jar
7f33257b5000-7f33257bc000 r--s 0008a000 08:03 51642430                   /home/roger/NetBeansProjects/SalesAssistant/dist/run425736247/lib/derbyclient.jar
7f33257bc000-7f33257c1000 rw-s 00000000 00:2c 124738                     /i915 (deleted)
7f33257c1000-7f33257c5000 rw-s 00000000 00:2c 128321                     /i915 (deleted)
7f33257c5000-7f33257c9000 rw-s 00000000 00:2c 128319                     /i915 (deleted)
7f33257c9000-7f33257ce000 rw-s 00000000 00:2c 128318                     /i915 (deleted)
7f33257ce000-7f33257d3000 rw-s 00000000 00:2c 126292                     /i915 (deleted)
7f33257d3000-7f332587d000 rw-p 00000000 00:00 0 
7f332587d000-7f332587e000 ---p 00000000 00:00 0 
7f332587e000-7f3325881000 ---p 00000000 00:00 0 
7f3325881000-7f3325982000 rw-p 00000000 00:00 0 
7f3325982000-7f3325983000 rw-s 00000000 00:05 124732                     /memfd:xshmfence (deleted)
7f3325983000-7f3325984000 rwxp 00000000 00:00 0 
7f3325984000-7f3325988000 rw-s 00000000 00:2c 126284                     /i915 (deleted)
7f3325988000-7f332598c000 rw-s 00000000 00:2c 126282                     /i915 (deleted)
7f332598c000-7f3325991000 rw-s 00000000 00:2c 126281                     /i915 (deleted)
7f3325991000-7f3325993000 r--s 0000a000 08:03 51642426                   /home/roger/NetBeansProjects/SalesAssistant/dist/run425736247/PetersProject.jar
7f3325993000-7f33259a6000 rw-p 00000000 00:00 0 
7f33259a6000-7f33259ae000 rw-s 00000000 00:2d 125681                     /tmp/hsperfdata_roger/10751
7f33259ae000-7f33259af000 rw-p 00000000 00:00 0 
7f33259af000-7f33259b0000 ---p 00000000 00:00 0 
7f33259b0000-7f33259b1000 r--p 00024000 08:02 264386                     /usr/lib/ld-2.27.so
7f33259b1000-7f33259b2000 rw-p 00025000 08:02 264386                     /usr/lib/ld-2.27.so
7f33259b2000-7f33259b3000 rw-p 00000000 00:00 0 
7ffe13b8a000-7ffe13bab000 rw-p 00000000 00:00 0                          [stack]
7ffe13bbe000-7ffe13bc1000 r--p 00000000 00:00 0                          [vvar]
7ffe13bc1000-7ffe13bc3000 r-xp 00000000 00:00 0                          [vdso]

VM Arguments:
jvm_args: -Dfile.encoding=UTF-8 
java_command: /home/roger/NetBeansProjects/SalesAssistant/dist/run425736247/PetersProject.jar
java_class_path (initial): /home/roger/NetBeansProjects/SalesAssistant/dist/run425736247/PetersProject.jar
Launcher Type: SUN_STANDARD

Environment Variables:
JAVA_HOME=/usr/lib/jvm/java-8-jdk
_JAVA_OPTIONS=
PATH=/usr/local/bin:/usr/bin:/bin:/usr/local/sbin:/usr/lib/jvm/default/bin:/usr/lib/jvm/java-8-jdk/bin/
LD_LIBRARY_PATH=/usr/lib/jvm/java-8-jdk/jre/lib/amd64:/usr/lib/jvm/java-8-jdk/jre/lib/i386:
SHELL=/bin/bash
DISPLAY=:0

Signal Handlers:
SIGSEGV: [libjvm.so+0xad2a40], sa_mask[0]=11111111011111111101111111111110, sa_flags=SA_RESTART|SA_SIGINFO
SIGBUS: [libjvm.so+0xad2a40], sa_mask[0]=11111111011111111101111111111110, sa_flags=SA_RESTART|SA_SIGINFO
SIGFPE: [libjvm.so+0x92a610], sa_mask[0]=11111111011111111101111111111110, sa_flags=SA_RESTART|SA_SIGINFO
SIGPIPE: SIG_IGN, sa_mask[0]=00000000000010000000000000000000, sa_flags=SA_RESTART
SIGXFSZ: [libjvm.so+0x92a610], sa_mask[0]=11111111011111111101111111111110, sa_flags=SA_RESTART|SA_SIGINFO
SIGILL: [libjvm.so+0x92a610], sa_mask[0]=11111111011111111101111111111110, sa_flags=SA_RESTART|SA_SIGINFO
SIGUSR1: SIG_DFL, sa_mask[0]=00000000000000000000000000000000, sa_flags=none
SIGUSR2: [libjvm.so+0x92be70], sa_mask[0]=00100000000000000000000000000000, sa_flags=SA_RESTART|SA_SIGINFO
SIGHUP: SIG_IGN, sa_mask[0]=00000000000000000000000000000000, sa_flags=none
SIGINT: SIG_IGN, sa_mask[0]=00000000000000000000000000000000, sa_flags=none
SIGTERM: [libjvm.so+0x92d270], sa_mask[0]=11111111011111111101111111111110, sa_flags=SA_RESTART|SA_SIGINFO
SIGQUIT: [libjvm.so+0x92d270], sa_mask[0]=11111111011111111101111111111110, sa_flags=SA_RESTART|SA_SIGINFO


---------------  S Y S T E M  ---------------

OS:LSB_VERSION=1.4
DISTRIB_ID=Arch
DISTRIB_RELEASE=rolling
DISTRIB_DESCRIPTION="Arch Linux"

uname:Linux 4.17.11-arch1 #1 SMP PREEMPT Sun Jul 29 10:11:16 UTC 2018 x86_64
libc:glibc 2.27 NPTL 2.27 
rlimit: STACK 8192k, CORE infinity, NPROC 15454, NOFILE 4096, AS infinity
load average:1.50 1.02 1.08

/proc/meminfo:
MemTotal:        3967964 kB
MemFree:          213928 kB
MemAvailable:    1411148 kB
Buffers:          101304 kB
Cached:          1092308 kB
SwapCached:          288 kB
Active:          2371428 kB
Inactive:        1159896 kB
Active(anon):    1787428 kB
Inactive(anon):   371976 kB
Active(file):     584000 kB
Inactive(file):   787920 kB
Unevictable:         112 kB
Mlocked:             112 kB
SwapTotal:       4194300 kB
SwapFree:        4193624 kB
Dirty:             13932 kB
Writeback:            56 kB
AnonPages:       2337716 kB
Mapped:           460196 kB
Shmem:            239016 kB
Slab:             109952 kB
SReclaimable:      64128 kB
SUnreclaim:        45824 kB
KernelStack:        9168 kB
PageTables:        28432 kB
NFS_Unstable:          0 kB
Bounce:                0 kB
WritebackTmp:          0 kB
CommitLimit:     6178280 kB
Committed_AS:    6063992 kB
VmallocTotal:   34359738367 kB
VmallocUsed:           0 kB
VmallocChunk:          0 kB
HardwareCorrupted:     0 kB
AnonHugePages:         0 kB
ShmemHugePages:        0 kB
ShmemPmdMapped:        0 kB
HugePages_Total:       0
HugePages_Free:        0
HugePages_Rsvd:        0
HugePages_Surp:        0
Hugepagesize:       2048 kB
Hugetlb:               0 kB
DirectMap4k:      134912 kB
DirectMap2M:     3985408 kB
DirectMap1G:     1048576 kB


CPU:total 4 (initial active 4) (2 cores per cpu, 2 threads per core) family 6 model 69 stepping 1, cmov, cx8, fxsr, mmx, sse, sse2, sse3, ssse3, sse4.1, sse4.2, popcnt, avx, avx2, aes, clmul, erms, lzcnt, ht, tsc, tscinvbit, bmi1, bmi2

/proc/cpuinfo:
processor	: 0
vendor_id	: GenuineIntel
cpu family	: 6
model		: 69
model name	: Intel(R) Core(TM) i5-4210U CPU @ 1.70GHz
stepping	: 1
microcode	: 0x1c
cpu MHz		: 1717.210
cache size	: 3072 KB
physical id	: 0
siblings	: 4
core id		: 0
cpu cores	: 2
apicid		: 0
initial apicid	: 0
fpu		: yes
fpu_exception	: yes
cpuid level	: 13
wp		: yes
flags		: fpu vme de pse tsc msr pae mce cx8 apic sep mtrr pge mca cmov pat pse36 clflush dts acpi mmx fxsr sse sse2 ss ht tm pbe syscall nx pdpe1gb rdtscp lm constant_tsc arch_perfmon pebs bts rep_good nopl xtopology nonstop_tsc cpuid aperfmperf pni pclmulqdq dtes64 monitor ds_cpl vmx est tm2 ssse3 sdbg fma cx16 xtpr pdcm pcid sse4_1 sse4_2 movbe popcnt aes xsave avx f16c rdrand lahf_lm abm cpuid_fault epb invpcid_single pti tpr_shadow vnmi flexpriority ept vpid fsgsbase tsc_adjust bmi1 avx2 smep bmi2 erms invpcid xsaveopt dtherm ida arat pln pts
bugs		: cpu_meltdown spectre_v1 spectre_v2 spec_store_bypass
bogomips	: 4790.37
clflush size	: 64
cache_alignment	: 64
address sizes	: 39 bits physical, 48 bits virtual
power management:

processor	: 1
vendor_id	: GenuineIntel
cpu family	: 6
model		: 69
model name	: Intel(R) Core(TM) i5-4210U CPU @ 1.70GHz
stepping	: 1
microcode	: 0x1c
cpu MHz		: 1732.647
cache size	: 3072 KB
physical id	: 0
siblings	: 4
core id		: 0
cpu cores	: 2
apicid		: 1
initial apicid	: 1
fpu		: yes
fpu_exception	: yes
cpuid level	: 13
wp		: yes
flags		: fpu vme de pse tsc msr pae mce cx8 apic sep mtrr pge mca cmov pat pse36 clflush dts acpi mmx fxsr sse sse2 ss ht tm pbe syscall nx pdpe1gb rdtscp lm constant_tsc arch_perfmon pebs bts rep_good nopl xtopology nonstop_tsc cpuid aperfmperf pni pclmulqdq dtes64 monitor ds_cpl vmx est tm2 ssse3 sdbg fma cx16 xtpr pdcm pcid sse4_1 sse4_2 movbe popcnt aes xsave avx f16c rdrand lahf_lm abm cpuid_fault epb invpcid_single pti tpr_shadow vnmi flexpriority ept vpid fsgsbase tsc_adjust bmi1 avx2 smep bmi2 erms invpcid xsaveopt dtherm ida arat pln pts
bugs		: cpu_meltdown spectre_v1 spectre_v2 spec_store_bypass
bogomips	: 4790.37
clflush size	: 64
cache_alignment	: 64
address sizes	: 39 bits physical, 48 bits virtual
power management:

processor	: 2
vendor_id	: GenuineIntel
cpu family	: 6
model		: 69
model name	: Intel(R) Core(TM) i5-4210U CPU @ 1.70GHz
stepping	: 1
microcode	: 0x1c
cpu MHz		: 1689.858
cache size	: 3072 KB
physical id	: 0
siblings	: 4
core id		: 1
cpu cores	: 2
apicid		: 2
initial apicid	: 2
fpu		: yes
fpu_exception	: yes
cpuid level	: 13
wp		: yes
flags		: fpu vme de pse tsc msr pae mce cx8 apic sep mtrr pge mca cmov pat pse36 clflush dts acpi mmx fxsr sse sse2 ss ht tm pbe syscall nx pdpe1gb rdtscp lm constant_tsc arch_perfmon pebs bts rep_good nopl xtopology nonstop_tsc cpuid aperfmperf pni pclmulqdq dtes64 monitor ds_cpl vmx est tm2 ssse3 sdbg fma cx16 xtpr pdcm pcid sse4_1 sse4_2 movbe popcnt aes xsave avx f16c rdrand lahf_lm abm cpuid_fault epb invpcid_single pti tpr_shadow vnmi flexpriority ept vpid fsgsbase tsc_adjust bmi1 avx2 smep bmi2 erms invpcid xsaveopt dtherm ida arat pln pts
bugs		: cpu_meltdown spectre_v1 spectre_v2 spec_store_bypass
bogomips	: 4790.37
clflush size	: 64
cache_alignment	: 64
address sizes	: 39 bits physical, 48 bits virtual
power management:

processor	: 3
vendor_id	: GenuineIntel
cpu family	: 6
model		: 69
model name	: Intel(R) Core(TM) i5-4210U CPU @ 1.70GHz
stepping	: 1
microcode	: 0x1c
cpu MHz		: 1778.532
cache size	: 3072 KB
physical id	: 0
siblings	: 4
core id		: 1
cpu cores	: 2
apicid		: 3
initial apicid	: 3
fpu		: yes
fpu_exception	: yes
cpuid level	: 13
wp		: yes
flags		: fpu vme de pse tsc msr pae mce cx8 apic sep mtrr pge mca cmov pat pse36 clflush dts acpi mmx fxsr sse sse2 ss ht tm pbe syscall nx pdpe1gb rdtscp lm constant_tsc arch_perfmon pebs bts rep_good nopl xtopology nonstop_tsc cpuid aperfmperf pni pclmulqdq dtes64 monitor ds_cpl vmx est tm2 ssse3 sdbg fma cx16 xtpr pdcm pcid sse4_1 sse4_2 movbe popcnt aes xsave avx f16c rdrand lahf_lm abm cpuid_fault epb invpcid_single pti tpr_shadow vnmi flexpriority ept vpid fsgsbase tsc_adjust bmi1 avx2 smep bmi2 erms invpcid xsaveopt dtherm ida arat pln pts
bugs		: cpu_meltdown spectre_v1 spectre_v2 spec_store_bypass
bogomips	: 4790.37
clflush size	: 64
cache_alignment	: 64
address sizes	: 39 bits physical, 48 bits virtual
power management:



Memory: 4k page, physical 3967964k(213680k free), swap 4194300k(4193624k free)

vm_info: Java HotSpot(TM) 64-Bit Server VM (25.181-b13) for linux-amd64 JRE (1.8.0_181-b13), built on Jul  7 2018 00:56:38 by "java_re" with gcc 4.3.0 20080428 (Red Hat 4.3.0-8)

time: Thu Aug  2 09:18:40 2018
elapsed time: 4 seconds (0d 0h 0m 4s)

